2022-02-21 23:14:29,081 INFO impl.MetricsConfig: Loaded properties from hadoop-metrics2.properties
2022-02-21 23:14:29,132 INFO impl.MetricsSystemImpl: Scheduled Metric snapshot period at 10 second(s).
2022-02-21 23:14:29,132 INFO impl.MetricsSystemImpl: JobTracker metrics system started
2022-02-21 23:14:29,183 WARN mapreduce.JobResourceUploader: Hadoop command-line option parsing not performed. Implement the Tool interface and execute your application with ToolRunner to remedy this.
2022-02-21 23:14:29,218 INFO input.FileInputFormat: Total input files to process : 12022-02-21 23:14:29,237 INFO mapreduce.JobSubmitter: number of splits:1
2022-02-21 23:14:29,315 INFO mapreduce.JobSubmitter: Submitting tokens for job: job_local1128945360_0001
2022-02-21 23:14:29,315 INFO mapreduce.JobSubmitter: Executing with tokens: []
2022-02-21 23:14:29,398 INFO mapreduce.Job: The url to track the job: http://localhost:8080/
2022-02-21 23:14:29,398 INFO mapreduce.Job: Running job: job_local1128945360_0001
2022-02-21 23:14:29,399 INFO mapred.LocalJobRunner: OutputCommitter set in config null
2022-02-21 23:14:29,406 INFO output.FileOutputCommitter: File Output Committer Algorithm version is 2
2022-02-21 23:14:29,406 INFO output.FileOutputCommitter: FileOutputCommitter skip cleanup _temporary folders under output directory:false, ignore cleanup failures: false
2022-02-21 23:14:29,406 INFO mapred.LocalJobRunner: OutputCommitter is org.apache.hadoop.mapreduce.lib.output.FileOutputCommitter
2022-02-21 23:14:29,437 INFO mapred.LocalJobRunner: Waiting for map tasks
2022-02-21 23:14:29,437 INFO mapred.LocalJobRunner: Starting task: attempt_local1128945360_0001_m_000000_0
2022-02-21 23:14:29,451 INFO output.FileOutputCommitter: File Output Committer Algorithm version is 2
2022-02-21 23:14:29,451 INFO output.FileOutputCommitter: FileOutputCommitter skip cleanup _temporary folders under output directory:false, ignore cleanup failures: false
2022-02-21 23:14:29,465 INFO mapred.Task:  Using ResourceCalculatorProcessTree : [ ]2022-02-21 23:14:29,468 INFO mapred.MapTask: Processing split: file:/home/ard5625/project1/small-twitter.csv:0+194759
2022-02-21 23:14:29,510 INFO mapred.MapTask: (EQUATOR) 0 kvi 26214396(104857584)
2022-02-21 23:14:29,510 INFO mapred.MapTask: mapreduce.task.io.sort.mb: 100
2022-02-21 23:14:29,510 INFO mapred.MapTask: soft limit at 83886080
2022-02-21 23:14:29,510 INFO mapred.MapTask: bufstart = 0; bufvoid = 104857600
2022-02-21 23:14:29,510 INFO mapred.MapTask: kvstart = 26214396; length = 6553600
2022-02-21 23:14:29,513 INFO mapred.MapTask: Map output collector class = org.apache.hadoop.mapred.MapTask$MapOutputBuffer
2022-02-21 23:14:29,827 INFO mapred.LocalJobRunner:
2022-02-21 23:14:29,827 INFO mapred.MapTask: Starting flush of map output
2022-02-21 23:14:29,827 INFO mapred.MapTask: Spilling map output
2022-02-21 23:14:29,827 INFO mapred.MapTask: bufstart = 0; bufend = 80000; bufvoid = 104857600
2022-02-21 23:14:29,827 INFO mapred.MapTask: kvstart = 26214396(104857584); kvend = 26174400(104697600); length = 39997/6553600
2022-02-21 23:14:29,867 INFO mapred.MapTask: Finished spill 0
2022-02-21 23:14:29,878 INFO mapred.Task: Task:attempt_local1128945360_0001_m_000000_0 is done. And is in the process of committing
2022-02-21 23:14:29,880 INFO mapred.LocalJobRunner: map
2022-02-21 23:14:29,880 INFO mapred.Task: Task 'attempt_local1128945360_0001_m_000000_0' done.
2022-02-21 23:14:29,885 INFO mapred.Task: Final Counters for attempt_local1128945360_0001_m_000000_0: Counters: 17
        File System Counters
                FILE: Number of bytes read=201471
                FILE: Number of bytes written=651871
ard5625@DESKTOP-5024F86:~/project1$
                FILE: Number of large read operations=0
                FILE: Number of write operations=0
        Map-Reduce Framework
                Map input records=10000
                Map output records=10000
                Map output bytes=80000
                Map output materialized bytes=100006
                Input split bytes=110
                Combine input records=0
                Spilled Records=10000
                Failed Shuffles=0
                Merged Map outputs=0
                GC time elapsed (ms)=20
                Total committed heap usage (bytes)=459800576
        File Input Format Counters
                Bytes Read=194759
2022-02-21 23:14:29,886 INFO mapred.LocalJobRunner: Finishing task: attempt_local1128945360_0001_m_000000_0
2022-02-21 23:14:29,887 INFO mapred.LocalJobRunner: map task executor complete.
2022-02-21 23:14:29,889 INFO mapred.LocalJobRunner: Waiting for reduce tasks
2022-02-21 23:14:29,890 INFO mapred.LocalJobRunner: Starting task: attempt_local1128945360_0001_r_000000_0
2022-02-21 23:14:29,896 INFO output.FileOutputCommitter: File Output Committer Algorithm version is 2
2022-02-21 23:14:29,896 INFO output.FileOutputCommitter: FileOutputCommitter skip cleanup _temporary folders under output directory:false, ignore cleanup failures: false
2022-02-21 23:14:29,896 INFO mapred.Task:  Using ResourceCalculatorProcessTree : [ ]2022-02-21 23:14:29,899 INFO mapred.ReduceTask: Using ShuffleConsumerPlugin: org.apache.hadoop.mapreduce.task.reduce.Shuffle@29cf295d
2022-02-21 23:14:29,900 WARN impl.MetricsSystemImpl: JobTracker metrics system already initialized!
2022-02-21 23:14:29,911 INFO reduce.MergeManagerImpl: MergerManager: memoryLimit=1276431488, maxSingleShuffleLimit=319107872, mergeThreshold=842444800, ioSortFactor=10, memToMemMergeOutputsThreshold=10
2022-02-21 23:14:29,914 INFO reduce.EventFetcher: attempt_local1128945360_0001_r_000000_0 Thread started: EventFetcher for fetching Map Completion Events
2022-02-21 23:14:29,938 INFO reduce.LocalFetcher: localfetcher#1 about to shuffle output of map attempt_local1128945360_0001_m_000000_0 decomp: 100002 len: 100006 to MEMORY
2022-02-21 23:14:29,942 INFO reduce.InMemoryMapOutput: Read 100002 bytes from map-output for attempt_local1128945360_0001_m_000000_0
2022-02-21 23:14:29,943 INFO reduce.MergeManagerImpl: closeInMemoryFile -> map-output of size: 100002, inMemoryMapOutputs.size() -> 1, commitMemory -> 0, usedMemory ->100002
2022-02-21 23:14:29,944 INFO reduce.EventFetcher: EventFetcher is interrupted.. Returning
2022-02-21 23:14:29,946 INFO mapred.LocalJobRunner: 1 / 1 copied.
2022-02-21 23:14:29,946 INFO reduce.MergeManagerImpl: finalMerge called with 1 in-memory map-outputs and 0 on-disk map-outputs
2022-02-21 23:14:29,950 INFO mapred.Merger: Merging 1 sorted segments
2022-02-21 23:14:29,950 INFO mapred.Merger: Down to the last merge-pass, with 1 segments left of total size: 99996 bytes
2022-02-21 23:14:29,964 INFO reduce.MergeManagerImpl: Merged 1 segments, 100002 bytes to disk to satisfy reduce memory limit
2022-02-21 23:14:29,965 INFO reduce.MergeManagerImpl: Merging 1 files, 100006 bytes from disk
2022-02-21 23:14:29,965 INFO reduce.MergeManagerImpl: Merging 0 segments, 0 bytes from memory into reduce
2022-02-21 23:14:29,966 INFO mapred.Merger: Merging 1 sorted segments
2022-02-21 23:14:29,966 INFO mapred.Merger: Down to the last merge-pass, with 1 segments left of total size: 99996 bytes
2022-02-21 23:14:29,967 INFO mapred.LocalJobRunner: 1 / 1 copied.
2022-02-21 23:14:29,970 INFO Configuration.deprecation: mapred.skip.on is deprecated. Instead, use mapreduce.job.skiprecords
2022-02-21 23:14:30,012 INFO mapred.Task: Task:attempt_local1128945360_0001_r_000000_0 is done. And is in the process of committing
2022-02-21 23:14:30,013 INFO mapred.LocalJobRunner: 1 / 1 copied.
2022-02-21 23:14:30,013 INFO mapred.Task: Task attempt_local1128945360_0001_r_000000_0 is allowed to commit now
2022-02-21 23:14:30,016 INFO output.FileOutputCommitter: Saved output of task 'attempt_local1128945360_0001_r_000000_0' to file:/home/ard5625/project1/temp
2022-02-21 23:14:30,017 INFO mapred.LocalJobRunner: reduce > reduce
2022-02-21 23:14:30,017 INFO mapred.Task: Task 'attempt_local1128945360_0001_r_000000_0' done.
2022-02-21 23:14:30,017 INFO mapred.Task: Final Counters for attempt_local1128945360_0001_r_000000_0: Counters: 24
        File System Counters
                FILE: Number of bytes read=401515
                FILE: Number of bytes written=858209
                FILE: Number of read operations=0
                FILE: Number of large read operations=0
                FILE: Number of write operations=0
        Map-Reduce Framework
                Combine input records=0
                Combine output records=0
                Reduce input groups=9191
                Reduce shuffle bytes=100006
                Reduce input records=10000
                Reduce output records=9191
                Spilled Records=10000
                Shuffled Maps =1
                Failed Shuffles=0
                Merged Map outputs=1
                GC time elapsed (ms)=0
                Total committed heap usage (bytes)=459800576
        Shuffle Errors
                BAD_ID=0
                CONNECTION=0
                IO_ERROR=0
                WRONG_LENGTH=0
                WRONG_MAP=0
                WRONG_REDUCE=0
        File Output Format Counters
                Bytes Written=106332
2022-02-21 23:14:30,017 INFO mapred.LocalJobRunner: Finishing task: attempt_local1128945360_0001_r_000000_0
2022-02-21 23:14:30,018 INFO mapred.LocalJobRunner: reduce task executor complete.
2022-02-21 23:14:30,403 INFO mapreduce.Job: Job job_local1128945360_0001 running in uber mode : false
2022-02-21 23:14:30,404 INFO mapreduce.Job:  map 100% reduce 100%
2022-02-21 23:14:30,406 INFO mapreduce.Job: Job job_local1128945360_0001 completed successfully
2022-02-21 23:14:30,420 INFO mapreduce.Job: Counters: 30
        File System Counters
                FILE: Number of bytes read=602986
                FILE: Number of bytes written=1510080
                FILE: Number of read operations=0
                FILE: Number of large read operations=0
                FILE: Number of write operations=0
        Map-Reduce Framework
                Map input records=10000
                Map output records=10000
                Map output bytes=80000
                Map output materialized bytes=100006
                Input split bytes=110
                Combine input records=0
                Combine output records=0
                Reduce input groups=9191
                Reduce shuffle bytes=100006
                Reduce input records=10000
                Reduce output records=9191
                Spilled Records=20000
                Shuffled Maps =1
                Failed Shuffles=0
                Merged Map outputs=1
                GC time elapsed (ms)=20
                Total committed heap usage (bytes)=919601152
        Shuffle Errors
                BAD_ID=0
                CONNECTION=0
                IO_ERROR=0
                WRONG_LENGTH=0
                WRONG_MAP=0
                WRONG_REDUCE=0
        File Input Format Counters
                Bytes Read=194759
        File Output Format Counters
                Bytes Written=106332
2022-02-21 23:14:30,436 WARN impl.MetricsSystemImpl: JobTracker metrics system already initialized!
2022-02-21 23:14:30,439 WARN mapreduce.JobResourceUploader: Hadoop command-line option parsing not performed. Implement the Tool interface and execute your application with ToolRunner to remedy this.
2022-02-21 23:14:30,444 INFO input.FileInputFormat: Total input files to process : 12022-02-21 23:14:30,447 INFO mapreduce.JobSubmitter: number of splits:1
2022-02-21 23:14:30,463 INFO mapreduce.JobSubmitter: Submitting tokens for job: job_local1385889885_0002
2022-02-21 23:14:30,463 INFO mapreduce.JobSubmitter: Executing with tokens: []
2022-02-21 23:14:30,513 INFO mapreduce.Job: The url to track the job: http://localhost:8080/
2022-02-21 23:14:30,513 INFO mapreduce.Job: Running job: job_local1385889885_0002
2022-02-21 23:14:30,514 INFO mapred.LocalJobRunner: OutputCommitter set in config null
2022-02-21 23:14:30,515 INFO output.FileOutputCommitter: File Output Committer Algorithm version is 2
2022-02-21 23:14:30,515 INFO output.FileOutputCommitter: FileOutputCommitter skip cleanup _temporary folders under output directory:false, ignore cleanup failures: false
2022-02-21 23:14:30,515 INFO mapred.LocalJobRunner: OutputCommitter is org.apache.hadoop.mapreduce.lib.output.FileOutputCommitter
2022-02-21 23:14:30,518 INFO mapred.LocalJobRunner: Waiting for map tasks
2022-02-21 23:14:30,519 INFO mapred.LocalJobRunner: Starting task: attempt_local1385889885_0002_m_000000_0
2022-02-21 23:14:30,520 INFO output.FileOutputCommitter: File Output Committer Algorithm version is 2
2022-02-21 23:14:30,520 INFO output.FileOutputCommitter: FileOutputCommitter skip cleanup _temporary folders under output directory:false, ignore cleanup failures: false
2022-02-21 23:14:30,521 INFO mapred.Task:  Using ResourceCalculatorProcessTree : [ ]2022-02-21 23:14:30,522 INFO mapred.MapTask: Processing split: file:/home/ard5625/project1/temp/part-r-00000:0+105496
2022-02-21 23:14:30,535 INFO mapred.MapTask: (EQUATOR) 0 kvi 26214396(104857584)
2022-02-21 23:14:30,535 INFO mapred.MapTask: mapreduce.task.io.sort.mb: 100
2022-02-21 23:14:30,535 INFO mapred.MapTask: soft limit at 83886080
2022-02-21 23:14:30,535 INFO mapred.MapTask: bufstart = 0; bufvoid = 104857600
2022-02-21 23:14:30,535 INFO mapred.MapTask: kvstart = 26214396; length = 6553600
2022-02-21 23:14:30,536 INFO mapred.MapTask: Map output collector class = org.apache.hadoop.mapred.MapTask$MapOutputBuffer
2022-02-21 23:14:30,857 INFO mapred.LocalJobRunner:
2022-02-21 23:14:30,857 INFO mapred.MapTask: Starting flush of map output
2022-02-21 23:14:30,857 INFO mapred.MapTask: Spilling map output
2022-02-21 23:14:30,857 INFO mapred.MapTask: bufstart = 0; bufend = 73528; bufvoid = 104857600
2022-02-21 23:14:30,857 INFO mapred.MapTask: kvstart = 26214396(104857584); kvend = 26177636(104710544); length = 36761/6553600
2022-02-21 23:14:30,866 INFO mapred.MapTask: Finished spill 0
2022-02-21 23:14:30,868 INFO mapred.Task: Task:attempt_local1385889885_0002_m_000000_0 is done. And is in the process of committing
2022-02-21 23:14:30,869 INFO mapred.LocalJobRunner: map
2022-02-21 23:14:30,869 INFO mapred.Task: Task 'attempt_local1385889885_0002_m_000000_0' done.
2022-02-21 23:14:30,869 INFO mapred.Task: Final Counters for attempt_local1385889885_0002_m_000000_0: Counters: 17
        File System Counters
                FILE: Number of bytes read=514563
                FILE: Number of bytes written=1501976
                FILE: Number of read operations=0
                FILE: Number of large read operations=0
                FILE: Number of write operations=0
        Map-Reduce Framework
                Map input records=9191
                Map output records=9191
                Map output bytes=73528
                Map output materialized bytes=91916
                Input split bytes=110
                Combine input records=0
                Spilled Records=9191
                Failed Shuffles=0
                Merged Map outputs=0
                GC time elapsed (ms)=164
                Total committed heap usage (bytes)=788529152
        File Input Format Counters
                Bytes Read=106336
2022-02-21 23:14:30,870 INFO mapred.LocalJobRunner: Finishing task: attempt_local1385889885_0002_m_000000_0
2022-02-21 23:14:30,870 INFO mapred.LocalJobRunner: map task executor complete.
2022-02-21 23:14:30,871 INFO mapred.LocalJobRunner: Waiting for reduce tasks
2022-02-21 23:14:30,871 INFO mapred.LocalJobRunner: Starting task: attempt_local1385889885_0002_r_000000_0
2022-02-21 23:14:30,872 INFO output.FileOutputCommitter: File Output Committer Algorithm version is 2
2022-02-21 23:14:30,872 INFO output.FileOutputCommitter: FileOutputCommitter skip cleanup _temporary folders under output directory:false, ignore cleanup failures: false
2022-02-21 23:14:30,872 INFO mapred.Task:  Using ResourceCalculatorProcessTree : [ ]2022-02-21 23:14:30,872 INFO mapred.ReduceTask: Using ShuffleConsumerPlugin: org.apache.hadoop.mapreduce.task.reduce.Shuffle@38b1e6b
2022-02-21 23:14:30,873 WARN impl.MetricsSystemImpl: JobTracker metrics system already initialized!
2022-02-21 23:14:30,874 INFO reduce.MergeManagerImpl: MergerManager: memoryLimit=1276431488, maxSingleShuffleLimit=319107872, mergeThreshold=842444800, ioSortFactor=10, memToMemMergeOutputsThreshold=10
2022-02-21 23:14:30,875 INFO reduce.EventFetcher: attempt_local1385889885_0002_r_000000_0 Thread started: EventFetcher for fetching Map Completion Events
2022-02-21 23:14:30,877 INFO reduce.LocalFetcher: localfetcher#2 about to shuffle output of map attempt_local1385889885_0002_m_000000_0 decomp: 91912 len: 91916 to MEMORY
2022-02-21 23:14:30,877 INFO reduce.InMemoryMapOutput: Read 91912 bytes from map-output for attempt_local1385889885_0002_m_000000_0
2022-02-21 23:14:30,878 INFO reduce.MergeManagerImpl: closeInMemoryFile -> map-output of size: 91912, inMemoryMapOutputs.size() -> 1, commitMemory -> 0, usedMemory ->91912
2022-02-21 23:14:30,878 INFO reduce.EventFetcher: EventFetcher is interrupted.. Returning
2022-02-21 23:14:30,878 INFO mapred.LocalJobRunner: 1 / 1 copied.
2022-02-21 23:14:30,879 INFO reduce.MergeManagerImpl: finalMerge called with 1 in-memory map-outputs and 0 on-disk map-outputs
2022-02-21 23:14:30,880 INFO mapred.Merger: Merging 1 sorted segments
2022-02-21 23:14:30,880 INFO mapred.Merger: Down to the last merge-pass, with 1 segments left of total size: 91906 bytes
2022-02-21 23:14:30,885 INFO reduce.MergeManagerImpl: Merged 1 segments, 91912 bytes to disk to satisfy reduce memory limit
2022-02-21 23:14:30,886 INFO reduce.MergeManagerImpl: Merging 1 files, 91916 bytes from disk
2022-02-21 23:14:30,886 INFO reduce.MergeManagerImpl: Merging 0 segments, 0 bytes from memory into reduce
2022-02-21 23:14:30,886 INFO mapred.Merger: Merging 1 sorted segments
2022-02-21 23:14:30,886 INFO mapred.Merger: Down to the last merge-pass, with 1 segments left of total size: 91906 bytes
2022-02-21 23:14:30,887 INFO mapred.LocalJobRunner: 1 / 1 copied.
2022-02-21 23:14:30,900 INFO mapred.Task: Task:attempt_local1385889885_0002_r_000000_0 is done. And is in the process of committing
2022-02-21 23:14:30,901 INFO mapred.LocalJobRunner: 1 / 1 copied.
2022-02-21 23:14:30,901 INFO mapred.Task: Task attempt_local1385889885_0002_r_000000_0 is allowed to commit now
2022-02-21 23:14:30,903 INFO output.FileOutputCommitter: Saved output of task 'attempt_local1385889885_0002_r_000000_0' to file:/home/ard5625/project1/output
2022-02-21 23:14:30,904 INFO mapred.LocalJobRunner: reduce > reduce
2022-02-21 23:14:30,904 INFO mapred.Task: Task 'attempt_local1385889885_0002_r_000000_0' done.
2022-02-21 23:14:30,904 INFO mapred.Task: Final Counters for attempt_local1385889885_0002_r_000000_0: Counters: 24
        File System Counters
                FILE: Number of bytes read=698427
                FILE: Number of bytes written=1593939
                FILE: Number of read operations=0
                FILE: Number of large read operations=0
                FILE: Number of write operations=0
        Map-Reduce Framework
                Combine input records=0
                Combine output records=0
                Reduce input groups=7
                Reduce shuffle bytes=91916
                Reduce input records=9191
                Reduce output records=7
                Spilled Records=9191
                Shuffled Maps =1
                Failed Shuffles=0
                Merged Map outputs=1
                GC time elapsed (ms)=0
                Total committed heap usage (bytes)=788529152
        Shuffle Errors
                BAD_ID=0
                CONNECTION=0
                IO_ERROR=0
                WRONG_LENGTH=0
                WRONG_MAP=0
                WRONG_REDUCE=0
        File Output Format Counters
                Bytes Written=47
2022-02-21 23:14:30,904 INFO mapred.LocalJobRunner: Finishing task: attempt_local1385889885_0002_r_000000_0
2022-02-21 23:14:30,905 INFO mapred.LocalJobRunner: reduce task executor complete.
2022-02-21 23:14:31,513 INFO mapreduce.Job: Job job_local1385889885_0002 running in uber mode : false
2022-02-21 23:14:31,514 INFO mapreduce.Job:  map 100% reduce 100%
2022-02-21 23:14:31,514 INFO mapreduce.Job: Job job_local1385889885_0002 completed successfully
2022-02-21 23:14:31,517 INFO mapreduce.Job: Counters: 30
        File System Counters
                FILE: Number of bytes read=1212990
                FILE: Number of bytes written=3095915
                FILE: Number of read operations=0
                FILE: Number of large read operations=0
                FILE: Number of write operations=0
        Map-Reduce Framework
                Map input records=9191
                Map output records=9191
                Map output bytes=73528
                Map output materialized bytes=91916
                Input split bytes=110
                Combine input records=0
                Combine output records=0
                Reduce input groups=7
                Reduce shuffle bytes=91916
                Reduce input records=9191
                Reduce output records=7
                Spilled Records=18382
                Shuffled Maps =1
                Failed Shuffles=0
                Merged Map outputs=1
                GC time elapsed (ms)=164
                Total committed heap usage (bytes)=1577058304
        Shuffle Errors
                BAD_ID=0
                CONNECTION=0
                IO_ERROR=0
                WRONG_LENGTH=0
                WRONG_MAP=0
                WRONG_REDUCE=0
        File Input Format Counters
                Bytes Read=106336
        File Output Format Counters
                Bytes Written=47