WARNING: An illegal reflective access operation has occurred
WARNING: Illegal reflective access by org.apache.spark.unsafe.Platform (file:/expanse/lustre/projects/uot143/fegaras/spark-3.1.2-bin-hadoop3.2/jars/spark-unsafe_2.12-3.1.2.jar) to constructor java.nio.DirectByteBuffer(long,int)
WARNING: Please consider reporting this to the maintainers of org.apache.spark.unsafe.Platform
WARNING: Use --illegal-access=warn to enable warnings of further illegal reflective access operations
WARNING: All illegal access operations will be denied in a future release
22/04/07 09:44:54 WARN NativeCodeLoader: Unable to load native-hadoop library for your platform... using builtin-java classes where applicable
Using Spark's default log4j profile: org/apache/spark/log4j-defaults.properties
22/04/07 09:44:54 INFO SparkContext: Running Spark version 3.1.2
22/04/07 09:44:54 INFO ResourceUtils: ==============================================================
22/04/07 09:44:54 INFO ResourceUtils: No custom resources configured for spark.driver.
22/04/07 09:44:54 INFO ResourceUtils: ==============================================================
22/04/07 09:44:54 INFO SparkContext: Submitted application: Graph
22/04/07 09:44:54 INFO ResourceProfile: Default ResourceProfile created, executor resources: Map(cores -> name: cores, amount: 1, script: , vendor: , memory -> name: memory, amount: 1024, script: , vendor: , offHeap -> name: offHeap, amount: 0, script: , vendor: ), task resources: Map(cpus -> name: cpus, amount: 1.0)
22/04/07 09:44:54 INFO ResourceProfile: Limiting resource is cpu
22/04/07 09:44:54 INFO ResourceProfileManager: Added ResourceProfile id: 0
22/04/07 09:44:54 INFO SecurityManager: Changing view acls to: ard5625
22/04/07 09:44:54 INFO SecurityManager: Changing modify acls to: ard5625
22/04/07 09:44:54 INFO SecurityManager: Changing view acls groups to: 
22/04/07 09:44:54 INFO SecurityManager: Changing modify acls groups to: 
22/04/07 09:44:54 INFO SecurityManager: SecurityManager: authentication disabled; ui acls disabled; users  with view permissions: Set(ard5625); groups with view permissions: Set(); users  with modify permissions: Set(ard5625); groups with modify permissions: Set()
22/04/07 09:44:54 INFO Utils: Successfully started service 'sparkDriver' on port 43107.
22/04/07 09:44:54 INFO SparkEnv: Registering MapOutputTracker
22/04/07 09:44:54 INFO SparkEnv: Registering BlockManagerMaster
22/04/07 09:44:54 INFO BlockManagerMasterEndpoint: Using org.apache.spark.storage.DefaultTopologyMapper for getting topology information
22/04/07 09:44:54 INFO BlockManagerMasterEndpoint: BlockManagerMasterEndpoint up
22/04/07 09:44:54 INFO SparkEnv: Registering BlockManagerMasterHeartbeat
22/04/07 09:44:54 INFO DiskBlockManager: Created local directory at /tmp/blockmgr-d7279e6e-d006-4890-a808-d0001d88e585
22/04/07 09:44:54 INFO MemoryStore: MemoryStore started with capacity 434.4 MiB
22/04/07 09:44:54 INFO SparkEnv: Registering OutputCommitCoordinator
22/04/07 09:44:54 INFO Utils: Successfully started service 'SparkUI' on port 4040.
22/04/07 09:44:55 INFO SparkUI: Bound SparkUI to 0.0.0.0, and started at http://exp-1-20.expanse.sdsc.edu:4040
22/04/07 09:44:55 INFO SparkContext: Added JAR file:/home/ard5625/project5/graph.jar at spark://exp-1-20.expanse.sdsc.edu:43107/jars/graph.jar with timestamp 1649349894272
22/04/07 09:44:55 INFO Executor: Starting executor ID driver on host exp-1-20.expanse.sdsc.edu
22/04/07 09:44:55 INFO Executor: Fetching spark://exp-1-20.expanse.sdsc.edu:43107/jars/graph.jar with timestamp 1649349894272
22/04/07 09:44:55 INFO TransportClientFactory: Successfully created connection to exp-1-20.expanse.sdsc.edu/198.202.103.235:43107 after 39 ms (0 ms spent in bootstraps)
22/04/07 09:44:55 INFO Utils: Fetching spark://exp-1-20.expanse.sdsc.edu:43107/jars/graph.jar to /tmp/spark-1d718e0d-7de6-4819-8639-ac8e6d214159/userFiles-2e2dc6a3-a8c1-4946-a5a4-7243f6e90c64/fetchFileTemp5644988197608935474.tmp
22/04/07 09:44:55 INFO Executor: Adding file:/tmp/spark-1d718e0d-7de6-4819-8639-ac8e6d214159/userFiles-2e2dc6a3-a8c1-4946-a5a4-7243f6e90c64/graph.jar to class loader
22/04/07 09:44:55 INFO Utils: Successfully started service 'org.apache.spark.network.netty.NettyBlockTransferService' on port 46053.
22/04/07 09:44:55 INFO NettyBlockTransferService: Server created on exp-1-20.expanse.sdsc.edu:46053
22/04/07 09:44:55 INFO BlockManager: Using org.apache.spark.storage.RandomBlockReplicationPolicy for block replication policy
22/04/07 09:44:55 INFO BlockManagerMaster: Registering BlockManager BlockManagerId(driver, exp-1-20.expanse.sdsc.edu, 46053, None)
22/04/07 09:44:55 INFO BlockManagerMasterEndpoint: Registering block manager exp-1-20.expanse.sdsc.edu:46053 with 434.4 MiB RAM, BlockManagerId(driver, exp-1-20.expanse.sdsc.edu, 46053, None)
22/04/07 09:44:55 INFO BlockManagerMaster: Registered BlockManager BlockManagerId(driver, exp-1-20.expanse.sdsc.edu, 46053, None)
22/04/07 09:44:55 INFO BlockManager: Initialized BlockManager: BlockManagerId(driver, exp-1-20.expanse.sdsc.edu, 46053, None)
22/04/07 09:44:56 INFO MemoryStore: Block broadcast_0 stored as values in memory (estimated size 175.9 KiB, free 434.2 MiB)
22/04/07 09:44:56 INFO MemoryStore: Block broadcast_0_piece0 stored as bytes in memory (estimated size 27.1 KiB, free 434.2 MiB)
22/04/07 09:44:56 INFO BlockManagerInfo: Added broadcast_0_piece0 in memory on exp-1-20.expanse.sdsc.edu:46053 (size: 27.1 KiB, free: 434.4 MiB)
22/04/07 09:44:56 INFO SparkContext: Created broadcast 0 from textFile at Graph.scala:14
22/04/07 09:44:56 INFO FileInputFormat: Total input files to process : 1
22/04/07 09:44:56 INFO SparkContext: Starting job: sortByKey at Graph.scala:30
22/04/07 09:44:56 INFO DAGScheduler: Registering RDD 2 (map at Graph.scala:15) as input to shuffle 12
22/04/07 09:44:56 INFO DAGScheduler: Registering RDD 2 (map at Graph.scala:15) as input to shuffle 1
22/04/07 09:44:56 INFO DAGScheduler: Registering RDD 4 (map at Graph.scala:19) as input to shuffle 0
22/04/07 09:44:56 INFO DAGScheduler: Registering RDD 2 (map at Graph.scala:15) as input to shuffle 2
22/04/07 09:44:56 INFO DAGScheduler: Registering RDD 8 (flatMap at Graph.scala:23) as input to shuffle 11
22/04/07 09:44:56 INFO DAGScheduler: Registering RDD 13 (flatMap at Graph.scala:23) as input to shuffle 10
22/04/07 09:44:56 INFO DAGScheduler: Registering RDD 2 (map at Graph.scala:15) as input to shuffle 3
22/04/07 09:44:56 INFO DAGScheduler: Registering RDD 2 (map at Graph.scala:15) as input to shuffle 4
22/04/07 09:44:56 INFO DAGScheduler: Registering RDD 18 (flatMap at Graph.scala:23) as input to shuffle 9
22/04/07 09:44:56 INFO DAGScheduler: Registering RDD 2 (map at Graph.scala:15) as input to shuffle 5
22/04/07 09:44:56 INFO DAGScheduler: Registering RDD 23 (flatMap at Graph.scala:23) as input to shuffle 8
22/04/07 09:44:56 INFO DAGScheduler: Registering RDD 28 (flatMap at Graph.scala:23) as input to shuffle 7
22/04/07 09:44:56 INFO DAGScheduler: Registering RDD 31 (map at Graph.scala:28) as input to shuffle 6
22/04/07 09:44:56 INFO DAGScheduler: Got job 0 (sortByKey at Graph.scala:30) with 2 output partitions
22/04/07 09:44:56 INFO DAGScheduler: Final stage: ResultStage 13 (sortByKey at Graph.scala:30)
22/04/07 09:44:56 INFO DAGScheduler: Parents of final stage: List(ShuffleMapStage 12)
22/04/07 09:44:56 INFO DAGScheduler: Missing parents: List(ShuffleMapStage 12)
22/04/07 09:44:56 INFO DAGScheduler: Submitting ShuffleMapStage 9 (MapPartitionsRDD[2] at map at Graph.scala:15), which has no missing parents
22/04/07 09:44:56 INFO MemoryStore: Block broadcast_1 stored as values in memory (estimated size 5.7 KiB, free 434.2 MiB)
22/04/07 09:44:56 INFO MemoryStore: Block broadcast_1_piece0 stored as bytes in memory (estimated size 3.3 KiB, free 434.2 MiB)
22/04/07 09:44:56 INFO BlockManagerInfo: Added broadcast_1_piece0 in memory on exp-1-20.expanse.sdsc.edu:46053 (size: 3.3 KiB, free: 434.4 MiB)
22/04/07 09:44:56 INFO SparkContext: Created broadcast 1 from broadcast at DAGScheduler.scala:1388
22/04/07 09:44:56 INFO DAGScheduler: Submitting 2 missing tasks from ShuffleMapStage 9 (MapPartitionsRDD[2] at map at Graph.scala:15) (first 15 tasks are for partitions Vector(0, 1))
22/04/07 09:44:56 INFO TaskSchedulerImpl: Adding task set 9.0 with 2 tasks resource profile 0
22/04/07 09:44:56 INFO DAGScheduler: Submitting ShuffleMapStage 7 (MapPartitionsRDD[2] at map at Graph.scala:15), which has no missing parents
22/04/07 09:44:56 INFO MemoryStore: Block broadcast_2 stored as values in memory (estimated size 5.7 KiB, free 434.2 MiB)
22/04/07 09:44:56 INFO MemoryStore: Block broadcast_2_piece0 stored as bytes in memory (estimated size 3.3 KiB, free 434.2 MiB)
22/04/07 09:44:56 INFO BlockManagerInfo: Added broadcast_2_piece0 in memory on exp-1-20.expanse.sdsc.edu:46053 (size: 3.3 KiB, free: 434.4 MiB)
22/04/07 09:44:56 INFO SparkContext: Created broadcast 2 from broadcast at DAGScheduler.scala:1388
22/04/07 09:44:56 INFO DAGScheduler: Submitting 2 missing tasks from ShuffleMapStage 7 (MapPartitionsRDD[2] at map at Graph.scala:15) (first 15 tasks are for partitions Vector(0, 1))
22/04/07 09:44:56 INFO TaskSchedulerImpl: Adding task set 7.0 with 2 tasks resource profile 0
22/04/07 09:44:56 INFO TaskSetManager: Starting task 0.0 in stage 9.0 (TID 0) (exp-1-20.expanse.sdsc.edu, executor driver, partition 0, PROCESS_LOCAL, 4501 bytes) taskResourceAssignments Map()
22/04/07 09:44:56 INFO TaskSetManager: Starting task 1.0 in stage 9.0 (TID 1) (exp-1-20.expanse.sdsc.edu, executor driver, partition 1, PROCESS_LOCAL, 4501 bytes) taskResourceAssignments Map()
22/04/07 09:44:56 INFO DAGScheduler: Submitting ShuffleMapStage 3 (MapPartitionsRDD[2] at map at Graph.scala:15), which has no missing parents
22/04/07 09:44:56 INFO MemoryStore: Block broadcast_3 stored as values in memory (estimated size 5.7 KiB, free 434.2 MiB)
22/04/07 09:44:56 INFO MemoryStore: Block broadcast_3_piece0 stored as bytes in memory (estimated size 3.3 KiB, free 434.2 MiB)
22/04/07 09:44:56 INFO BlockManagerInfo: Added broadcast_3_piece0 in memory on exp-1-20.expanse.sdsc.edu:46053 (size: 3.3 KiB, free: 434.4 MiB)
22/04/07 09:44:56 INFO SparkContext: Created broadcast 3 from broadcast at DAGScheduler.scala:1388
22/04/07 09:44:56 INFO DAGScheduler: Submitting 2 missing tasks from ShuffleMapStage 3 (MapPartitionsRDD[2] at map at Graph.scala:15) (first 15 tasks are for partitions Vector(0, 1))
22/04/07 09:44:56 INFO TaskSchedulerImpl: Adding task set 3.0 with 2 tasks resource profile 0
22/04/07 09:44:56 INFO DAGScheduler: Submitting ShuffleMapStage 1 (MapPartitionsRDD[2] at map at Graph.scala:15), which has no missing parents
22/04/07 09:44:56 INFO MemoryStore: Block broadcast_4 stored as values in memory (estimated size 5.7 KiB, free 434.2 MiB)
22/04/07 09:44:56 INFO MemoryStore: Block broadcast_4_piece0 stored as bytes in memory (estimated size 3.3 KiB, free 434.2 MiB)
22/04/07 09:44:56 INFO BlockManagerInfo: Added broadcast_4_piece0 in memory on exp-1-20.expanse.sdsc.edu:46053 (size: 3.3 KiB, free: 434.4 MiB)
22/04/07 09:44:56 INFO SparkContext: Created broadcast 4 from broadcast at DAGScheduler.scala:1388
22/04/07 09:44:56 INFO Executor: Running task 1.0 in stage 9.0 (TID 1)
22/04/07 09:44:56 INFO Executor: Running task 0.0 in stage 9.0 (TID 0)
22/04/07 09:44:56 INFO DAGScheduler: Submitting 2 missing tasks from ShuffleMapStage 1 (MapPartitionsRDD[2] at map at Graph.scala:15) (first 15 tasks are for partitions Vector(0, 1))
22/04/07 09:44:56 INFO TaskSchedulerImpl: Adding task set 1.0 with 2 tasks resource profile 0
22/04/07 09:44:56 INFO DAGScheduler: Submitting ShuffleMapStage 0 (MapPartitionsRDD[2] at map at Graph.scala:15), which has no missing parents
22/04/07 09:44:56 INFO MemoryStore: Block broadcast_5 stored as values in memory (estimated size 7.3 KiB, free 434.2 MiB)
22/04/07 09:44:56 INFO MemoryStore: Block broadcast_5_piece0 stored as bytes in memory (estimated size 4.1 KiB, free 434.2 MiB)
22/04/07 09:44:56 INFO BlockManagerInfo: Added broadcast_5_piece0 in memory on exp-1-20.expanse.sdsc.edu:46053 (size: 4.1 KiB, free: 434.4 MiB)
22/04/07 09:44:56 INFO SparkContext: Created broadcast 5 from broadcast at DAGScheduler.scala:1388
22/04/07 09:44:56 INFO DAGScheduler: Submitting 2 missing tasks from ShuffleMapStage 0 (MapPartitionsRDD[2] at map at Graph.scala:15) (first 15 tasks are for partitions Vector(0, 1))
22/04/07 09:44:56 INFO TaskSchedulerImpl: Adding task set 0.0 with 2 tasks resource profile 0
22/04/07 09:44:56 INFO DAGScheduler: Submitting ShuffleMapStage 6 (MapPartitionsRDD[2] at map at Graph.scala:15), which has no missing parents
22/04/07 09:44:56 INFO MemoryStore: Block broadcast_6 stored as values in memory (estimated size 5.7 KiB, free 434.2 MiB)
22/04/07 09:44:56 INFO MemoryStore: Block broadcast_6_piece0 stored as bytes in memory (estimated size 3.3 KiB, free 434.1 MiB)
22/04/07 09:44:56 INFO BlockManagerInfo: Added broadcast_6_piece0 in memory on exp-1-20.expanse.sdsc.edu:46053 (size: 3.3 KiB, free: 434.4 MiB)
22/04/07 09:44:56 INFO SparkContext: Created broadcast 6 from broadcast at DAGScheduler.scala:1388
22/04/07 09:44:56 INFO DAGScheduler: Submitting 2 missing tasks from ShuffleMapStage 6 (MapPartitionsRDD[2] at map at Graph.scala:15) (first 15 tasks are for partitions Vector(0, 1))
22/04/07 09:44:56 INFO TaskSchedulerImpl: Adding task set 6.0 with 2 tasks resource profile 0
22/04/07 09:44:57 INFO HadoopRDD: Input split: file:/home/ard5625/project5/small-graph.csv:0+18
22/04/07 09:44:57 INFO HadoopRDD: Input split: file:/home/ard5625/project5/small-graph.csv:18+18
22/04/07 09:44:57 INFO Executor: Finished task 0.0 in stage 9.0 (TID 0). 1175 bytes result sent to driver
22/04/07 09:44:57 INFO Executor: Finished task 1.0 in stage 9.0 (TID 1). 1175 bytes result sent to driver
22/04/07 09:44:57 INFO TaskSetManager: Starting task 0.0 in stage 0.0 (TID 2) (exp-1-20.expanse.sdsc.edu, executor driver, partition 0, PROCESS_LOCAL, 4501 bytes) taskResourceAssignments Map()
22/04/07 09:44:57 INFO Executor: Running task 0.0 in stage 0.0 (TID 2)
22/04/07 09:44:57 INFO TaskSetManager: Starting task 1.0 in stage 0.0 (TID 3) (exp-1-20.expanse.sdsc.edu, executor driver, partition 1, PROCESS_LOCAL, 4501 bytes) taskResourceAssignments Map()
22/04/07 09:44:57 INFO Executor: Running task 1.0 in stage 0.0 (TID 3)
22/04/07 09:44:57 INFO HadoopRDD: Input split: file:/home/ard5625/project5/small-graph.csv:18+18
22/04/07 09:44:57 INFO TaskSetManager: Finished task 0.0 in stage 9.0 (TID 0) in 266 ms on exp-1-20.expanse.sdsc.edu (executor driver) (1/2)
22/04/07 09:44:57 INFO TaskSetManager: Finished task 1.0 in stage 9.0 (TID 1) in 261 ms on exp-1-20.expanse.sdsc.edu (executor driver) (2/2)
22/04/07 09:44:57 INFO TaskSchedulerImpl: Removed TaskSet 9.0, whose tasks have all completed, from pool 
22/04/07 09:44:57 INFO Executor: Finished task 1.0 in stage 0.0 (TID 3). 1132 bytes result sent to driver
22/04/07 09:44:57 INFO TaskSetManager: Starting task 0.0 in stage 1.0 (TID 4) (exp-1-20.expanse.sdsc.edu, executor driver, partition 0, PROCESS_LOCAL, 4501 bytes) taskResourceAssignments Map()
22/04/07 09:44:57 INFO HadoopRDD: Input split: file:/home/ard5625/project5/small-graph.csv:0+18
22/04/07 09:44:57 INFO Executor: Running task 0.0 in stage 1.0 (TID 4)
22/04/07 09:44:57 INFO HadoopRDD: Input split: file:/home/ard5625/project5/small-graph.csv:0+18
22/04/07 09:44:57 INFO DAGScheduler: ShuffleMapStage 9 (map at Graph.scala:15) finished in 0.408 s
22/04/07 09:44:57 INFO DAGScheduler: looking for newly runnable stages
22/04/07 09:44:57 INFO DAGScheduler: running: Set(ShuffleMapStage 0, ShuffleMapStage 1, ShuffleMapStage 6, ShuffleMapStage 3, ShuffleMapStage 7)
22/04/07 09:44:57 INFO DAGScheduler: waiting: Set(ShuffleMapStage 12, ResultStage 13, ShuffleMapStage 5, ShuffleMapStage 2, ShuffleMapStage 10, ShuffleMapStage 4, ShuffleMapStage 11, ShuffleMapStage 8)
22/04/07 09:44:57 INFO DAGScheduler: failed: Set()
22/04/07 09:44:57 INFO TaskSetManager: Finished task 1.0 in stage 0.0 (TID 3) in 69 ms on exp-1-20.expanse.sdsc.edu (executor driver) (1/2)
22/04/07 09:44:57 INFO Executor: Finished task 0.0 in stage 1.0 (TID 4). 1132 bytes result sent to driver
22/04/07 09:44:57 INFO Executor: Finished task 0.0 in stage 0.0 (TID 2). 1132 bytes result sent to driver
22/04/07 09:44:57 INFO TaskSetManager: Starting task 1.0 in stage 1.0 (TID 5) (exp-1-20.expanse.sdsc.edu, executor driver, partition 1, PROCESS_LOCAL, 4501 bytes) taskResourceAssignments Map()
22/04/07 09:44:57 INFO TaskSetManager: Starting task 0.0 in stage 3.0 (TID 6) (exp-1-20.expanse.sdsc.edu, executor driver, partition 0, PROCESS_LOCAL, 4501 bytes) taskResourceAssignments Map()
22/04/07 09:44:57 INFO TaskSetManager: Finished task 0.0 in stage 0.0 (TID 2) in 92 ms on exp-1-20.expanse.sdsc.edu (executor driver) (2/2)
22/04/07 09:44:57 INFO TaskSchedulerImpl: Removed TaskSet 0.0, whose tasks have all completed, from pool 
22/04/07 09:44:57 INFO DAGScheduler: ShuffleMapStage 0 (map at Graph.scala:15) finished in 0.277 s
22/04/07 09:44:57 INFO DAGScheduler: looking for newly runnable stages
22/04/07 09:44:57 INFO DAGScheduler: running: Set(ShuffleMapStage 1, ShuffleMapStage 6, ShuffleMapStage 3, ShuffleMapStage 7)
22/04/07 09:44:57 INFO DAGScheduler: waiting: Set(ShuffleMapStage 12, ResultStage 13, ShuffleMapStage 5, ShuffleMapStage 2, ShuffleMapStage 10, ShuffleMapStage 4, ShuffleMapStage 11, ShuffleMapStage 8)
22/04/07 09:44:57 INFO DAGScheduler: failed: Set()
22/04/07 09:44:57 INFO DAGScheduler: Submitting ShuffleMapStage 2 (MapPartitionsRDD[4] at map at Graph.scala:19), which has no missing parents
22/04/07 09:44:57 INFO Executor: Running task 0.0 in stage 3.0 (TID 6)
22/04/07 09:44:57 INFO HadoopRDD: Input split: file:/home/ard5625/project5/small-graph.csv:0+18
22/04/07 09:44:57 INFO TaskSetManager: Finished task 0.0 in stage 1.0 (TID 4) in 61 ms on exp-1-20.expanse.sdsc.edu (executor driver) (1/2)
22/04/07 09:44:57 INFO Executor: Running task 1.0 in stage 1.0 (TID 5)
22/04/07 09:44:57 INFO Executor: Finished task 0.0 in stage 3.0 (TID 6). 1132 bytes result sent to driver
22/04/07 09:44:57 INFO TaskSetManager: Starting task 1.0 in stage 3.0 (TID 7) (exp-1-20.expanse.sdsc.edu, executor driver, partition 1, PROCESS_LOCAL, 4501 bytes) taskResourceAssignments Map()
22/04/07 09:44:57 INFO TaskSetManager: Finished task 0.0 in stage 3.0 (TID 6) in 22 ms on exp-1-20.expanse.sdsc.edu (executor driver) (1/2)
22/04/07 09:44:57 INFO MemoryStore: Block broadcast_7 stored as values in memory (estimated size 8.2 KiB, free 434.1 MiB)
22/04/07 09:44:57 INFO MemoryStore: Block broadcast_7_piece0 stored as bytes in memory (estimated size 4.5 KiB, free 434.1 MiB)
22/04/07 09:44:57 INFO BlockManagerInfo: Added broadcast_7_piece0 in memory on exp-1-20.expanse.sdsc.edu:46053 (size: 4.5 KiB, free: 434.3 MiB)
22/04/07 09:44:57 INFO SparkContext: Created broadcast 7 from broadcast at DAGScheduler.scala:1388
22/04/07 09:44:57 INFO DAGScheduler: Submitting 2 missing tasks from ShuffleMapStage 2 (MapPartitionsRDD[4] at map at Graph.scala:19) (first 15 tasks are for partitions Vector(0, 1))
22/04/07 09:44:57 INFO TaskSchedulerImpl: Adding task set 2.0 with 2 tasks resource profile 0
22/04/07 09:44:57 INFO HadoopRDD: Input split: file:/home/ard5625/project5/small-graph.csv:18+18
22/04/07 09:44:57 INFO Executor: Finished task 1.0 in stage 1.0 (TID 5). 1132 bytes result sent to driver
22/04/07 09:44:57 INFO TaskSetManager: Starting task 0.0 in stage 2.0 (TID 8) (exp-1-20.expanse.sdsc.edu, executor driver, partition 0, NODE_LOCAL, 4260 bytes) taskResourceAssignments Map()
22/04/07 09:44:57 INFO TaskSetManager: Finished task 1.0 in stage 1.0 (TID 5) in 43 ms on exp-1-20.expanse.sdsc.edu (executor driver) (2/2)
22/04/07 09:44:57 INFO TaskSchedulerImpl: Removed TaskSet 1.0, whose tasks have all completed, from pool 
22/04/07 09:44:57 INFO Executor: Running task 0.0 in stage 2.0 (TID 8)
22/04/07 09:44:57 INFO Executor: Running task 1.0 in stage 3.0 (TID 7)
22/04/07 09:44:57 INFO HadoopRDD: Input split: file:/home/ard5625/project5/small-graph.csv:18+18
22/04/07 09:44:57 INFO DAGScheduler: ShuffleMapStage 1 (map at Graph.scala:15) finished in 0.367 s
22/04/07 09:44:57 INFO DAGScheduler: looking for newly runnable stages
22/04/07 09:44:57 INFO DAGScheduler: running: Set(ShuffleMapStage 2, ShuffleMapStage 6, ShuffleMapStage 3, ShuffleMapStage 7)
22/04/07 09:44:57 INFO DAGScheduler: waiting: Set(ShuffleMapStage 12, ResultStage 13, ShuffleMapStage 5, ShuffleMapStage 10, ShuffleMapStage 4, ShuffleMapStage 11, ShuffleMapStage 8)
22/04/07 09:44:57 INFO DAGScheduler: failed: Set()
22/04/07 09:44:57 INFO Executor: Finished task 1.0 in stage 3.0 (TID 7). 1132 bytes result sent to driver
22/04/07 09:44:57 INFO TaskSetManager: Starting task 1.0 in stage 2.0 (TID 9) (exp-1-20.expanse.sdsc.edu, executor driver, partition 1, NODE_LOCAL, 4260 bytes) taskResourceAssignments Map()
22/04/07 09:44:57 INFO TaskSetManager: Finished task 1.0 in stage 3.0 (TID 7) in 47 ms on exp-1-20.expanse.sdsc.edu (executor driver) (2/2)
22/04/07 09:44:57 INFO TaskSchedulerImpl: Removed TaskSet 3.0, whose tasks have all completed, from pool 
22/04/07 09:44:57 INFO DAGScheduler: ShuffleMapStage 3 (map at Graph.scala:15) finished in 0.388 s
22/04/07 09:44:57 INFO DAGScheduler: looking for newly runnable stages
22/04/07 09:44:57 INFO DAGScheduler: running: Set(ShuffleMapStage 2, ShuffleMapStage 6, ShuffleMapStage 7)
22/04/07 09:44:57 INFO DAGScheduler: waiting: Set(ShuffleMapStage 12, ResultStage 13, ShuffleMapStage 5, ShuffleMapStage 10, ShuffleMapStage 4, ShuffleMapStage 11, ShuffleMapStage 8)
22/04/07 09:44:57 INFO DAGScheduler: failed: Set()
22/04/07 09:44:57 INFO Executor: Running task 1.0 in stage 2.0 (TID 9)
22/04/07 09:44:57 INFO ShuffleBlockFetcherIterator: Getting 2 (103.0 B) non-empty blocks including 2 (103.0 B) local and 0 (0.0 B) host-local and 0 (0.0 B) remote blocks
22/04/07 09:44:57 INFO ShuffleBlockFetcherIterator: Getting 2 (108.0 B) non-empty blocks including 2 (108.0 B) local and 0 (0.0 B) host-local and 0 (0.0 B) remote blocks
22/04/07 09:44:57 INFO ShuffleBlockFetcherIterator: Started 0 remote fetches in 0 ms
22/04/07 09:44:57 INFO ShuffleBlockFetcherIterator: Started 0 remote fetches in 20 ms
22/04/07 09:44:57 INFO Executor: Finished task 0.0 in stage 2.0 (TID 8). 1476 bytes result sent to driver
22/04/07 09:44:57 INFO TaskSetManager: Starting task 0.0 in stage 6.0 (TID 10) (exp-1-20.expanse.sdsc.edu, executor driver, partition 0, PROCESS_LOCAL, 4501 bytes) taskResourceAssignments Map()
22/04/07 09:44:57 INFO Executor: Running task 0.0 in stage 6.0 (TID 10)
22/04/07 09:44:57 INFO TaskSetManager: Finished task 0.0 in stage 2.0 (TID 8) in 77 ms on exp-1-20.expanse.sdsc.edu (executor driver) (1/2)
22/04/07 09:44:57 INFO Executor: Finished task 1.0 in stage 2.0 (TID 9). 1476 bytes result sent to driver
22/04/07 09:44:57 INFO TaskSetManager: Starting task 1.0 in stage 6.0 (TID 11) (exp-1-20.expanse.sdsc.edu, executor driver, partition 1, PROCESS_LOCAL, 4501 bytes) taskResourceAssignments Map()
22/04/07 09:44:57 INFO TaskSetManager: Finished task 1.0 in stage 2.0 (TID 9) in 55 ms on exp-1-20.expanse.sdsc.edu (executor driver) (2/2)
22/04/07 09:44:57 INFO TaskSchedulerImpl: Removed TaskSet 2.0, whose tasks have all completed, from pool 
22/04/07 09:44:57 INFO DAGScheduler: ShuffleMapStage 2 (map at Graph.scala:19) finished in 0.110 s
22/04/07 09:44:57 INFO DAGScheduler: looking for newly runnable stages
22/04/07 09:44:57 INFO DAGScheduler: running: Set(ShuffleMapStage 6, ShuffleMapStage 7)
22/04/07 09:44:57 INFO DAGScheduler: waiting: Set(ShuffleMapStage 12, ResultStage 13, ShuffleMapStage 5, ShuffleMapStage 10, ShuffleMapStage 4, ShuffleMapStage 11, ShuffleMapStage 8)
22/04/07 09:44:57 INFO DAGScheduler: failed: Set()
22/04/07 09:44:57 INFO DAGScheduler: Submitting ShuffleMapStage 4 (MapPartitionsRDD[8] at flatMap at Graph.scala:23), which has no missing parents
22/04/07 09:44:57 INFO HadoopRDD: Input split: file:/home/ard5625/project5/small-graph.csv:0+18
22/04/07 09:44:57 INFO Executor: Finished task 0.0 in stage 6.0 (TID 10). 1132 bytes result sent to driver
22/04/07 09:44:57 INFO TaskSetManager: Starting task 0.0 in stage 7.0 (TID 12) (exp-1-20.expanse.sdsc.edu, executor driver, partition 0, PROCESS_LOCAL, 4501 bytes) taskResourceAssignments Map()
22/04/07 09:44:57 INFO TaskSetManager: Finished task 0.0 in stage 6.0 (TID 10) in 20 ms on exp-1-20.expanse.sdsc.edu (executor driver) (1/2)
22/04/07 09:44:57 INFO MemoryStore: Block broadcast_8 stored as values in memory (estimated size 6.1 KiB, free 434.1 MiB)
22/04/07 09:44:57 INFO MemoryStore: Block broadcast_8_piece0 stored as bytes in memory (estimated size 3.5 KiB, free 434.1 MiB)
22/04/07 09:44:57 INFO BlockManagerInfo: Added broadcast_8_piece0 in memory on exp-1-20.expanse.sdsc.edu:46053 (size: 3.5 KiB, free: 434.3 MiB)
22/04/07 09:44:57 INFO Executor: Running task 0.0 in stage 7.0 (TID 12)
22/04/07 09:44:57 INFO SparkContext: Created broadcast 8 from broadcast at DAGScheduler.scala:1388
22/04/07 09:44:57 INFO DAGScheduler: Submitting 2 missing tasks from ShuffleMapStage 4 (MapPartitionsRDD[8] at flatMap at Graph.scala:23) (first 15 tasks are for partitions Vector(0, 1))
22/04/07 09:44:57 INFO TaskSchedulerImpl: Adding task set 4.0 with 2 tasks resource profile 0
22/04/07 09:44:57 INFO Executor: Running task 1.0 in stage 6.0 (TID 11)
22/04/07 09:44:57 INFO HadoopRDD: Input split: file:/home/ard5625/project5/small-graph.csv:0+18
22/04/07 09:44:57 INFO HadoopRDD: Input split: file:/home/ard5625/project5/small-graph.csv:18+18
22/04/07 09:44:57 INFO Executor: Finished task 1.0 in stage 6.0 (TID 11). 1132 bytes result sent to driver
22/04/07 09:44:57 INFO TaskSetManager: Starting task 0.0 in stage 4.0 (TID 13) (exp-1-20.expanse.sdsc.edu, executor driver, partition 0, PROCESS_LOCAL, 4323 bytes) taskResourceAssignments Map()
22/04/07 09:44:57 INFO TaskSetManager: Finished task 1.0 in stage 6.0 (TID 11) in 29 ms on exp-1-20.expanse.sdsc.edu (executor driver) (2/2)
22/04/07 09:44:57 INFO TaskSchedulerImpl: Removed TaskSet 6.0, whose tasks have all completed, from pool 
22/04/07 09:44:57 INFO Executor: Running task 0.0 in stage 4.0 (TID 13)
22/04/07 09:44:57 INFO DAGScheduler: ShuffleMapStage 6 (map at Graph.scala:15) finished in 0.363 s
22/04/07 09:44:57 INFO DAGScheduler: looking for newly runnable stages
22/04/07 09:44:57 INFO DAGScheduler: running: Set(ShuffleMapStage 7, ShuffleMapStage 4)
22/04/07 09:44:57 INFO DAGScheduler: waiting: Set(ShuffleMapStage 12, ResultStage 13, ShuffleMapStage 5, ShuffleMapStage 10, ShuffleMapStage 11, ShuffleMapStage 8)
22/04/07 09:44:57 INFO DAGScheduler: failed: Set()
22/04/07 09:44:57 INFO Executor: Finished task 0.0 in stage 7.0 (TID 12). 1132 bytes result sent to driver
22/04/07 09:44:57 INFO TaskSetManager: Starting task 1.0 in stage 4.0 (TID 14) (exp-1-20.expanse.sdsc.edu, executor driver, partition 1, PROCESS_LOCAL, 4323 bytes) taskResourceAssignments Map()
22/04/07 09:44:57 INFO TaskSetManager: Finished task 0.0 in stage 7.0 (TID 12) in 22 ms on exp-1-20.expanse.sdsc.edu (executor driver) (1/2)
22/04/07 09:44:57 INFO ShuffleBlockFetcherIterator: Getting 1 (156.0 B) non-empty blocks including 1 (156.0 B) local and 0 (0.0 B) host-local and 0 (0.0 B) remote blocks
22/04/07 09:44:57 INFO ShuffleBlockFetcherIterator: Started 0 remote fetches in 0 ms
22/04/07 09:44:57 INFO Executor: Running task 1.0 in stage 4.0 (TID 14)
22/04/07 09:44:57 INFO ShuffleBlockFetcherIterator: Getting 2 (271.0 B) non-empty blocks including 2 (271.0 B) local and 0 (0.0 B) host-local and 0 (0.0 B) remote blocks
22/04/07 09:44:57 INFO ShuffleBlockFetcherIterator: Started 0 remote fetches in 0 ms
22/04/07 09:44:57 INFO ShuffleBlockFetcherIterator: Getting 1 (171.0 B) non-empty blocks including 1 (171.0 B) local and 0 (0.0 B) host-local and 0 (0.0 B) remote blocks
22/04/07 09:44:57 INFO ShuffleBlockFetcherIterator: Started 0 remote fetches in 0 ms
22/04/07 09:44:57 INFO ShuffleBlockFetcherIterator: Getting 2 (312.0 B) non-empty blocks including 2 (312.0 B) local and 0 (0.0 B) host-local and 0 (0.0 B) remote blocks
22/04/07 09:44:57 INFO ShuffleBlockFetcherIterator: Started 0 remote fetches in 0 ms
22/04/07 09:44:57 INFO Executor: Finished task 1.0 in stage 4.0 (TID 14). 1476 bytes result sent to driver
22/04/07 09:44:57 INFO Executor: Finished task 0.0 in stage 4.0 (TID 13). 1476 bytes result sent to driver
22/04/07 09:44:57 INFO TaskSetManager: Starting task 1.0 in stage 7.0 (TID 15) (exp-1-20.expanse.sdsc.edu, executor driver, partition 1, PROCESS_LOCAL, 4501 bytes) taskResourceAssignments Map()
22/04/07 09:44:57 INFO TaskSetManager: Finished task 1.0 in stage 4.0 (TID 14) in 58 ms on exp-1-20.expanse.sdsc.edu (executor driver) (1/2)
22/04/07 09:44:57 INFO TaskSetManager: Finished task 0.0 in stage 4.0 (TID 13) in 66 ms on exp-1-20.expanse.sdsc.edu (executor driver) (2/2)
22/04/07 09:44:57 INFO TaskSchedulerImpl: Removed TaskSet 4.0, whose tasks have all completed, from pool 
22/04/07 09:44:57 INFO Executor: Running task 1.0 in stage 7.0 (TID 15)
22/04/07 09:44:57 INFO DAGScheduler: ShuffleMapStage 4 (flatMap at Graph.scala:23) finished in 0.092 s
22/04/07 09:44:57 INFO DAGScheduler: looking for newly runnable stages
22/04/07 09:44:57 INFO DAGScheduler: running: Set(ShuffleMapStage 7)
22/04/07 09:44:57 INFO DAGScheduler: waiting: Set(ShuffleMapStage 12, ResultStage 13, ShuffleMapStage 5, ShuffleMapStage 10, ShuffleMapStage 11, ShuffleMapStage 8)
22/04/07 09:44:57 INFO DAGScheduler: failed: Set()
22/04/07 09:44:57 INFO DAGScheduler: Submitting ShuffleMapStage 5 (MapPartitionsRDD[13] at flatMap at Graph.scala:23), which has no missing parents
22/04/07 09:44:57 INFO HadoopRDD: Input split: file:/home/ard5625/project5/small-graph.csv:18+18
22/04/07 09:44:57 INFO MemoryStore: Block broadcast_9 stored as values in memory (estimated size 6.4 KiB, free 434.1 MiB)
22/04/07 09:44:57 INFO MemoryStore: Block broadcast_9_piece0 stored as bytes in memory (estimated size 3.6 KiB, free 434.1 MiB)
22/04/07 09:44:57 INFO BlockManagerInfo: Added broadcast_9_piece0 in memory on exp-1-20.expanse.sdsc.edu:46053 (size: 3.6 KiB, free: 434.3 MiB)
22/04/07 09:44:57 INFO Executor: Finished task 1.0 in stage 7.0 (TID 15). 1175 bytes result sent to driver
22/04/07 09:44:57 INFO SparkContext: Created broadcast 9 from broadcast at DAGScheduler.scala:1388
22/04/07 09:44:57 INFO DAGScheduler: Submitting 2 missing tasks from ShuffleMapStage 5 (MapPartitionsRDD[13] at flatMap at Graph.scala:23) (first 15 tasks are for partitions Vector(0, 1))
22/04/07 09:44:57 INFO TaskSchedulerImpl: Adding task set 5.0 with 2 tasks resource profile 0
22/04/07 09:44:57 INFO TaskSetManager: Starting task 0.0 in stage 5.0 (TID 16) (exp-1-20.expanse.sdsc.edu, executor driver, partition 0, NODE_LOCAL, 4477 bytes) taskResourceAssignments Map()
22/04/07 09:44:57 INFO Executor: Running task 0.0 in stage 5.0 (TID 16)
22/04/07 09:44:57 INFO ShuffleBlockFetcherIterator: Getting 2 (109.0 B) non-empty blocks including 2 (109.0 B) local and 0 (0.0 B) host-local and 0 (0.0 B) remote blocks
22/04/07 09:44:57 INFO ShuffleBlockFetcherIterator: Started 0 remote fetches in 0 ms
22/04/07 09:44:57 INFO TaskSetManager: Starting task 1.0 in stage 5.0 (TID 17) (exp-1-20.expanse.sdsc.edu, executor driver, partition 1, NODE_LOCAL, 4477 bytes) taskResourceAssignments Map()
22/04/07 09:44:57 INFO TaskSetManager: Finished task 1.0 in stage 7.0 (TID 15) in 43 ms on exp-1-20.expanse.sdsc.edu (executor driver) (2/2)
22/04/07 09:44:57 INFO TaskSchedulerImpl: Removed TaskSet 7.0, whose tasks have all completed, from pool 
22/04/07 09:44:57 INFO Executor: Running task 1.0 in stage 5.0 (TID 17)
22/04/07 09:44:57 INFO ShuffleBlockFetcherIterator: Getting 2 (271.0 B) non-empty blocks including 2 (271.0 B) local and 0 (0.0 B) host-local and 0 (0.0 B) remote blocks
22/04/07 09:44:57 INFO ShuffleBlockFetcherIterator: Started 0 remote fetches in 0 ms
22/04/07 09:44:57 INFO DAGScheduler: ShuffleMapStage 7 (map at Graph.scala:15) finished in 0.614 s
22/04/07 09:44:57 INFO DAGScheduler: looking for newly runnable stages
22/04/07 09:44:57 INFO DAGScheduler: running: Set(ShuffleMapStage 5)
22/04/07 09:44:57 INFO DAGScheduler: waiting: Set(ShuffleMapStage 12, ResultStage 13, ShuffleMapStage 10, ShuffleMapStage 11, ShuffleMapStage 8)
22/04/07 09:44:57 INFO DAGScheduler: failed: Set()
22/04/07 09:44:57 INFO Executor: Finished task 0.0 in stage 5.0 (TID 16). 1476 bytes result sent to driver
22/04/07 09:44:57 INFO ShuffleBlockFetcherIterator: Getting 1 (66.0 B) non-empty blocks including 1 (66.0 B) local and 0 (0.0 B) host-local and 0 (0.0 B) remote blocks
22/04/07 09:44:57 INFO ShuffleBlockFetcherIterator: Started 0 remote fetches in 0 ms
22/04/07 09:44:57 INFO ShuffleBlockFetcherIterator: Getting 2 (312.0 B) non-empty blocks including 2 (312.0 B) local and 0 (0.0 B) host-local and 0 (0.0 B) remote blocks
22/04/07 09:44:57 INFO ShuffleBlockFetcherIterator: Started 0 remote fetches in 0 ms
22/04/07 09:44:57 INFO TaskSetManager: Finished task 0.0 in stage 5.0 (TID 16) in 36 ms on exp-1-20.expanse.sdsc.edu (executor driver) (1/2)
22/04/07 09:44:57 INFO Executor: Finished task 1.0 in stage 5.0 (TID 17). 1476 bytes result sent to driver
22/04/07 09:44:57 INFO TaskSetManager: Finished task 1.0 in stage 5.0 (TID 17) in 60 ms on exp-1-20.expanse.sdsc.edu (executor driver) (2/2)
22/04/07 09:44:57 INFO TaskSchedulerImpl: Removed TaskSet 5.0, whose tasks have all completed, from pool 
22/04/07 09:44:57 INFO DAGScheduler: ShuffleMapStage 5 (flatMap at Graph.scala:23) finished in 0.095 s
22/04/07 09:44:57 INFO DAGScheduler: looking for newly runnable stages
22/04/07 09:44:57 INFO DAGScheduler: running: Set()
22/04/07 09:44:57 INFO DAGScheduler: waiting: Set(ShuffleMapStage 12, ResultStage 13, ShuffleMapStage 10, ShuffleMapStage 11, ShuffleMapStage 8)
22/04/07 09:44:57 INFO DAGScheduler: failed: Set()
22/04/07 09:44:57 INFO DAGScheduler: Submitting ShuffleMapStage 8 (MapPartitionsRDD[18] at flatMap at Graph.scala:23), which has no missing parents
22/04/07 09:44:57 INFO MemoryStore: Block broadcast_10 stored as values in memory (estimated size 6.4 KiB, free 434.1 MiB)
22/04/07 09:44:57 INFO MemoryStore: Block broadcast_10_piece0 stored as bytes in memory (estimated size 3.6 KiB, free 434.1 MiB)
22/04/07 09:44:57 INFO BlockManagerInfo: Added broadcast_10_piece0 in memory on exp-1-20.expanse.sdsc.edu:46053 (size: 3.6 KiB, free: 434.3 MiB)
22/04/07 09:44:57 INFO SparkContext: Created broadcast 10 from broadcast at DAGScheduler.scala:1388
22/04/07 09:44:57 INFO DAGScheduler: Submitting 2 missing tasks from ShuffleMapStage 8 (MapPartitionsRDD[18] at flatMap at Graph.scala:23) (first 15 tasks are for partitions Vector(0, 1))
22/04/07 09:44:57 INFO TaskSchedulerImpl: Adding task set 8.0 with 2 tasks resource profile 0
22/04/07 09:44:57 INFO TaskSetManager: Starting task 0.0 in stage 8.0 (TID 18) (exp-1-20.expanse.sdsc.edu, executor driver, partition 0, NODE_LOCAL, 4477 bytes) taskResourceAssignments Map()
22/04/07 09:44:57 INFO TaskSetManager: Starting task 1.0 in stage 8.0 (TID 19) (exp-1-20.expanse.sdsc.edu, executor driver, partition 1, NODE_LOCAL, 4477 bytes) taskResourceAssignments Map()
22/04/07 09:44:57 INFO Executor: Running task 0.0 in stage 8.0 (TID 18)
22/04/07 09:44:57 INFO Executor: Running task 1.0 in stage 8.0 (TID 19)
22/04/07 09:44:57 INFO ShuffleBlockFetcherIterator: Getting 2 (115.0 B) non-empty blocks including 2 (115.0 B) local and 0 (0.0 B) host-local and 0 (0.0 B) remote blocks
22/04/07 09:44:57 INFO ShuffleBlockFetcherIterator: Started 0 remote fetches in 0 ms
22/04/07 09:44:57 INFO ShuffleBlockFetcherIterator: Getting 2 (108.0 B) non-empty blocks including 2 (108.0 B) local and 0 (0.0 B) host-local and 0 (0.0 B) remote blocks
22/04/07 09:44:57 INFO ShuffleBlockFetcherIterator: Started 0 remote fetches in 0 ms
22/04/07 09:44:57 INFO ShuffleBlockFetcherIterator: Getting 2 (312.0 B) non-empty blocks including 2 (312.0 B) local and 0 (0.0 B) host-local and 0 (0.0 B) remote blocks
22/04/07 09:44:57 INFO ShuffleBlockFetcherIterator: Started 0 remote fetches in 0 ms
22/04/07 09:44:57 INFO ShuffleBlockFetcherIterator: Getting 2 (271.0 B) non-empty blocks including 2 (271.0 B) local and 0 (0.0 B) host-local and 0 (0.0 B) remote blocks
22/04/07 09:44:57 INFO ShuffleBlockFetcherIterator: Started 0 remote fetches in 0 ms
22/04/07 09:44:57 INFO Executor: Finished task 0.0 in stage 8.0 (TID 18). 1476 bytes result sent to driver
22/04/07 09:44:57 INFO TaskSetManager: Finished task 0.0 in stage 8.0 (TID 18) in 17 ms on exp-1-20.expanse.sdsc.edu (executor driver) (1/2)
22/04/07 09:44:57 INFO BlockManagerInfo: Removed broadcast_4_piece0 on exp-1-20.expanse.sdsc.edu:46053 in memory (size: 3.3 KiB, free: 434.3 MiB)
22/04/07 09:44:57 INFO Executor: Finished task 1.0 in stage 8.0 (TID 19). 1476 bytes result sent to driver
22/04/07 09:44:57 INFO TaskSetManager: Finished task 1.0 in stage 8.0 (TID 19) in 29 ms on exp-1-20.expanse.sdsc.edu (executor driver) (2/2)
22/04/07 09:44:57 INFO TaskSchedulerImpl: Removed TaskSet 8.0, whose tasks have all completed, from pool 
22/04/07 09:44:57 INFO DAGScheduler: ShuffleMapStage 8 (flatMap at Graph.scala:23) finished in 0.034 s
22/04/07 09:44:57 INFO DAGScheduler: looking for newly runnable stages
22/04/07 09:44:57 INFO DAGScheduler: running: Set()
22/04/07 09:44:57 INFO DAGScheduler: waiting: Set(ShuffleMapStage 12, ResultStage 13, ShuffleMapStage 10, ShuffleMapStage 11)
22/04/07 09:44:57 INFO DAGScheduler: failed: Set()
22/04/07 09:44:57 INFO DAGScheduler: Submitting ShuffleMapStage 10 (MapPartitionsRDD[23] at flatMap at Graph.scala:23), which has no missing parents
22/04/07 09:44:57 INFO MemoryStore: Block broadcast_11 stored as values in memory (estimated size 6.4 KiB, free 434.1 MiB)
22/04/07 09:44:57 INFO MemoryStore: Block broadcast_11_piece0 stored as bytes in memory (estimated size 3.6 KiB, free 434.1 MiB)
22/04/07 09:44:57 INFO BlockManagerInfo: Added broadcast_11_piece0 in memory on exp-1-20.expanse.sdsc.edu:46053 (size: 3.6 KiB, free: 434.3 MiB)
22/04/07 09:44:57 INFO SparkContext: Created broadcast 11 from broadcast at DAGScheduler.scala:1388
22/04/07 09:44:57 INFO DAGScheduler: Submitting 2 missing tasks from ShuffleMapStage 10 (MapPartitionsRDD[23] at flatMap at Graph.scala:23) (first 15 tasks are for partitions Vector(0, 1))
22/04/07 09:44:57 INFO TaskSchedulerImpl: Adding task set 10.0 with 2 tasks resource profile 0
22/04/07 09:44:57 INFO TaskSetManager: Starting task 0.0 in stage 10.0 (TID 20) (exp-1-20.expanse.sdsc.edu, executor driver, partition 0, NODE_LOCAL, 4477 bytes) taskResourceAssignments Map()
22/04/07 09:44:57 INFO TaskSetManager: Starting task 1.0 in stage 10.0 (TID 21) (exp-1-20.expanse.sdsc.edu, executor driver, partition 1, NODE_LOCAL, 4477 bytes) taskResourceAssignments Map()
22/04/07 09:44:57 INFO Executor: Running task 1.0 in stage 10.0 (TID 21)
22/04/07 09:44:57 INFO ShuffleBlockFetcherIterator: Getting 2 (115.0 B) non-empty blocks including 2 (115.0 B) local and 0 (0.0 B) host-local and 0 (0.0 B) remote blocks
22/04/07 09:44:57 INFO ShuffleBlockFetcherIterator: Started 0 remote fetches in 0 ms
22/04/07 09:44:57 INFO ShuffleBlockFetcherIterator: Getting 2 (312.0 B) non-empty blocks including 2 (312.0 B) local and 0 (0.0 B) host-local and 0 (0.0 B) remote blocks
22/04/07 09:44:57 INFO ShuffleBlockFetcherIterator: Started 0 remote fetches in 0 ms
22/04/07 09:44:57 INFO Executor: Running task 0.0 in stage 10.0 (TID 20)
22/04/07 09:44:57 INFO Executor: Finished task 1.0 in stage 10.0 (TID 21). 1476 bytes result sent to driver
22/04/07 09:44:57 INFO TaskSetManager: Finished task 1.0 in stage 10.0 (TID 21) in 14 ms on exp-1-20.expanse.sdsc.edu (executor driver) (1/2)
22/04/07 09:44:57 INFO ShuffleBlockFetcherIterator: Getting 2 (108.0 B) non-empty blocks including 2 (108.0 B) local and 0 (0.0 B) host-local and 0 (0.0 B) remote blocks
22/04/07 09:44:57 INFO ShuffleBlockFetcherIterator: Started 0 remote fetches in 2 ms
22/04/07 09:44:57 INFO ShuffleBlockFetcherIterator: Getting 2 (271.0 B) non-empty blocks including 2 (271.0 B) local and 0 (0.0 B) host-local and 0 (0.0 B) remote blocks
22/04/07 09:44:57 INFO ShuffleBlockFetcherIterator: Started 0 remote fetches in 0 ms
22/04/07 09:44:57 INFO Executor: Finished task 0.0 in stage 10.0 (TID 20). 1476 bytes result sent to driver
22/04/07 09:44:57 INFO TaskSetManager: Finished task 0.0 in stage 10.0 (TID 20) in 23 ms on exp-1-20.expanse.sdsc.edu (executor driver) (2/2)
22/04/07 09:44:57 INFO TaskSchedulerImpl: Removed TaskSet 10.0, whose tasks have all completed, from pool 
22/04/07 09:44:57 INFO DAGScheduler: ShuffleMapStage 10 (flatMap at Graph.scala:23) finished in 0.033 s
22/04/07 09:44:57 INFO DAGScheduler: looking for newly runnable stages
22/04/07 09:44:57 INFO DAGScheduler: running: Set()
22/04/07 09:44:57 INFO DAGScheduler: waiting: Set(ShuffleMapStage 12, ResultStage 13, ShuffleMapStage 11)
22/04/07 09:44:57 INFO DAGScheduler: failed: Set()
22/04/07 09:44:57 INFO DAGScheduler: Submitting ShuffleMapStage 11 (MapPartitionsRDD[28] at flatMap at Graph.scala:23), which has no missing parents
22/04/07 09:44:57 INFO MemoryStore: Block broadcast_12 stored as values in memory (estimated size 6.4 KiB, free 434.1 MiB)
22/04/07 09:44:57 INFO MemoryStore: Block broadcast_12_piece0 stored as bytes in memory (estimated size 3.6 KiB, free 434.1 MiB)
22/04/07 09:44:57 INFO BlockManagerInfo: Added broadcast_12_piece0 in memory on exp-1-20.expanse.sdsc.edu:46053 (size: 3.6 KiB, free: 434.3 MiB)
22/04/07 09:44:57 INFO SparkContext: Created broadcast 12 from broadcast at DAGScheduler.scala:1388
22/04/07 09:44:57 INFO DAGScheduler: Submitting 2 missing tasks from ShuffleMapStage 11 (MapPartitionsRDD[28] at flatMap at Graph.scala:23) (first 15 tasks are for partitions Vector(0, 1))
22/04/07 09:44:57 INFO TaskSchedulerImpl: Adding task set 11.0 with 2 tasks resource profile 0
22/04/07 09:44:57 INFO TaskSetManager: Starting task 0.0 in stage 11.0 (TID 22) (exp-1-20.expanse.sdsc.edu, executor driver, partition 0, NODE_LOCAL, 4477 bytes) taskResourceAssignments Map()
22/04/07 09:44:57 INFO TaskSetManager: Starting task 1.0 in stage 11.0 (TID 23) (exp-1-20.expanse.sdsc.edu, executor driver, partition 1, NODE_LOCAL, 4477 bytes) taskResourceAssignments Map()
22/04/07 09:44:57 INFO Executor: Running task 1.0 in stage 11.0 (TID 23)
22/04/07 09:44:57 INFO ShuffleBlockFetcherIterator: Getting 2 (115.0 B) non-empty blocks including 2 (115.0 B) local and 0 (0.0 B) host-local and 0 (0.0 B) remote blocks
22/04/07 09:44:57 INFO ShuffleBlockFetcherIterator: Started 0 remote fetches in 0 ms
22/04/07 09:44:57 INFO Executor: Running task 0.0 in stage 11.0 (TID 22)
22/04/07 09:44:57 INFO ShuffleBlockFetcherIterator: Getting 2 (312.0 B) non-empty blocks including 2 (312.0 B) local and 0 (0.0 B) host-local and 0 (0.0 B) remote blocks
22/04/07 09:44:57 INFO ShuffleBlockFetcherIterator: Started 0 remote fetches in 0 ms
22/04/07 09:44:57 INFO ShuffleBlockFetcherIterator: Getting 2 (108.0 B) non-empty blocks including 2 (108.0 B) local and 0 (0.0 B) host-local and 0 (0.0 B) remote blocks
22/04/07 09:44:57 INFO ShuffleBlockFetcherIterator: Started 0 remote fetches in 0 ms
22/04/07 09:44:57 INFO ShuffleBlockFetcherIterator: Getting 2 (271.0 B) non-empty blocks including 2 (271.0 B) local and 0 (0.0 B) host-local and 0 (0.0 B) remote blocks
22/04/07 09:44:57 INFO ShuffleBlockFetcherIterator: Started 0 remote fetches in 0 ms
22/04/07 09:44:57 INFO Executor: Finished task 1.0 in stage 11.0 (TID 23). 1476 bytes result sent to driver
22/04/07 09:44:57 INFO TaskSetManager: Finished task 1.0 in stage 11.0 (TID 23) in 43 ms on exp-1-20.expanse.sdsc.edu (executor driver) (1/2)
22/04/07 09:44:57 INFO Executor: Finished task 0.0 in stage 11.0 (TID 22). 1476 bytes result sent to driver
22/04/07 09:44:57 INFO BlockManagerInfo: Removed broadcast_2_piece0 on exp-1-20.expanse.sdsc.edu:46053 in memory (size: 3.3 KiB, free: 434.3 MiB)
22/04/07 09:44:57 INFO TaskSetManager: Finished task 0.0 in stage 11.0 (TID 22) in 46 ms on exp-1-20.expanse.sdsc.edu (executor driver) (2/2)
22/04/07 09:44:57 INFO TaskSchedulerImpl: Removed TaskSet 11.0, whose tasks have all completed, from pool 
22/04/07 09:44:57 INFO DAGScheduler: ShuffleMapStage 11 (flatMap at Graph.scala:23) finished in 0.071 s
22/04/07 09:44:57 INFO DAGScheduler: looking for newly runnable stages
22/04/07 09:44:57 INFO DAGScheduler: running: Set()
22/04/07 09:44:57 INFO DAGScheduler: waiting: Set(ShuffleMapStage 12, ResultStage 13)
22/04/07 09:44:57 INFO DAGScheduler: failed: Set()
22/04/07 09:44:57 INFO DAGScheduler: Submitting ShuffleMapStage 12 (MapPartitionsRDD[31] at map at Graph.scala:28), which has no missing parents
22/04/07 09:44:57 INFO MemoryStore: Block broadcast_13 stored as values in memory (estimated size 5.7 KiB, free 434.1 MiB)
22/04/07 09:44:57 INFO MemoryStore: Block broadcast_13_piece0 stored as bytes in memory (estimated size 3.3 KiB, free 434.1 MiB)
22/04/07 09:44:57 INFO BlockManagerInfo: Added broadcast_13_piece0 in memory on exp-1-20.expanse.sdsc.edu:46053 (size: 3.3 KiB, free: 434.3 MiB)
22/04/07 09:44:57 INFO SparkContext: Created broadcast 13 from broadcast at DAGScheduler.scala:1388
22/04/07 09:44:57 INFO DAGScheduler: Submitting 2 missing tasks from ShuffleMapStage 12 (MapPartitionsRDD[31] at map at Graph.scala:28) (first 15 tasks are for partitions Vector(0, 1))
22/04/07 09:44:57 INFO TaskSchedulerImpl: Adding task set 12.0 with 2 tasks resource profile 0
22/04/07 09:44:57 INFO TaskSetManager: Starting task 0.0 in stage 12.0 (TID 24) (exp-1-20.expanse.sdsc.edu, executor driver, partition 0, NODE_LOCAL, 4260 bytes) taskResourceAssignments Map()
22/04/07 09:44:57 INFO TaskSetManager: Starting task 1.0 in stage 12.0 (TID 25) (exp-1-20.expanse.sdsc.edu, executor driver, partition 1, NODE_LOCAL, 4260 bytes) taskResourceAssignments Map()
22/04/07 09:44:57 INFO Executor: Running task 1.0 in stage 12.0 (TID 25)
22/04/07 09:44:57 INFO Executor: Running task 0.0 in stage 12.0 (TID 24)
22/04/07 09:44:57 INFO ShuffleBlockFetcherIterator: Getting 2 (115.0 B) non-empty blocks including 2 (115.0 B) local and 0 (0.0 B) host-local and 0 (0.0 B) remote blocks
22/04/07 09:44:57 INFO ShuffleBlockFetcherIterator: Started 0 remote fetches in 0 ms
22/04/07 09:44:57 INFO Executor: Finished task 1.0 in stage 12.0 (TID 25). 1476 bytes result sent to driver
22/04/07 09:44:57 INFO TaskSetManager: Finished task 1.0 in stage 12.0 (TID 25) in 12 ms on exp-1-20.expanse.sdsc.edu (executor driver) (1/2)
22/04/07 09:44:57 INFO ShuffleBlockFetcherIterator: Getting 2 (108.0 B) non-empty blocks including 2 (108.0 B) local and 0 (0.0 B) host-local and 0 (0.0 B) remote blocks
22/04/07 09:44:57 INFO ShuffleBlockFetcherIterator: Started 0 remote fetches in 0 ms
22/04/07 09:44:57 INFO Executor: Finished task 0.0 in stage 12.0 (TID 24). 1476 bytes result sent to driver
22/04/07 09:44:57 INFO TaskSetManager: Finished task 0.0 in stage 12.0 (TID 24) in 32 ms on exp-1-20.expanse.sdsc.edu (executor driver) (2/2)
22/04/07 09:44:57 INFO TaskSchedulerImpl: Removed TaskSet 12.0, whose tasks have all completed, from pool 
22/04/07 09:44:57 INFO DAGScheduler: ShuffleMapStage 12 (map at Graph.scala:28) finished in 0.038 s
22/04/07 09:44:57 INFO DAGScheduler: looking for newly runnable stages
22/04/07 09:44:57 INFO DAGScheduler: running: Set()
22/04/07 09:44:57 INFO DAGScheduler: waiting: Set(ResultStage 13)
22/04/07 09:44:57 INFO DAGScheduler: failed: Set()
22/04/07 09:44:57 INFO DAGScheduler: Submitting ResultStage 13 (MapPartitionsRDD[34] at sortByKey at Graph.scala:30), which has no missing parents
22/04/07 09:44:57 INFO MemoryStore: Block broadcast_14 stored as values in memory (estimated size 6.0 KiB, free 434.1 MiB)
22/04/07 09:44:57 INFO MemoryStore: Block broadcast_14_piece0 stored as bytes in memory (estimated size 3.2 KiB, free 434.1 MiB)
22/04/07 09:44:57 INFO BlockManagerInfo: Added broadcast_14_piece0 in memory on exp-1-20.expanse.sdsc.edu:46053 (size: 3.2 KiB, free: 434.3 MiB)
22/04/07 09:44:57 INFO SparkContext: Created broadcast 14 from broadcast at DAGScheduler.scala:1388
22/04/07 09:44:57 INFO DAGScheduler: Submitting 2 missing tasks from ResultStage 13 (MapPartitionsRDD[34] at sortByKey at Graph.scala:30) (first 15 tasks are for partitions Vector(0, 1))
22/04/07 09:44:57 INFO TaskSchedulerImpl: Adding task set 13.0 with 2 tasks resource profile 0
22/04/07 09:44:57 INFO TaskSetManager: Starting task 0.0 in stage 13.0 (TID 26) (exp-1-20.expanse.sdsc.edu, executor driver, partition 0, NODE_LOCAL, 4271 bytes) taskResourceAssignments Map()
22/04/07 09:44:57 INFO TaskSetManager: Starting task 1.0 in stage 13.0 (TID 27) (exp-1-20.expanse.sdsc.edu, executor driver, partition 1, NODE_LOCAL, 4271 bytes) taskResourceAssignments Map()
22/04/07 09:44:57 INFO Executor: Running task 1.0 in stage 13.0 (TID 27)
22/04/07 09:44:57 INFO Executor: Running task 0.0 in stage 13.0 (TID 26)
22/04/07 09:44:57 INFO BlockManagerInfo: Removed broadcast_8_piece0 on exp-1-20.expanse.sdsc.edu:46053 in memory (size: 3.5 KiB, free: 434.3 MiB)
22/04/07 09:44:57 INFO ShuffleBlockFetcherIterator: Getting 2 (103.0 B) non-empty blocks including 2 (103.0 B) local and 0 (0.0 B) host-local and 0 (0.0 B) remote blocks
22/04/07 09:44:57 INFO ShuffleBlockFetcherIterator: Started 0 remote fetches in 0 ms
22/04/07 09:44:57 INFO ShuffleBlockFetcherIterator: Getting 2 (103.0 B) non-empty blocks including 2 (103.0 B) local and 0 (0.0 B) host-local and 0 (0.0 B) remote blocks
22/04/07 09:44:57 INFO ShuffleBlockFetcherIterator: Started 0 remote fetches in 0 ms
22/04/07 09:44:57 INFO Executor: Finished task 0.0 in stage 13.0 (TID 26). 1500 bytes result sent to driver
22/04/07 09:44:57 INFO BlockManagerInfo: Removed broadcast_10_piece0 on exp-1-20.expanse.sdsc.edu:46053 in memory (size: 3.6 KiB, free: 434.3 MiB)
22/04/07 09:44:57 INFO BlockManagerInfo: Removed broadcast_9_piece0 on exp-1-20.expanse.sdsc.edu:46053 in memory (size: 3.6 KiB, free: 434.3 MiB)
22/04/07 09:44:57 INFO TaskSetManager: Finished task 0.0 in stage 13.0 (TID 26) in 38 ms on exp-1-20.expanse.sdsc.edu (executor driver) (1/2)
22/04/07 09:44:57 INFO Executor: Finished task 1.0 in stage 13.0 (TID 27). 1500 bytes result sent to driver
22/04/07 09:44:57 INFO TaskSetManager: Finished task 1.0 in stage 13.0 (TID 27) in 50 ms on exp-1-20.expanse.sdsc.edu (executor driver) (2/2)
22/04/07 09:44:57 INFO TaskSchedulerImpl: Removed TaskSet 13.0, whose tasks have all completed, from pool 
22/04/07 09:44:57 INFO DAGScheduler: ResultStage 13 (sortByKey at Graph.scala:30) finished in 0.056 s
22/04/07 09:44:57 INFO DAGScheduler: Job 0 is finished. Cancelling potential speculative or zombie tasks for this job
22/04/07 09:44:57 INFO TaskSchedulerImpl: Killing all running tasks in stage 13: Stage finished
22/04/07 09:44:57 INFO DAGScheduler: Job 0 finished: sortByKey at Graph.scala:30, took 1.316008 s
22/04/07 09:44:57 INFO SparkContext: Starting job: collect at Graph.scala:30
22/04/07 09:44:57 INFO DAGScheduler: Registering RDD 32 (reduceByKey at Graph.scala:29) as input to shuffle 13
22/04/07 09:44:57 INFO DAGScheduler: Got job 1 (collect at Graph.scala:30) with 2 output partitions
22/04/07 09:44:57 INFO DAGScheduler: Final stage: ResultStage 28 (collect at Graph.scala:30)
22/04/07 09:44:57 INFO DAGScheduler: Parents of final stage: List(ShuffleMapStage 27)
22/04/07 09:44:57 INFO DAGScheduler: Missing parents: List(ShuffleMapStage 27)
22/04/07 09:44:57 INFO BlockManagerInfo: Removed broadcast_6_piece0 on exp-1-20.expanse.sdsc.edu:46053 in memory (size: 3.3 KiB, free: 434.3 MiB)
22/04/07 09:44:57 INFO BlockManagerInfo: Removed broadcast_1_piece0 on exp-1-20.expanse.sdsc.edu:46053 in memory (size: 3.3 KiB, free: 434.3 MiB)
22/04/07 09:44:57 INFO DAGScheduler: Submitting ShuffleMapStage 27 (ShuffledRDD[32] at reduceByKey at Graph.scala:29), which has no missing parents
22/04/07 09:44:57 INFO MemoryStore: Block broadcast_15 stored as values in memory (estimated size 5.1 KiB, free 434.1 MiB)
22/04/07 09:44:57 INFO MemoryStore: Block broadcast_15_piece0 stored as bytes in memory (estimated size 3.1 KiB, free 434.1 MiB)
22/04/07 09:44:57 INFO BlockManagerInfo: Added broadcast_15_piece0 in memory on exp-1-20.expanse.sdsc.edu:46053 (size: 3.1 KiB, free: 434.3 MiB)
22/04/07 09:44:57 INFO SparkContext: Created broadcast 15 from broadcast at DAGScheduler.scala:1388
22/04/07 09:44:57 INFO DAGScheduler: Submitting 2 missing tasks from ShuffleMapStage 27 (ShuffledRDD[32] at reduceByKey at Graph.scala:29) (first 15 tasks are for partitions Vector(0, 1))
22/04/07 09:44:57 INFO TaskSchedulerImpl: Adding task set 27.0 with 2 tasks resource profile 0
22/04/07 09:44:57 INFO TaskSetManager: Starting task 0.0 in stage 27.0 (TID 28) (exp-1-20.expanse.sdsc.edu, executor driver, partition 0, NODE_LOCAL, 4260 bytes) taskResourceAssignments Map()
22/04/07 09:44:57 INFO TaskSetManager: Starting task 1.0 in stage 27.0 (TID 29) (exp-1-20.expanse.sdsc.edu, executor driver, partition 1, NODE_LOCAL, 4260 bytes) taskResourceAssignments Map()
22/04/07 09:44:57 INFO Executor: Running task 1.0 in stage 27.0 (TID 29)
22/04/07 09:44:57 INFO Executor: Running task 0.0 in stage 27.0 (TID 28)
22/04/07 09:44:57 INFO ShuffleBlockFetcherIterator: Getting 2 (103.0 B) non-empty blocks including 2 (103.0 B) local and 0 (0.0 B) host-local and 0 (0.0 B) remote blocks
22/04/07 09:44:57 INFO ShuffleBlockFetcherIterator: Started 0 remote fetches in 0 ms
22/04/07 09:44:57 INFO ShuffleBlockFetcherIterator: Getting 2 (103.0 B) non-empty blocks including 2 (103.0 B) local and 0 (0.0 B) host-local and 0 (0.0 B) remote blocks
22/04/07 09:44:57 INFO ShuffleBlockFetcherIterator: Started 0 remote fetches in 0 ms
22/04/07 09:44:57 INFO Executor: Finished task 1.0 in stage 27.0 (TID 29). 1476 bytes result sent to driver
22/04/07 09:44:57 INFO TaskSetManager: Finished task 1.0 in stage 27.0 (TID 29) in 63 ms on exp-1-20.expanse.sdsc.edu (executor driver) (1/2)
22/04/07 09:44:57 INFO Executor: Finished task 0.0 in stage 27.0 (TID 28). 1476 bytes result sent to driver
22/04/07 09:44:57 INFO TaskSetManager: Finished task 0.0 in stage 27.0 (TID 28) in 65 ms on exp-1-20.expanse.sdsc.edu (executor driver) (2/2)
22/04/07 09:44:57 INFO TaskSchedulerImpl: Removed TaskSet 27.0, whose tasks have all completed, from pool 
22/04/07 09:44:57 INFO DAGScheduler: ShuffleMapStage 27 (reduceByKey at Graph.scala:29) finished in 0.094 s
22/04/07 09:44:57 INFO DAGScheduler: looking for newly runnable stages
22/04/07 09:44:57 INFO DAGScheduler: running: Set()
22/04/07 09:44:57 INFO DAGScheduler: waiting: Set(ResultStage 28)
22/04/07 09:44:57 INFO DAGScheduler: failed: Set()
22/04/07 09:44:57 INFO DAGScheduler: Submitting ResultStage 28 (ShuffledRDD[35] at sortByKey at Graph.scala:30), which has no missing parents
22/04/07 09:44:57 INFO MemoryStore: Block broadcast_16 stored as values in memory (estimated size 4.1 KiB, free 434.1 MiB)
22/04/07 09:44:57 INFO MemoryStore: Block broadcast_16_piece0 stored as bytes in memory (estimated size 2.5 KiB, free 434.1 MiB)
22/04/07 09:44:57 INFO BlockManagerInfo: Added broadcast_16_piece0 in memory on exp-1-20.expanse.sdsc.edu:46053 (size: 2.5 KiB, free: 434.3 MiB)
22/04/07 09:44:57 INFO SparkContext: Created broadcast 16 from broadcast at DAGScheduler.scala:1388
22/04/07 09:44:57 INFO DAGScheduler: Submitting 2 missing tasks from ResultStage 28 (ShuffledRDD[35] at sortByKey at Graph.scala:30) (first 15 tasks are for partitions Vector(0, 1))
22/04/07 09:44:57 INFO TaskSchedulerImpl: Adding task set 28.0 with 2 tasks resource profile 0
22/04/07 09:44:57 INFO TaskSetManager: Starting task 0.0 in stage 28.0 (TID 30) (exp-1-20.expanse.sdsc.edu, executor driver, partition 0, NODE_LOCAL, 4271 bytes) taskResourceAssignments Map()
22/04/07 09:44:57 INFO TaskSetManager: Starting task 1.0 in stage 28.0 (TID 31) (exp-1-20.expanse.sdsc.edu, executor driver, partition 1, NODE_LOCAL, 4271 bytes) taskResourceAssignments Map()
22/04/07 09:44:57 INFO Executor: Running task 1.0 in stage 28.0 (TID 31)
22/04/07 09:44:57 INFO ShuffleBlockFetcherIterator: Getting 2 (98.0 B) non-empty blocks including 2 (98.0 B) local and 0 (0.0 B) host-local and 0 (0.0 B) remote blocks
22/04/07 09:44:57 INFO ShuffleBlockFetcherIterator: Started 0 remote fetches in 0 ms
22/04/07 09:44:57 INFO Executor: Finished task 1.0 in stage 28.0 (TID 31). 1436 bytes result sent to driver
22/04/07 09:44:57 INFO TaskSetManager: Finished task 1.0 in stage 28.0 (TID 31) in 12 ms on exp-1-20.expanse.sdsc.edu (executor driver) (1/2)
22/04/07 09:44:57 INFO Executor: Running task 0.0 in stage 28.0 (TID 30)
22/04/07 09:44:57 INFO ShuffleBlockFetcherIterator: Getting 2 (98.0 B) non-empty blocks including 2 (98.0 B) local and 0 (0.0 B) host-local and 0 (0.0 B) remote blocks
22/04/07 09:44:57 INFO ShuffleBlockFetcherIterator: Started 0 remote fetches in 0 ms
22/04/07 09:44:57 INFO Executor: Finished task 0.0 in stage 28.0 (TID 30). 1436 bytes result sent to driver
22/04/07 09:44:57 INFO TaskSetManager: Finished task 0.0 in stage 28.0 (TID 30) in 20 ms on exp-1-20.expanse.sdsc.edu (executor driver) (2/2)
22/04/07 09:44:57 INFO TaskSchedulerImpl: Removed TaskSet 28.0, whose tasks have all completed, from pool 
22/04/07 09:44:57 INFO DAGScheduler: ResultStage 28 (collect at Graph.scala:30) finished in 0.025 s
22/04/07 09:44:57 INFO DAGScheduler: Job 1 is finished. Cancelling potential speculative or zombie tasks for this job
22/04/07 09:44:57 INFO TaskSchedulerImpl: Killing all running tasks in stage 28: Stage finished
22/04/07 09:44:57 INFO DAGScheduler: Job 1 finished: collect at Graph.scala:30, took 0.198871 s
(0,1)
(1,2)
(2,2)
(3,1)
22/04/07 09:44:57 INFO BlockManagerInfo: Removed broadcast_12_piece0 on exp-1-20.expanse.sdsc.edu:46053 in memory (size: 3.6 KiB, free: 434.3 MiB)
22/04/07 09:44:57 INFO SparkUI: Stopped Spark web UI at http://exp-1-20.expanse.sdsc.edu:4040
22/04/07 09:44:58 INFO MapOutputTrackerMasterEndpoint: MapOutputTrackerMasterEndpoint stopped!
22/04/07 09:44:58 INFO MemoryStore: MemoryStore cleared
22/04/07 09:44:58 INFO BlockManager: BlockManager stopped
22/04/07 09:44:58 INFO BlockManagerMaster: BlockManagerMaster stopped
22/04/07 09:44:58 INFO OutputCommitCoordinator$OutputCommitCoordinatorEndpoint: OutputCommitCoordinator stopped!
22/04/07 09:44:58 INFO SparkContext: Successfully stopped SparkContext
22/04/07 09:44:58 INFO ShutdownHookManager: Shutdown hook called
22/04/07 09:44:58 INFO ShutdownHookManager: Deleting directory /tmp/spark-244b9f76-e252-4e5a-b9c2-941266f57beb
22/04/07 09:44:58 INFO ShutdownHookManager: Deleting directory /tmp/spark-1d718e0d-7de6-4819-8639-ac8e6d214159
