myHadoop: Using HADOOP_HOME=/expanse/lustre/projects/uot143/fegaras/hadoop-3.2.2
myHadoop: Using MH_SCRATCH_DIR=/scratch/ard5625/job_10983139
myHadoop: Using JAVA_HOME=/cm/shared/apps/spack/cpu/opt/spack/linux-centos8-zen2/gcc-10.2.0/openjdk-11.0.2-ysua3xn34v6hnko3reiffhlg2r2q7fol
myHadoop: Generating Hadoop configuration in directory in /home/ard5625/expansecluster...
myHadoop: Backing up old config dir to /home/ard5625/expansecluster.8...
renamed '/home/ard5625/expansecluster' -> '/home/ard5625/expansecluster.8'
myHadoop: Designating exp-1-38 as master node (namenode, secondary namenode, and jobtracker)
myHadoop: The following nodes will be slaves (datanode, tasktracer):
exp-1-38
WARNING: /scratch/ard5625/job_10983139/pids does not exist. Creating.
WARNING: /scratch/ard5625/job_10983139/logs does not exist. Creating.
2022-03-29 00:27:30,424 INFO namenode.NameNode: STARTUP_MSG: 
/************************************************************
STARTUP_MSG: Starting NameNode
STARTUP_MSG:   host = exp-1-38/198.202.103.217
STARTUP_MSG:   args = [-format, -nonInteractive, -force]
STARTUP_MSG:   version = 3.2.2
STARTUP_MSG:   classpath = /home/ard5625/expansecluster:/expanse/lustre/projects/uot143/fegaras/hadoop-3.2.2/share/hadoop/common/lib/nimbus-jose-jwt-7.9.jar:/expanse/lustre/projects/uot143/fegaras/hadoop-3.2.2/share/hadoop/common/lib/gson-2.2.4.jar:/expanse/lustre/projects/uot143/fegaras/hadoop-3.2.2/share/hadoop/common/lib/commons-compress-1.19.jar:/expanse/lustre/projects/uot143/fegaras/hadoop-3.2.2/share/hadoop/common/lib/jcip-annotations-1.0-1.jar:/expanse/lustre/projects/uot143/fegaras/hadoop-3.2.2/share/hadoop/common/lib/kerby-util-1.0.1.jar:/expanse/lustre/projects/uot143/fegaras/hadoop-3.2.2/share/hadoop/common/lib/dnsjava-2.1.7.jar:/expanse/lustre/projects/uot143/fegaras/hadoop-3.2.2/share/hadoop/common/lib/jetty-io-9.4.20.v20190813.jar:/expanse/lustre/projects/uot143/fegaras/hadoop-3.2.2/share/hadoop/common/lib/hadoop-auth-3.2.2.jar:/expanse/lustre/projects/uot143/fegaras/hadoop-3.2.2/share/hadoop/common/lib/htrace-core4-4.1.0-incubating.jar:/expanse/lustre/projects/uot143/fegaras/hadoop-3.2.2/share/hadoop/common/lib/metrics-core-3.2.4.jar:/expanse/lustre/projects/uot143/fegaras/hadoop-3.2.2/share/hadoop/common/lib/jetty-security-9.4.20.v20190813.jar:/expanse/lustre/projects/uot143/fegaras/hadoop-3.2.2/share/hadoop/common/lib/commons-lang3-3.7.jar:/expanse/lustre/projects/uot143/fegaras/hadoop-3.2.2/share/hadoop/common/lib/jsp-api-2.1.jar:/expanse/lustre/projects/uot143/fegaras/hadoop-3.2.2/share/hadoop/common/lib/javax.servlet-api-3.1.0.jar:/expanse/lustre/projects/uot143/fegaras/hadoop-3.2.2/share/hadoop/common/lib/asm-5.0.4.jar:/expanse/lustre/projects/uot143/fegaras/hadoop-3.2.2/share/hadoop/common/lib/jackson-databind-2.9.10.4.jar:/expanse/lustre/projects/uot143/fegaras/hadoop-3.2.2/share/hadoop/common/lib/jackson-xc-1.9.13.jar:/expanse/lustre/projects/uot143/fegaras/hadoop-3.2.2/share/hadoop/common/lib/guava-27.0-jre.jar:/expanse/lustre/projects/uot143/fegaras/hadoop-3.2.2/share/hadoop/common/lib/slf4j-log4j12-1.7.25.jar:/expanse/lustre/projects/uot143/fegaras/hadoop-3.2.2/share/hadoop/common/lib/kerb-server-1.0.1.jar:/expanse/lustre/projects/uot143/fegaras/hadoop-3.2.2/share/hadoop/common/lib/kerb-crypto-1.0.1.jar:/expanse/lustre/projects/uot143/fegaras/hadoop-3.2.2/share/hadoop/common/lib/protobuf-java-2.5.0.jar:/expanse/lustre/projects/uot143/fegaras/hadoop-3.2.2/share/hadoop/common/lib/commons-net-3.6.jar:/expanse/lustre/projects/uot143/fegaras/hadoop-3.2.2/share/hadoop/common/lib/jul-to-slf4j-1.7.25.jar:/expanse/lustre/projects/uot143/fegaras/hadoop-3.2.2/share/hadoop/common/lib/kerb-core-1.0.1.jar:/expanse/lustre/projects/uot143/fegaras/hadoop-3.2.2/share/hadoop/common/lib/commons-logging-1.1.3.jar:/expanse/lustre/projects/uot143/fegaras/hadoop-3.2.2/share/hadoop/common/lib/curator-recipes-2.13.0.jar:/expanse/lustre/projects/uot143/fegaras/hadoop-3.2.2/share/hadoop/common/lib/jersey-core-1.19.jar:/expanse/lustre/projects/uot143/fegaras/hadoop-3.2.2/share/hadoop/common/lib/kerb-common-1.0.1.jar:/expanse/lustre/projects/uot143/fegaras/hadoop-3.2.2/share/hadoop/common/lib/kerby-pkix-1.0.1.jar:/expanse/lustre/projects/uot143/fegaras/hadoop-3.2.2/share/hadoop/common/lib/hadoop-annotations-3.2.2.jar:/expanse/lustre/projects/uot143/fegaras/hadoop-3.2.2/share/hadoop/common/lib/kerby-asn1-1.0.1.jar:/expanse/lustre/projects/uot143/fegaras/hadoop-3.2.2/share/hadoop/common/lib/log4j-1.2.17.jar:/expanse/lustre/projects/uot143/fegaras/hadoop-3.2.2/share/hadoop/common/lib/commons-text-1.4.jar:/expanse/lustre/projects/uot143/fegaras/hadoop-3.2.2/share/hadoop/common/lib/kerb-identity-1.0.1.jar:/expanse/lustre/projects/uot143/fegaras/hadoop-3.2.2/share/hadoop/common/lib/re2j-1.1.jar:/expanse/lustre/projects/uot143/fegaras/hadoop-3.2.2/share/hadoop/common/lib/commons-io-2.5.jar:/expanse/lustre/projects/uot143/fegaras/hadoop-3.2.2/share/hadoop/common/lib/jersey-servlet-1.19.jar:/expanse/lustre/projects/uot143/fegaras/hadoop-3.2.2/share/hadoop/common/lib/accessors-smart-1.2.jar:/expanse/lustre/projects/uot143/fegaras/hadoop-3.2.2/share/hadoop/common/lib/jersey-server-1.19.jar:/expanse/lustre/projects/uot143/fegaras/hadoop-3.2.2/share/hadoop/common/lib/avro-1.7.7.jar:/expanse/lustre/projects/uot143/fegaras/hadoop-3.2.2/share/hadoop/common/lib/kerb-client-1.0.1.jar:/expanse/lustre/projects/uot143/fegaras/hadoop-3.2.2/share/hadoop/common/lib/javax.activation-api-1.2.0.jar:/expanse/lustre/projects/uot143/fegaras/hadoop-3.2.2/share/hadoop/common/lib/jetty-xml-9.4.20.v20190813.jar:/expanse/lustre/projects/uot143/fegaras/hadoop-3.2.2/share/hadoop/common/lib/failureaccess-1.0.jar:/expanse/lustre/projects/uot143/fegaras/hadoop-3.2.2/share/hadoop/common/lib/woodstox-core-5.0.3.jar:/expanse/lustre/projects/uot143/fegaras/hadoop-3.2.2/share/hadoop/common/lib/j2objc-annotations-1.1.jar:/expanse/lustre/projects/uot143/fegaras/hadoop-3.2.2/share/hadoop/common/lib/jackson-annotations-2.9.10.jar:/expanse/lustre/projects/uot143/fegaras/hadoop-3.2.2/share/hadoop/common/lib/audience-annotations-0.5.0.jar:/expanse/lustre/projects/uot143/fegaras/hadoop-3.2.2/share/hadoop/common/lib/snappy-java-1.0.5.jar:/expanse/lustre/projects/uot143/fegaras/hadoop-3.2.2/share/hadoop/common/lib/paranamer-2.3.jar:/expanse/lustre/projects/uot143/fegaras/hadoop-3.2.2/share/hadoop/common/lib/jackson-core-asl-1.9.13.jar:/expanse/lustre/projects/uot143/fegaras/hadoop-3.2.2/share/hadoop/common/lib/jettison-1.1.jar:/expanse/lustre/projects/uot143/fegaras/hadoop-3.2.2/share/hadoop/common/lib/kerby-xdr-1.0.1.jar:/expanse/lustre/projects/uot143/fegaras/hadoop-3.2.2/share/hadoop/common/lib/kerb-util-1.0.1.jar:/expanse/lustre/projects/uot143/fegaras/hadoop-3.2.2/share/hadoop/common/lib/commons-cli-1.2.jar:/expanse/lustre/projects/uot143/fegaras/hadoop-3.2.2/share/hadoop/common/lib/curator-framework-2.13.0.jar:/expanse/lustre/projects/uot143/fegaras/hadoop-3.2.2/share/hadoop/common/lib/jsr305-3.0.2.jar:/expanse/lustre/projects/uot143/fegaras/hadoop-3.2.2/share/hadoop/common/lib/error_prone_annotations-2.2.0.jar:/expanse/lustre/projects/uot143/fegaras/hadoop-3.2.2/share/hadoop/common/lib/zookeeper-3.4.13.jar:/expanse/lustre/projects/uot143/fegaras/hadoop-3.2.2/share/hadoop/common/lib/listenablefuture-9999.0-empty-to-avoid-conflict-with-guava.jar:/expanse/lustre/projects/uot143/fegaras/hadoop-3.2.2/share/hadoop/common/lib/commons-beanutils-1.9.4.jar:/expanse/lustre/projects/uot143/fegaras/hadoop-3.2.2/share/hadoop/common/lib/httpcore-4.4.13.jar:/expanse/lustre/projects/uot143/fegaras/hadoop-3.2.2/share/hadoop/common/lib/httpclient-4.5.13.jar:/expanse/lustre/projects/uot143/fegaras/hadoop-3.2.2/share/hadoop/common/lib/kerb-admin-1.0.1.jar:/expanse/lustre/projects/uot143/fegaras/hadoop-3.2.2/share/hadoop/common/lib/jetty-servlet-9.4.20.v20190813.jar:/expanse/lustre/projects/uot143/fegaras/hadoop-3.2.2/share/hadoop/common/lib/commons-collections-3.2.2.jar:/expanse/lustre/projects/uot143/fegaras/hadoop-3.2.2/share/hadoop/common/lib/token-provider-1.0.1.jar:/expanse/lustre/projects/uot143/fegaras/hadoop-3.2.2/share/hadoop/common/lib/jetty-util-9.4.20.v20190813.jar:/expanse/lustre/projects/uot143/fegaras/hadoop-3.2.2/share/hadoop/common/lib/jersey-json-1.19.jar:/expanse/lustre/projects/uot143/fegaras/hadoop-3.2.2/share/hadoop/common/lib/slf4j-api-1.7.25.jar:/expanse/lustre/projects/uot143/fegaras/hadoop-3.2.2/share/hadoop/common/lib/kerb-simplekdc-1.0.1.jar:/expanse/lustre/projects/uot143/fegaras/hadoop-3.2.2/share/hadoop/common/lib/jsr311-api-1.1.1.jar:/expanse/lustre/projects/uot143/fegaras/hadoop-3.2.2/share/hadoop/common/lib/jaxb-api-2.2.11.jar:/expanse/lustre/projects/uot143/fegaras/hadoop-3.2.2/share/hadoop/common/lib/commons-math3-3.1.1.jar:/expanse/lustre/projects/uot143/fegaras/hadoop-3.2.2/share/hadoop/common/lib/json-smart-2.3.jar:/expanse/lustre/projects/uot143/fegaras/hadoop-3.2.2/share/hadoop/common/lib/curator-client-2.13.0.jar:/expanse/lustre/projects/uot143/fegaras/hadoop-3.2.2/share/hadoop/common/lib/jaxb-impl-2.2.3-1.jar:/expanse/lustre/projects/uot143/fegaras/hadoop-3.2.2/share/hadoop/common/lib/commons-configuration2-2.1.1.jar:/expanse/lustre/projects/uot143/fegaras/hadoop-3.2.2/share/hadoop/common/lib/netty-3.10.6.Final.jar:/expanse/lustre/projects/uot143/fegaras/hadoop-3.2.2/share/hadoop/common/lib/jackson-mapper-asl-1.9.13.jar:/expanse/lustre/projects/uot143/fegaras/hadoop-3.2.2/share/hadoop/common/lib/stax2-api-3.1.4.jar:/expanse/lustre/projects/uot143/fegaras/hadoop-3.2.2/share/hadoop/common/lib/commons-codec-1.11.jar:/expanse/lustre/projects/uot143/fegaras/hadoop-3.2.2/share/hadoop/common/lib/jetty-http-9.4.20.v20190813.jar:/expanse/lustre/projects/uot143/fegaras/hadoop-3.2.2/share/hadoop/common/lib/jackson-jaxrs-1.9.13.jar:/expanse/lustre/projects/uot143/fegaras/hadoop-3.2.2/share/hadoop/common/lib/kerby-config-1.0.1.jar:/expanse/lustre/projects/uot143/fegaras/hadoop-3.2.2/share/hadoop/common/lib/checker-qual-2.5.2.jar:/expanse/lustre/projects/uot143/fegaras/hadoop-3.2.2/share/hadoop/common/lib/jetty-webapp-9.4.20.v20190813.jar:/expanse/lustre/projects/uot143/fegaras/hadoop-3.2.2/share/hadoop/common/lib/jsch-0.1.55.jar:/expanse/lustre/projects/uot143/fegaras/hadoop-3.2.2/share/hadoop/common/lib/animal-sniffer-annotations-1.17.jar:/expanse/lustre/projects/uot143/fegaras/hadoop-3.2.2/share/hadoop/common/lib/jetty-server-9.4.20.v20190813.jar:/expanse/lustre/projects/uot143/fegaras/hadoop-3.2.2/share/hadoop/common/lib/jackson-core-2.9.10.jar:/expanse/lustre/projects/uot143/fegaras/hadoop-3.2.2/share/hadoop/common/hadoop-common-3.2.2-tests.jar:/expanse/lustre/projects/uot143/fegaras/hadoop-3.2.2/share/hadoop/common/hadoop-common-3.2.2.jar:/expanse/lustre/projects/uot143/fegaras/hadoop-3.2.2/share/hadoop/common/hadoop-kms-3.2.2.jar:/expanse/lustre/projects/uot143/fegaras/hadoop-3.2.2/share/hadoop/common/hadoop-nfs-3.2.2.jar:/expanse/lustre/projects/uot143/fegaras/hadoop-3.2.2/share/hadoop/hdfs:/expanse/lustre/projects/uot143/fegaras/hadoop-3.2.2/share/hadoop/hdfs/lib/hadoop-annotations-3.2.2.jar:/expanse/lustre/projects/uot143/fegaras/hadoop-3.2.2/share/hadoop/hdfs/lib/failureaccess-1.0.jar:/expanse/lustre/projects/uot143/fegaras/hadoop-3.2.2/share/hadoop/hdfs/lib/gson-2.2.4.jar:/expanse/lustre/projects/uot143/fegaras/hadoop-3.2.2/share/hadoop/hdfs/lib/curator-recipes-2.13.0.jar:/expanse/lustre/projects/uot143/fegaras/hadoop-3.2.2/share/hadoop/hdfs/lib/okio-1.6.0.jar:/expanse/lustre/projects/uot143/fegaras/hadoop-3.2.2/share/hadoop/hdfs/lib/snappy-java-1.0.5.jar:/expanse/lustre/projects/uot143/fegaras/hadoop-3.2.2/share/hadoop/hdfs/lib/jackson-mapper-asl-1.9.13.jar:/expanse/lustre/projects/uot143/fegaras/hadoop-3.2.2/share/hadoop/hdfs/lib/kerby-asn1-1.0.1.jar:/expanse/lustre/projects/uot143/fegaras/hadoop-3.2.2/share/hadoop/hdfs/lib/kerby-pkix-1.0.1.jar:/expanse/lustre/projects/uot143/fegaras/hadoop-3.2.2/share/hadoop/hdfs/lib/jersey-core-1.19.jar:/expanse/lustre/projects/uot143/fegaras/hadoop-3.2.2/share/hadoop/hdfs/lib/asm-5.0.4.jar:/expanse/lustre/projects/uot143/fegaras/hadoop-3.2.2/share/hadoop/hdfs/lib/kerb-client-1.0.1.jar:/expanse/lustre/projects/uot143/fegaras/hadoop-3.2.2/share/hadoop/hdfs/lib/commons-text-1.4.jar:/expanse/lustre/projects/uot143/fegaras/hadoop-3.2.2/share/hadoop/hdfs/lib/jetty-servlet-9.4.20.v20190813.jar:/expanse/lustre/projects/uot143/fegaras/hadoop-3.2.2/share/hadoop/hdfs/lib/kerb-common-1.0.1.jar:/expanse/lustre/projects/uot143/fegaras/hadoop-3.2.2/share/hadoop/hdfs/lib/commons-net-3.6.jar:/expanse/lustre/projects/uot143/fegaras/hadoop-3.2.2/share/hadoop/hdfs/lib/j2objc-annotations-1.1.jar:/expanse/lustre/projects/uot143/fegaras/hadoop-3.2.2/share/hadoop/hdfs/lib/json-smart-2.3.jar:/expanse/lustre/projects/uot143/fegaras/hadoop-3.2.2/share/hadoop/hdfs/lib/kerb-core-1.0.1.jar:/expanse/lustre/projects/uot143/fegaras/hadoop-3.2.2/share/hadoop/hdfs/lib/okhttp-2.7.5.jar:/expanse/lustre/projects/uot143/fegaras/hadoop-3.2.2/share/hadoop/hdfs/lib/kerb-server-1.0.1.jar:/expanse/lustre/projects/uot143/fegaras/hadoop-3.2.2/share/hadoop/hdfs/lib/kerb-crypto-1.0.1.jar:/expanse/lustre/projects/uot143/fegaras/hadoop-3.2.2/share/hadoop/hdfs/lib/netty-all-4.1.48.Final.jar:/expanse/lustre/projects/uot143/fegaras/hadoop-3.2.2/share/hadoop/hdfs/lib/kerby-config-1.0.1.jar:/expanse/lustre/projects/uot143/fegaras/hadoop-3.2.2/share/hadoop/hdfs/lib/kerby-util-1.0.1.jar:/expanse/lustre/projects/uot143/fegaras/hadoop-3.2.2/share/hadoop/hdfs/lib/commons-codec-1.11.jar:/expanse/lustre/projects/uot143/fegaras/hadoop-3.2.2/share/hadoop/hdfs/lib/htrace-core4-4.1.0-incubating.jar:/expanse/lustre/projects/uot143/fegaras/hadoop-3.2.2/share/hadoop/hdfs/lib/log4j-1.2.17.jar:/expanse/lustre/projects/uot143/fegaras/hadoop-3.2.2/share/hadoop/hdfs/lib/commons-lang3-3.7.jar:/expanse/lustre/projects/uot143/fegaras/hadoop-3.2.2/share/hadoop/hdfs/lib/curator-client-2.13.0.jar:/expanse/lustre/projects/uot143/fegaras/hadoop-3.2.2/share/hadoop/hdfs/lib/jcip-annotations-1.0-1.jar:/expanse/lustre/projects/uot143/fegaras/hadoop-3.2.2/share/hadoop/hdfs/lib/leveldbjni-all-1.8.jar:/expanse/lustre/projects/uot143/fegaras/hadoop-3.2.2/share/hadoop/hdfs/lib/commons-math3-3.1.1.jar:/expanse/lustre/projects/uot143/fegaras/hadoop-3.2.2/share/hadoop/hdfs/lib/checker-qual-2.5.2.jar:/expanse/lustre/projects/uot143/fegaras/hadoop-3.2.2/share/hadoop/hdfs/lib/jackson-xc-1.9.13.jar:/expanse/lustre/projects/uot143/fegaras/hadoop-3.2.2/share/hadoop/hdfs/lib/paranamer-2.3.jar:/expanse/lustre/projects/uot143/fegaras/hadoop-3.2.2/share/hadoop/hdfs/lib/avro-1.7.7.jar:/expanse/lustre/projects/uot143/fegaras/hadoop-3.2.2/share/hadoop/hdfs/lib/hadoop-auth-3.2.2.jar:/expanse/lustre/projects/uot143/fegaras/hadoop-3.2.2/share/hadoop/hdfs/lib/jackson-core-2.9.10.jar:/expanse/lustre/projects/uot143/fegaras/hadoop-3.2.2/share/hadoop/hdfs/lib/javax.servlet-api-3.1.0.jar:/expanse/lustre/projects/uot143/fegaras/hadoop-3.2.2/share/hadoop/hdfs/lib/jetty-security-9.4.20.v20190813.jar:/expanse/lustre/projects/uot143/fegaras/hadoop-3.2.2/share/hadoop/hdfs/lib/netty-3.10.6.Final.jar:/expanse/lustre/projects/uot143/fegaras/hadoop-3.2.2/share/hadoop/hdfs/lib/commons-collections-3.2.2.jar:/expanse/lustre/projects/uot143/fegaras/hadoop-3.2.2/share/hadoop/hdfs/lib/jsr311-api-1.1.1.jar:/expanse/lustre/projects/uot143/fegaras/hadoop-3.2.2/share/hadoop/hdfs/lib/commons-compress-1.19.jar:/expanse/lustre/projects/uot143/fegaras/hadoop-3.2.2/share/hadoop/hdfs/lib/stax2-api-3.1.4.jar:/expanse/lustre/projects/uot143/fegaras/hadoop-3.2.2/share/hadoop/hdfs/lib/jettison-1.1.jar:/expanse/lustre/projects/uot143/fegaras/hadoop-3.2.2/share/hadoop/hdfs/lib/kerb-simplekdc-1.0.1.jar:/expanse/lustre/projects/uot143/fegaras/hadoop-3.2.2/share/hadoop/hdfs/lib/json-simple-1.1.1.jar:/expanse/lustre/projects/uot143/fegaras/hadoop-3.2.2/share/hadoop/hdfs/lib/commons-daemon-1.0.13.jar:/expanse/lustre/projects/uot143/fegaras/hadoop-3.2.2/share/hadoop/hdfs/lib/jersey-json-1.19.jar:/expanse/lustre/projects/uot143/fegaras/hadoop-3.2.2/share/hadoop/hdfs/lib/jsr305-3.0.2.jar:/expanse/lustre/projects/uot143/fegaras/hadoop-3.2.2/share/hadoop/hdfs/lib/nimbus-jose-jwt-7.9.jar:/expanse/lustre/projects/uot143/fegaras/hadoop-3.2.2/share/hadoop/hdfs/lib/commons-io-2.5.jar:/expanse/lustre/projects/uot143/fegaras/hadoop-3.2.2/share/hadoop/hdfs/lib/jaxb-impl-2.2.3-1.jar:/expanse/lustre/projects/uot143/fegaras/hadoop-3.2.2/share/hadoop/hdfs/lib/animal-sniffer-annotations-1.17.jar:/expanse/lustre/projects/uot143/fegaras/hadoop-3.2.2/share/hadoop/hdfs/lib/jackson-jaxrs-1.9.13.jar:/expanse/lustre/projects/uot143/fegaras/hadoop-3.2.2/share/hadoop/hdfs/lib/jaxb-api-2.2.11.jar:/expanse/lustre/projects/uot143/fegaras/hadoop-3.2.2/share/hadoop/hdfs/lib/re2j-1.1.jar:/expanse/lustre/projects/uot143/fegaras/hadoop-3.2.2/share/hadoop/hdfs/lib/jetty-server-9.4.20.v20190813.jar:/expanse/lustre/projects/uot143/fegaras/hadoop-3.2.2/share/hadoop/hdfs/lib/jetty-util-9.4.20.v20190813.jar:/expanse/lustre/projects/uot143/fegaras/hadoop-3.2.2/share/hadoop/hdfs/lib/jetty-webapp-9.4.20.v20190813.jar:/expanse/lustre/projects/uot143/fegaras/hadoop-3.2.2/share/hadoop/hdfs/lib/jersey-server-1.19.jar:/expanse/lustre/projects/uot143/fegaras/hadoop-3.2.2/share/hadoop/hdfs/lib/httpcore-4.4.13.jar:/expanse/lustre/projects/uot143/fegaras/hadoop-3.2.2/share/hadoop/hdfs/lib/guava-27.0-jre.jar:/expanse/lustre/projects/uot143/fegaras/hadoop-3.2.2/share/hadoop/hdfs/lib/kerb-identity-1.0.1.jar:/expanse/lustre/projects/uot143/fegaras/hadoop-3.2.2/share/hadoop/hdfs/lib/dnsjava-2.1.7.jar:/expanse/lustre/projects/uot143/fegaras/hadoop-3.2.2/share/hadoop/hdfs/lib/listenablefuture-9999.0-empty-to-avoid-conflict-with-guava.jar:/expanse/lustre/projects/uot143/fegaras/hadoop-3.2.2/share/hadoop/hdfs/lib/commons-logging-1.1.3.jar:/expanse/lustre/projects/uot143/fegaras/hadoop-3.2.2/share/hadoop/hdfs/lib/curator-framework-2.13.0.jar:/expanse/lustre/projects/uot143/fegaras/hadoop-3.2.2/share/hadoop/hdfs/lib/jackson-core-asl-1.9.13.jar:/expanse/lustre/projects/uot143/fegaras/hadoop-3.2.2/share/hadoop/hdfs/lib/protobuf-java-2.5.0.jar:/expanse/lustre/projects/uot143/fegaras/hadoop-3.2.2/share/hadoop/hdfs/lib/httpclient-4.5.13.jar:/expanse/lustre/projects/uot143/fegaras/hadoop-3.2.2/share/hadoop/hdfs/lib/error_prone_annotations-2.2.0.jar:/expanse/lustre/projects/uot143/fegaras/hadoop-3.2.2/share/hadoop/hdfs/lib/zookeeper-3.4.13.jar:/expanse/lustre/projects/uot143/fegaras/hadoop-3.2.2/share/hadoop/hdfs/lib/commons-configuration2-2.1.1.jar:/expanse/lustre/projects/uot143/fegaras/hadoop-3.2.2/share/hadoop/hdfs/lib/jsch-0.1.55.jar:/expanse/lustre/projects/uot143/fegaras/hadoop-3.2.2/share/hadoop/hdfs/lib/jetty-io-9.4.20.v20190813.jar:/expanse/lustre/projects/uot143/fegaras/hadoop-3.2.2/share/hadoop/hdfs/lib/kerb-admin-1.0.1.jar:/expanse/lustre/projects/uot143/fegaras/hadoop-3.2.2/share/hadoop/hdfs/lib/jetty-util-ajax-9.4.20.v20190813.jar:/expanse/lustre/projects/uot143/fegaras/hadoop-3.2.2/share/hadoop/hdfs/lib/jackson-databind-2.9.10.4.jar:/expanse/lustre/projects/uot143/fegaras/hadoop-3.2.2/share/hadoop/hdfs/lib/commons-beanutils-1.9.4.jar:/expanse/lustre/projects/uot143/fegaras/hadoop-3.2.2/share/hadoop/hdfs/lib/jetty-http-9.4.20.v20190813.jar:/expanse/lustre/projects/uot143/fegaras/hadoop-3.2.2/share/hadoop/hdfs/lib/woodstox-core-5.0.3.jar:/expanse/lustre/projects/uot143/fegaras/hadoop-3.2.2/share/hadoop/hdfs/lib/kerb-util-1.0.1.jar:/expanse/lustre/projects/uot143/fegaras/hadoop-3.2.2/share/hadoop/hdfs/lib/kerby-xdr-1.0.1.jar:/expanse/lustre/projects/uot143/fegaras/hadoop-3.2.2/share/hadoop/hdfs/lib/accessors-smart-1.2.jar:/expanse/lustre/projects/uot143/fegaras/hadoop-3.2.2/share/hadoop/hdfs/lib/audience-annotations-0.5.0.jar:/expanse/lustre/projects/uot143/fegaras/hadoop-3.2.2/share/hadoop/hdfs/lib/jersey-servlet-1.19.jar:/expanse/lustre/projects/uot143/fegaras/hadoop-3.2.2/share/hadoop/hdfs/lib/token-provider-1.0.1.jar:/expanse/lustre/projects/uot143/fegaras/hadoop-3.2.2/share/hadoop/hdfs/lib/jackson-annotations-2.9.10.jar:/expanse/lustre/projects/uot143/fegaras/hadoop-3.2.2/share/hadoop/hdfs/lib/commons-cli-1.2.jar:/expanse/lustre/projects/uot143/fegaras/hadoop-3.2.2/share/hadoop/hdfs/lib/jetty-xml-9.4.20.v20190813.jar:/expanse/lustre/projects/uot143/fegaras/hadoop-3.2.2/share/hadoop/hdfs/lib/javax.activation-api-1.2.0.jar:/expanse/lustre/projects/uot143/fegaras/hadoop-3.2.2/share/hadoop/hdfs/hadoop-hdfs-rbf-3.2.2-tests.jar:/expanse/lustre/projects/uot143/fegaras/hadoop-3.2.2/share/hadoop/hdfs/hadoop-hdfs-3.2.2-tests.jar:/expanse/lustre/projects/uot143/fegaras/hadoop-3.2.2/share/hadoop/hdfs/hadoop-hdfs-httpfs-3.2.2.jar:/expanse/lustre/projects/uot143/fegaras/hadoop-3.2.2/share/hadoop/hdfs/hadoop-hdfs-native-client-3.2.2.jar:/expanse/lustre/projects/uot143/fegaras/hadoop-3.2.2/share/hadoop/hdfs/hadoop-hdfs-client-3.2.2-tests.jar:/expanse/lustre/projects/uot143/fegaras/hadoop-3.2.2/share/hadoop/hdfs/hadoop-hdfs-nfs-3.2.2.jar:/expanse/lustre/projects/uot143/fegaras/hadoop-3.2.2/share/hadoop/hdfs/hadoop-hdfs-rbf-3.2.2.jar:/expanse/lustre/projects/uot143/fegaras/hadoop-3.2.2/share/hadoop/hdfs/hadoop-hdfs-3.2.2.jar:/expanse/lustre/projects/uot143/fegaras/hadoop-3.2.2/share/hadoop/hdfs/hadoop-hdfs-client-3.2.2.jar:/expanse/lustre/projects/uot143/fegaras/hadoop-3.2.2/share/hadoop/hdfs/hadoop-hdfs-native-client-3.2.2-tests.jar:/expanse/lustre/projects/uot143/fegaras/hadoop-3.2.2/share/hadoop/mapreduce/lib/junit-4.11.jar:/expanse/lustre/projects/uot143/fegaras/hadoop-3.2.2/share/hadoop/mapreduce/lib/hamcrest-core-1.3.jar:/expanse/lustre/projects/uot143/fegaras/hadoop-3.2.2/share/hadoop/mapreduce/hadoop-mapreduce-client-jobclient-3.2.2.jar:/expanse/lustre/projects/uot143/fegaras/hadoop-3.2.2/share/hadoop/mapreduce/hadoop-mapreduce-client-hs-plugins-3.2.2.jar:/expanse/lustre/projects/uot143/fegaras/hadoop-3.2.2/share/hadoop/mapreduce/hadoop-mapreduce-client-hs-3.2.2.jar:/expanse/lustre/projects/uot143/fegaras/hadoop-3.2.2/share/hadoop/mapreduce/hadoop-mapreduce-client-shuffle-3.2.2.jar:/expanse/lustre/projects/uot143/fegaras/hadoop-3.2.2/share/hadoop/mapreduce/hadoop-mapreduce-client-nativetask-3.2.2.jar:/expanse/lustre/projects/uot143/fegaras/hadoop-3.2.2/share/hadoop/mapreduce/hadoop-mapreduce-client-uploader-3.2.2.jar:/expanse/lustre/projects/uot143/fegaras/hadoop-3.2.2/share/hadoop/mapreduce/hadoop-mapreduce-client-core-3.2.2.jar:/expanse/lustre/projects/uot143/fegaras/hadoop-3.2.2/share/hadoop/mapreduce/hadoop-mapreduce-client-app-3.2.2.jar:/expanse/lustre/projects/uot143/fegaras/hadoop-3.2.2/share/hadoop/mapreduce/hadoop-mapreduce-client-common-3.2.2.jar:/expanse/lustre/projects/uot143/fegaras/hadoop-3.2.2/share/hadoop/mapreduce/hadoop-mapreduce-client-jobclient-3.2.2-tests.jar:/expanse/lustre/projects/uot143/fegaras/hadoop-3.2.2/share/hadoop/mapreduce/hadoop-mapreduce-examples-3.2.2.jar:/expanse/lustre/projects/uot143/fegaras/hadoop-3.2.2/share/hadoop/yarn:/expanse/lustre/projects/uot143/fegaras/hadoop-3.2.2/share/hadoop/yarn/lib/mssql-jdbc-6.2.1.jre7.jar:/expanse/lustre/projects/uot143/fegaras/hadoop-3.2.2/share/hadoop/yarn/lib/jersey-guice-1.19.jar:/expanse/lustre/projects/uot143/fegaras/hadoop-3.2.2/share/hadoop/yarn/lib/snakeyaml-1.16.jar:/expanse/lustre/projects/uot143/fegaras/hadoop-3.2.2/share/hadoop/yarn/lib/swagger-annotations-1.5.4.jar:/expanse/lustre/projects/uot143/fegaras/hadoop-3.2.2/share/hadoop/yarn/lib/jackson-module-jaxb-annotations-2.9.10.jar:/expanse/lustre/projects/uot143/fegaras/hadoop-3.2.2/share/hadoop/yarn/lib/guice-servlet-4.0.jar:/expanse/lustre/projects/uot143/fegaras/hadoop-3.2.2/share/hadoop/yarn/lib/jackson-jaxrs-json-provider-2.9.10.jar:/expanse/lustre/projects/uot143/fegaras/hadoop-3.2.2/share/hadoop/yarn/lib/aopalliance-1.0.jar:/expanse/lustre/projects/uot143/fegaras/hadoop-3.2.2/share/hadoop/yarn/lib/ehcache-3.3.1.jar:/expanse/lustre/projects/uot143/fegaras/hadoop-3.2.2/share/hadoop/yarn/lib/fst-2.50.jar:/expanse/lustre/projects/uot143/fegaras/hadoop-3.2.2/share/hadoop/yarn/lib/geronimo-jcache_1.0_spec-1.0-alpha-1.jar:/expanse/lustre/projects/uot143/fegaras/hadoop-3.2.2/share/hadoop/yarn/lib/json-io-2.5.1.jar:/expanse/lustre/projects/uot143/fegaras/hadoop-3.2.2/share/hadoop/yarn/lib/bcprov-jdk15on-1.60.jar:/expanse/lustre/projects/uot143/fegaras/hadoop-3.2.2/share/hadoop/yarn/lib/javax.inject-1.jar:/expanse/lustre/projects/uot143/fegaras/hadoop-3.2.2/share/hadoop/yarn/lib/objenesis-1.0.jar:/expanse/lustre/projects/uot143/fegaras/hadoop-3.2.2/share/hadoop/yarn/lib/guice-4.0.jar:/expanse/lustre/projects/uot143/fegaras/hadoop-3.2.2/share/hadoop/yarn/lib/bcpkix-jdk15on-1.60.jar:/expanse/lustre/projects/uot143/fegaras/hadoop-3.2.2/share/hadoop/yarn/lib/metrics-core-3.2.4.jar:/expanse/lustre/projects/uot143/fegaras/hadoop-3.2.2/share/hadoop/yarn/lib/HikariCP-java7-2.4.12.jar:/expanse/lustre/projects/uot143/fegaras/hadoop-3.2.2/share/hadoop/yarn/lib/java-util-1.9.0.jar:/expanse/lustre/projects/uot143/fegaras/hadoop-3.2.2/share/hadoop/yarn/lib/jersey-client-1.19.jar:/expanse/lustre/projects/uot143/fegaras/hadoop-3.2.2/share/hadoop/yarn/lib/jackson-jaxrs-base-2.9.10.jar:/expanse/lustre/projects/uot143/fegaras/hadoop-3.2.2/share/hadoop/yarn/hadoop-yarn-submarine-3.2.2.jar:/expanse/lustre/projects/uot143/fegaras/hadoop-3.2.2/share/hadoop/yarn/hadoop-yarn-server-applicationhistoryservice-3.2.2.jar:/expanse/lustre/projects/uot143/fegaras/hadoop-3.2.2/share/hadoop/yarn/hadoop-yarn-server-router-3.2.2.jar:/expanse/lustre/projects/uot143/fegaras/hadoop-3.2.2/share/hadoop/yarn/hadoop-yarn-server-sharedcachemanager-3.2.2.jar:/expanse/lustre/projects/uot143/fegaras/hadoop-3.2.2/share/hadoop/yarn/hadoop-yarn-server-resourcemanager-3.2.2.jar:/expanse/lustre/projects/uot143/fegaras/hadoop-3.2.2/share/hadoop/yarn/hadoop-yarn-server-timeline-pluginstorage-3.2.2.jar:/expanse/lustre/projects/uot143/fegaras/hadoop-3.2.2/share/hadoop/yarn/hadoop-yarn-services-api-3.2.2.jar:/expanse/lustre/projects/uot143/fegaras/hadoop-3.2.2/share/hadoop/yarn/hadoop-yarn-server-tests-3.2.2.jar:/expanse/lustre/projects/uot143/fegaras/hadoop-3.2.2/share/hadoop/yarn/hadoop-yarn-services-core-3.2.2.jar:/expanse/lustre/projects/uot143/fegaras/hadoop-3.2.2/share/hadoop/yarn/hadoop-yarn-server-nodemanager-3.2.2.jar:/expanse/lustre/projects/uot143/fegaras/hadoop-3.2.2/share/hadoop/yarn/hadoop-yarn-api-3.2.2.jar:/expanse/lustre/projects/uot143/fegaras/hadoop-3.2.2/share/hadoop/yarn/hadoop-yarn-applications-distributedshell-3.2.2.jar:/expanse/lustre/projects/uot143/fegaras/hadoop-3.2.2/share/hadoop/yarn/hadoop-yarn-server-common-3.2.2.jar:/expanse/lustre/projects/uot143/fegaras/hadoop-3.2.2/share/hadoop/yarn/hadoop-yarn-server-web-proxy-3.2.2.jar:/expanse/lustre/projects/uot143/fegaras/hadoop-3.2.2/share/hadoop/yarn/hadoop-yarn-common-3.2.2.jar:/expanse/lustre/projects/uot143/fegaras/hadoop-3.2.2/share/hadoop/yarn/hadoop-yarn-applications-unmanaged-am-launcher-3.2.2.jar:/expanse/lustre/projects/uot143/fegaras/hadoop-3.2.2/share/hadoop/yarn/hadoop-yarn-registry-3.2.2.jar:/expanse/lustre/projects/uot143/fegaras/hadoop-3.2.2/share/hadoop/yarn/hadoop-yarn-client-3.2.2.jar
STARTUP_MSG:   build = Unknown -r 7a3bc90b05f257c8ace2f76d74264906f0f7a932; compiled by 'hexiaoqiao' on 2021-01-03T09:26Z
STARTUP_MSG:   java = 11.0.2
************************************************************/
2022-03-29 00:27:30,430 INFO namenode.NameNode: registered UNIX signal handlers for [TERM, HUP, INT]
2022-03-29 00:27:30,487 INFO namenode.NameNode: createNameNode [-format, -nonInteractive, -force]
2022-03-29 00:27:30,856 INFO common.Util: Assuming 'file' scheme for path /scratch/ard5625/job_10983139/namenode_data in configuration.
2022-03-29 00:27:30,856 INFO common.Util: Assuming 'file' scheme for path /scratch/ard5625/job_10983139/namenode_data in configuration.
Formatting using clusterid: CID-aef23293-a2f6-4742-82f0-e5624d7a4a8d
2022-03-29 00:27:30,878 INFO namenode.FSEditLog: Edit logging is async:true
2022-03-29 00:27:30,897 INFO namenode.FSNamesystem: KeyProvider: null
2022-03-29 00:27:30,898 INFO namenode.FSNamesystem: fsLock is fair: true
2022-03-29 00:27:30,898 INFO namenode.FSNamesystem: Detailed lock hold time metrics enabled: false
2022-03-29 00:27:30,929 INFO namenode.FSNamesystem: fsOwner             = ard5625 (auth:SIMPLE)
2022-03-29 00:27:30,929 INFO namenode.FSNamesystem: supergroup          = supergroup
2022-03-29 00:27:30,929 INFO namenode.FSNamesystem: isPermissionEnabled = true
2022-03-29 00:27:30,929 INFO namenode.FSNamesystem: HA Enabled: false
2022-03-29 00:27:31,017 INFO common.Util: dfs.datanode.fileio.profiling.sampling.percentage set to 0. Disabling file IO profiling
2022-03-29 00:27:31,023 INFO blockmanagement.DatanodeManager: dfs.block.invalidate.limit: configured=1000, counted=60, effected=1000
2022-03-29 00:27:31,023 INFO blockmanagement.DatanodeManager: dfs.namenode.datanode.registration.ip-hostname-check=true
2022-03-29 00:27:31,026 INFO blockmanagement.BlockManager: dfs.namenode.startup.delay.block.deletion.sec is set to 000:00:00:00.000
2022-03-29 00:27:31,026 INFO blockmanagement.BlockManager: The block deletion will start around 2022 Mar 29 00:27:31
2022-03-29 00:27:31,027 INFO util.GSet: Computing capacity for map BlocksMap
2022-03-29 00:27:31,027 INFO util.GSet: VM type       = 64-bit
2022-03-29 00:27:31,028 INFO util.GSet: 2.0% max memory 30.0 GB = 613.8 MB
2022-03-29 00:27:31,028 INFO util.GSet: capacity      = 2^26 = 67108864 entries
2022-03-29 00:27:31,065 INFO blockmanagement.BlockManager: Storage policy satisfier is disabled
2022-03-29 00:27:31,065 INFO blockmanagement.BlockManager: dfs.block.access.token.enable = false
2022-03-29 00:27:31,069 INFO Configuration.deprecation: No unit for dfs.namenode.safemode.extension(30000) assuming MILLISECONDS
2022-03-29 00:27:31,069 INFO blockmanagement.BlockManagerSafeMode: dfs.namenode.safemode.threshold-pct = 0.9990000128746033
2022-03-29 00:27:31,069 INFO blockmanagement.BlockManagerSafeMode: dfs.namenode.safemode.min.datanodes = 0
2022-03-29 00:27:31,069 INFO blockmanagement.BlockManagerSafeMode: dfs.namenode.safemode.extension = 30000
2022-03-29 00:27:31,069 INFO blockmanagement.BlockManager: defaultReplication         = 3
2022-03-29 00:27:31,069 INFO blockmanagement.BlockManager: maxReplication             = 512
2022-03-29 00:27:31,069 INFO blockmanagement.BlockManager: minReplication             = 1
2022-03-29 00:27:31,069 INFO blockmanagement.BlockManager: maxReplicationStreams      = 2
2022-03-29 00:27:31,069 INFO blockmanagement.BlockManager: redundancyRecheckInterval  = 3000ms
2022-03-29 00:27:31,069 INFO blockmanagement.BlockManager: encryptDataTransfer        = false
2022-03-29 00:27:31,070 INFO blockmanagement.BlockManager: maxNumBlocksToLog          = 1000
2022-03-29 00:27:31,085 INFO namenode.FSDirectory: GLOBAL serial map: bits=29 maxEntries=536870911
2022-03-29 00:27:31,085 INFO namenode.FSDirectory: USER serial map: bits=24 maxEntries=16777215
2022-03-29 00:27:31,085 INFO namenode.FSDirectory: GROUP serial map: bits=24 maxEntries=16777215
2022-03-29 00:27:31,085 INFO namenode.FSDirectory: XATTR serial map: bits=24 maxEntries=16777215
2022-03-29 00:27:31,091 INFO util.GSet: Computing capacity for map INodeMap
2022-03-29 00:27:31,091 INFO util.GSet: VM type       = 64-bit
2022-03-29 00:27:31,091 INFO util.GSet: 1.0% max memory 30.0 GB = 306.9 MB
2022-03-29 00:27:31,091 INFO util.GSet: capacity      = 2^25 = 33554432 entries
2022-03-29 00:27:31,108 INFO namenode.FSDirectory: ACLs enabled? false
2022-03-29 00:27:31,108 INFO namenode.FSDirectory: POSIX ACL inheritance enabled? true
2022-03-29 00:27:31,108 INFO namenode.FSDirectory: XAttrs enabled? true
2022-03-29 00:27:31,108 INFO namenode.NameNode: Caching file names occurring more than 10 times
2022-03-29 00:27:31,112 INFO snapshot.SnapshotManager: Loaded config captureOpenFiles: false, skipCaptureAccessTimeOnlyChange: false, snapshotDiffAllowSnapRootDescendant: true, maxSnapshotLimit: 65536
2022-03-29 00:27:31,114 INFO snapshot.SnapshotManager: SkipList is disabled
2022-03-29 00:27:31,117 INFO util.GSet: Computing capacity for map cachedBlocks
2022-03-29 00:27:31,117 INFO util.GSet: VM type       = 64-bit
2022-03-29 00:27:31,117 INFO util.GSet: 0.25% max memory 30.0 GB = 76.7 MB
2022-03-29 00:27:31,117 INFO util.GSet: capacity      = 2^23 = 8388608 entries
2022-03-29 00:27:31,127 INFO metrics.TopMetrics: NNTop conf: dfs.namenode.top.window.num.buckets = 10
2022-03-29 00:27:31,127 INFO metrics.TopMetrics: NNTop conf: dfs.namenode.top.num.users = 10
2022-03-29 00:27:31,127 INFO metrics.TopMetrics: NNTop conf: dfs.namenode.top.windows.minutes = 1,5,25
2022-03-29 00:27:31,130 INFO namenode.FSNamesystem: Retry cache on namenode is enabled
2022-03-29 00:27:31,130 INFO namenode.FSNamesystem: Retry cache will use 0.03 of total heap and retry cache entry expiry time is 600000 millis
2022-03-29 00:27:31,131 INFO util.GSet: Computing capacity for map NameNodeRetryCache
2022-03-29 00:27:31,131 INFO util.GSet: VM type       = 64-bit
2022-03-29 00:27:31,131 INFO util.GSet: 0.029999999329447746% max memory 30.0 GB = 9.2 MB
2022-03-29 00:27:31,131 INFO util.GSet: capacity      = 2^20 = 1048576 entries
2022-03-29 00:27:31,149 INFO namenode.FSImage: Allocated new BlockPoolId: BP-1888767480-198.202.103.217-1648538851144
2022-03-29 00:27:31,161 INFO common.Storage: Storage directory /scratch/ard5625/job_10983139/namenode_data has been successfully formatted.
2022-03-29 00:27:31,185 INFO namenode.FSImageFormatProtobuf: Saving image file /scratch/ard5625/job_10983139/namenode_data/current/fsimage.ckpt_0000000000000000000 using no compression
2022-03-29 00:27:31,269 INFO namenode.FSImageFormatProtobuf: Image file /scratch/ard5625/job_10983139/namenode_data/current/fsimage.ckpt_0000000000000000000 of size 402 bytes saved in 0 seconds .
2022-03-29 00:27:31,282 INFO namenode.NNStorageRetentionManager: Going to retain 1 images with txid >= 0
2022-03-29 00:27:31,285 INFO namenode.FSImage: FSImageSaver clean checkpoint: txid=0 when meet shutdown.
2022-03-29 00:27:31,286 INFO namenode.NameNode: SHUTDOWN_MSG: 
/************************************************************
SHUTDOWN_MSG: Shutting down NameNode at exp-1-38/198.202.103.217
************************************************************/
myHadoop:  
myHadoop: Enabling experimental Spark support
myHadoop: Using SPARK_CONF_DIR=/home/ard5625/expansecluster/spark
myHadoop:  
To use Spark, you will want to type the following commands:"
  source /home/ard5625/expansecluster/spark/spark-env.sh
  myspark start
Starting namenodes on [exp-1-38]
Starting datanodes
WARNING: HADOOP_SECURE_DN_PID_DIR has been replaced by HADOOP_SECURE_PID_DIR. Using value of HADOOP_SECURE_DN_PID_DIR.
localhost: @@@@@@@@@@@@@@@@@@@@@@@@@@@@@@@@@@@@@@@@@@@@@@@@@@@@@@@@@@@
localhost: @    WARNING: REMOTE HOST IDENTIFICATION HAS CHANGED!     @
localhost: @@@@@@@@@@@@@@@@@@@@@@@@@@@@@@@@@@@@@@@@@@@@@@@@@@@@@@@@@@@
localhost: IT IS POSSIBLE THAT SOMEONE IS DOING SOMETHING NASTY!
localhost: Someone could be eavesdropping on you right now (man-in-the-middle attack)!
localhost: It is also possible that a host key has just been changed.
localhost: The fingerprint for the ED25519 key sent by the remote host is
localhost: SHA256:9H3/odChFlGc+Hsy2Fb1lpJ5naBk011LUZZKOb/fREc.
localhost: Please contact your system administrator.
localhost: Add correct host key in /home/ard5625/.ssh/known_hosts to get rid of this message.
localhost: Offending ED25519 key in /home/ard5625/.ssh/known_hosts:1
localhost: Password authentication is disabled to avoid man-in-the-middle attacks.
localhost: Keyboard-interactive authentication is disabled to avoid man-in-the-middle attacks.
localhost: WARNING: HADOOP_SECURE_DN_PID_DIR has been replaced by HADOOP_SECURE_PID_DIR. Using value of HADOOP_SECURE_DN_PID_DIR.
Starting secondary namenodes [exp-1-38]
starting org.apache.spark.deploy.master.Master, logging to /scratch/ard5625/job_10983139/logs/spark-ard5625-org.apache.spark.deploy.master.Master-1-exp-1-38.out
exp-1-38: starting org.apache.spark.deploy.worker.Worker, logging to /expanse/lustre/projects/uot143/fegaras/spark-3.1.2-bin-hadoop3.2/logs/spark-ard5625-org.apache.spark.deploy.worker.Worker-1-exp-1-38.out
WARNING: An illegal reflective access operation has occurred
WARNING: Illegal reflective access by org.apache.spark.unsafe.Platform (file:/expanse/lustre/projects/uot143/fegaras/spark-3.1.2-bin-hadoop3.2/jars/spark-unsafe_2.12-3.1.2.jar) to constructor java.nio.DirectByteBuffer(long,int)
WARNING: Please consider reporting this to the maintainers of org.apache.spark.unsafe.Platform
WARNING: Use --illegal-access=warn to enable warnings of further illegal reflective access operations
WARNING: All illegal access operations will be denied in a future release
2022-03-29 00:27:55,668 WARN util.NativeCodeLoader: Unable to load native-hadoop library for your platform... using builtin-java classes where applicable
2022-03-29 00:27:55,807 INFO spark.SparkContext: Running Spark version 3.1.2
2022-03-29 00:27:55,836 INFO resource.ResourceUtils: ==============================================================
2022-03-29 00:27:55,836 INFO resource.ResourceUtils: No custom resources configured for spark.driver.
2022-03-29 00:27:55,836 INFO resource.ResourceUtils: ==============================================================
2022-03-29 00:27:55,836 INFO spark.SparkContext: Submitted application: Twitter
2022-03-29 00:27:55,850 INFO resource.ResourceProfile: Default ResourceProfile created, executor resources: Map(cores -> name: cores, amount: 1, script: , vendor: , memory -> name: memory, amount: 1024, script: , vendor: , offHeap -> name: offHeap, amount: 0, script: , vendor: ), task resources: Map(cpus -> name: cpus, amount: 1.0)
2022-03-29 00:27:55,864 INFO resource.ResourceProfile: Limiting resource is cpu
2022-03-29 00:27:55,864 INFO resource.ResourceProfileManager: Added ResourceProfile id: 0
2022-03-29 00:27:55,895 INFO spark.SecurityManager: Changing view acls to: ard5625
2022-03-29 00:27:55,895 INFO spark.SecurityManager: Changing modify acls to: ard5625
2022-03-29 00:27:55,895 INFO spark.SecurityManager: Changing view acls groups to: 
2022-03-29 00:27:55,895 INFO spark.SecurityManager: Changing modify acls groups to: 
2022-03-29 00:27:55,895 INFO spark.SecurityManager: SecurityManager: authentication disabled; ui acls disabled; users  with view permissions: Set(ard5625); groups with view permissions: Set(); users  with modify permissions: Set(ard5625); groups with modify permissions: Set()
2022-03-29 00:27:56,058 INFO util.Utils: Successfully started service 'sparkDriver' on port 32969.
2022-03-29 00:27:56,075 INFO spark.SparkEnv: Registering MapOutputTracker
2022-03-29 00:27:56,096 INFO spark.SparkEnv: Registering BlockManagerMaster
2022-03-29 00:27:56,110 INFO storage.BlockManagerMasterEndpoint: Using org.apache.spark.storage.DefaultTopologyMapper for getting topology information
2022-03-29 00:27:56,110 INFO storage.BlockManagerMasterEndpoint: BlockManagerMasterEndpoint up
2022-03-29 00:27:56,113 INFO spark.SparkEnv: Registering BlockManagerMasterHeartbeat
2022-03-29 00:27:56,123 INFO storage.DiskBlockManager: Created local directory at /tmp/blockmgr-82a90705-7168-4992-888f-ea58c7af8c43
2022-03-29 00:27:56,146 INFO memory.MemoryStore: MemoryStore started with capacity 434.4 MiB
2022-03-29 00:27:56,159 INFO spark.SparkEnv: Registering OutputCommitCoordinator
2022-03-29 00:27:56,226 INFO util.log: Logging initialized @1644ms to org.sparkproject.jetty.util.log.Slf4jLog
2022-03-29 00:27:56,286 INFO server.Server: jetty-9.4.40.v20210413; built: 2021-04-13T20:42:42.668Z; git: b881a572662e1943a14ae12e7e1207989f218b74; jvm 11.0.2+9
2022-03-29 00:27:56,299 INFO server.Server: Started @1719ms
2022-03-29 00:27:56,325 INFO server.AbstractConnector: Started ServerConnector@3c83eee9{HTTP/1.1, (http/1.1)}{exp-1-38:4040}
2022-03-29 00:27:56,325 INFO util.Utils: Successfully started service 'SparkUI' on port 4040.
2022-03-29 00:27:56,341 INFO handler.ContextHandler: Started o.s.j.s.ServletContextHandler@1d75e7af{/jobs,null,AVAILABLE,@Spark}
2022-03-29 00:27:56,343 INFO handler.ContextHandler: Started o.s.j.s.ServletContextHandler@7ca8d498{/jobs/json,null,AVAILABLE,@Spark}
2022-03-29 00:27:56,343 INFO handler.ContextHandler: Started o.s.j.s.ServletContextHandler@6b8280e6{/jobs/job,null,AVAILABLE,@Spark}
2022-03-29 00:27:56,345 INFO handler.ContextHandler: Started o.s.j.s.ServletContextHandler@3e104d4b{/jobs/job/json,null,AVAILABLE,@Spark}
2022-03-29 00:27:56,346 INFO handler.ContextHandler: Started o.s.j.s.ServletContextHandler@45e1aa48{/stages,null,AVAILABLE,@Spark}
2022-03-29 00:27:56,347 INFO handler.ContextHandler: Started o.s.j.s.ServletContextHandler@2e807c54{/stages/json,null,AVAILABLE,@Spark}
2022-03-29 00:27:56,347 INFO handler.ContextHandler: Started o.s.j.s.ServletContextHandler@242a209e{/stages/stage,null,AVAILABLE,@Spark}
2022-03-29 00:27:56,349 INFO handler.ContextHandler: Started o.s.j.s.ServletContextHandler@692e028d{/stages/stage/json,null,AVAILABLE,@Spark}
2022-03-29 00:27:56,349 INFO handler.ContextHandler: Started o.s.j.s.ServletContextHandler@43e1692f{/stages/pool,null,AVAILABLE,@Spark}
2022-03-29 00:27:56,350 INFO handler.ContextHandler: Started o.s.j.s.ServletContextHandler@27df0f3d{/stages/pool/json,null,AVAILABLE,@Spark}
2022-03-29 00:27:56,350 INFO handler.ContextHandler: Started o.s.j.s.ServletContextHandler@44550792{/storage,null,AVAILABLE,@Spark}
2022-03-29 00:27:56,351 INFO handler.ContextHandler: Started o.s.j.s.ServletContextHandler@474c9131{/storage/json,null,AVAILABLE,@Spark}
2022-03-29 00:27:56,352 INFO handler.ContextHandler: Started o.s.j.s.ServletContextHandler@aa4d8cc{/storage/rdd,null,AVAILABLE,@Spark}
2022-03-29 00:27:56,352 INFO handler.ContextHandler: Started o.s.j.s.ServletContextHandler@1fde0371{/storage/rdd/json,null,AVAILABLE,@Spark}
2022-03-29 00:27:56,353 INFO handler.ContextHandler: Started o.s.j.s.ServletContextHandler@5c8e67b9{/environment,null,AVAILABLE,@Spark}
2022-03-29 00:27:56,353 INFO handler.ContextHandler: Started o.s.j.s.ServletContextHandler@49206065{/environment/json,null,AVAILABLE,@Spark}
2022-03-29 00:27:56,354 INFO handler.ContextHandler: Started o.s.j.s.ServletContextHandler@1317b708{/executors,null,AVAILABLE,@Spark}
2022-03-29 00:27:56,354 INFO handler.ContextHandler: Started o.s.j.s.ServletContextHandler@2e51d054{/executors/json,null,AVAILABLE,@Spark}
2022-03-29 00:27:56,355 INFO handler.ContextHandler: Started o.s.j.s.ServletContextHandler@615e3f51{/executors/threadDump,null,AVAILABLE,@Spark}
2022-03-29 00:27:56,357 INFO handler.ContextHandler: Started o.s.j.s.ServletContextHandler@608bc8f8{/executors/threadDump/json,null,AVAILABLE,@Spark}
2022-03-29 00:27:56,363 INFO handler.ContextHandler: Started o.s.j.s.ServletContextHandler@44a6a68e{/static,null,AVAILABLE,@Spark}
2022-03-29 00:27:56,364 INFO handler.ContextHandler: Started o.s.j.s.ServletContextHandler@396ef8b2{/,null,AVAILABLE,@Spark}
2022-03-29 00:27:56,364 INFO handler.ContextHandler: Started o.s.j.s.ServletContextHandler@19ee1ae6{/api,null,AVAILABLE,@Spark}
2022-03-29 00:27:56,365 INFO handler.ContextHandler: Started o.s.j.s.ServletContextHandler@4cfa8227{/jobs/job/kill,null,AVAILABLE,@Spark}
2022-03-29 00:27:56,366 INFO handler.ContextHandler: Started o.s.j.s.ServletContextHandler@3f685162{/stages/stage/kill,null,AVAILABLE,@Spark}
2022-03-29 00:27:56,367 INFO ui.SparkUI: Bound SparkUI to exp-1-38, and started at http://exp-1-38.expanse.sdsc.edu:4040
2022-03-29 00:27:56,380 INFO spark.SparkContext: Added JAR file:/home/ard5625/project4/twitter.jar at spark://exp-1-38.expanse.sdsc.edu:32969/jars/twitter.jar with timestamp 1648538875801
2022-03-29 00:27:56,512 INFO client.StandaloneAppClient$ClientEndpoint: Connecting to master spark://exp-1-38:7077...
2022-03-29 00:27:56,549 INFO client.TransportClientFactory: Successfully created connection to exp-1-38/198.202.103.217:7077 after 21 ms (0 ms spent in bootstraps)
2022-03-29 00:27:56,651 INFO cluster.StandaloneSchedulerBackend: Connected to Spark cluster with app ID app-20220329002756-0000
2022-03-29 00:27:56,657 INFO util.Utils: Successfully started service 'org.apache.spark.network.netty.NettyBlockTransferService' on port 45781.
2022-03-29 00:27:56,657 INFO netty.NettyBlockTransferService: Server created on exp-1-38.expanse.sdsc.edu:45781
2022-03-29 00:27:56,658 INFO storage.BlockManager: Using org.apache.spark.storage.RandomBlockReplicationPolicy for block replication policy
2022-03-29 00:27:56,663 INFO storage.BlockManagerMaster: Registering BlockManager BlockManagerId(driver, exp-1-38.expanse.sdsc.edu, 45781, None)
2022-03-29 00:27:56,666 INFO client.StandaloneAppClient$ClientEndpoint: Executor added: app-20220329002756-0000/0 on worker-20220329002749-198.202.103.217-35883 (198.202.103.217:35883) with 128 core(s)
2022-03-29 00:27:56,666 INFO storage.BlockManagerMasterEndpoint: Registering block manager exp-1-38.expanse.sdsc.edu:45781 with 434.4 MiB RAM, BlockManagerId(driver, exp-1-38.expanse.sdsc.edu, 45781, None)
2022-03-29 00:27:56,667 INFO cluster.StandaloneSchedulerBackend: Granted executor ID app-20220329002756-0000/0 on hostPort 198.202.103.217:35883 with 128 core(s), 1024.0 MiB RAM
2022-03-29 00:27:56,669 INFO storage.BlockManagerMaster: Registered BlockManager BlockManagerId(driver, exp-1-38.expanse.sdsc.edu, 45781, None)
2022-03-29 00:27:56,670 INFO storage.BlockManager: Initialized BlockManager: BlockManagerId(driver, exp-1-38.expanse.sdsc.edu, 45781, None)
2022-03-29 00:27:56,775 INFO client.StandaloneAppClient$ClientEndpoint: Executor updated: app-20220329002756-0000/0 is now RUNNING
2022-03-29 00:27:56,779 INFO handler.ContextHandler: Started o.s.j.s.ServletContextHandler@eb6ec6{/metrics/json,null,AVAILABLE,@Spark}
2022-03-29 00:27:56,810 INFO cluster.StandaloneSchedulerBackend: SchedulerBackend is ready for scheduling beginning after reached minRegisteredResourcesRatio: 0.0
2022-03-29 00:27:57,115 INFO memory.MemoryStore: Block broadcast_0 stored as values in memory (estimated size 177.3 KiB, free 434.2 MiB)
2022-03-29 00:27:57,220 INFO memory.MemoryStore: Block broadcast_0_piece0 stored as bytes in memory (estimated size 27.6 KiB, free 434.2 MiB)
2022-03-29 00:27:57,223 INFO storage.BlockManagerInfo: Added broadcast_0_piece0 in memory on exp-1-38.expanse.sdsc.edu:45781 (size: 27.6 KiB, free: 434.4 MiB)
2022-03-29 00:27:57,225 INFO spark.SparkContext: Created broadcast 0 from textFile at Twitter.scala:10
2022-03-29 00:27:57,566 INFO mapred.FileInputFormat: Total input files to process : 1
2022-03-29 00:27:57,671 INFO spark.SparkContext: Starting job: sortBy at Twitter.scala:13
2022-03-29 00:27:57,868 INFO scheduler.DAGScheduler: Registering RDD 2 (map at Twitter.scala:10) as input to shuffle 1
2022-03-29 00:27:57,870 INFO scheduler.DAGScheduler: Registering RDD 4 (map at Twitter.scala:13) as input to shuffle 0
2022-03-29 00:27:57,871 INFO scheduler.DAGScheduler: Got job 0 (sortBy at Twitter.scala:13) with 6 output partitions
2022-03-29 00:27:57,871 INFO scheduler.DAGScheduler: Final stage: ResultStage 2 (sortBy at Twitter.scala:13)
2022-03-29 00:27:57,871 INFO scheduler.DAGScheduler: Parents of final stage: List(ShuffleMapStage 1)
2022-03-29 00:27:57,873 INFO scheduler.DAGScheduler: Missing parents: List(ShuffleMapStage 1)
2022-03-29 00:27:57,877 INFO scheduler.DAGScheduler: Submitting ShuffleMapStage 0 (MapPartitionsRDD[2] at map at Twitter.scala:10), which has no missing parents
2022-03-29 00:27:57,904 INFO memory.MemoryStore: Block broadcast_1 stored as values in memory (estimated size 6.5 KiB, free 434.2 MiB)
2022-03-29 00:27:57,907 INFO memory.MemoryStore: Block broadcast_1_piece0 stored as bytes in memory (estimated size 3.8 KiB, free 434.2 MiB)
2022-03-29 00:27:57,908 INFO storage.BlockManagerInfo: Added broadcast_1_piece0 in memory on exp-1-38.expanse.sdsc.edu:45781 (size: 3.8 KiB, free: 434.4 MiB)
2022-03-29 00:27:57,908 INFO spark.SparkContext: Created broadcast 1 from broadcast at DAGScheduler.scala:1388
2022-03-29 00:27:57,919 INFO scheduler.DAGScheduler: Submitting 6 missing tasks from ShuffleMapStage 0 (MapPartitionsRDD[2] at map at Twitter.scala:10) (first 15 tasks are for partitions Vector(0, 1, 2, 3, 4, 5))
2022-03-29 00:27:57,920 INFO scheduler.TaskSchedulerImpl: Adding task set 0.0 with 6 tasks resource profile 0
2022-03-29 00:27:58,353 INFO cluster.CoarseGrainedSchedulerBackend$DriverEndpoint: Registered executor NettyRpcEndpointRef(spark-client://Executor) (198.202.103.217:47784) with ID 0,  ResourceProfileId 0
2022-03-29 00:27:58,452 INFO storage.BlockManagerMasterEndpoint: Registering block manager 198.202.103.217:33053 with 434.4 MiB RAM, BlockManagerId(0, 198.202.103.217, 33053, None)
2022-03-29 00:27:58,545 INFO scheduler.TaskSetManager: Starting task 0.0 in stage 0.0 (TID 0) (198.202.103.217, executor 0, partition 0, ANY, 4514 bytes) taskResourceAssignments Map()
2022-03-29 00:27:58,547 INFO scheduler.TaskSetManager: Starting task 1.0 in stage 0.0 (TID 1) (198.202.103.217, executor 0, partition 1, ANY, 4514 bytes) taskResourceAssignments Map()
2022-03-29 00:27:58,548 INFO scheduler.TaskSetManager: Starting task 2.0 in stage 0.0 (TID 2) (198.202.103.217, executor 0, partition 2, ANY, 4514 bytes) taskResourceAssignments Map()
2022-03-29 00:27:58,548 INFO scheduler.TaskSetManager: Starting task 3.0 in stage 0.0 (TID 3) (198.202.103.217, executor 0, partition 3, ANY, 4514 bytes) taskResourceAssignments Map()
2022-03-29 00:27:58,549 INFO scheduler.TaskSetManager: Starting task 4.0 in stage 0.0 (TID 4) (198.202.103.217, executor 0, partition 4, ANY, 4514 bytes) taskResourceAssignments Map()
2022-03-29 00:27:58,549 INFO scheduler.TaskSetManager: Starting task 5.0 in stage 0.0 (TID 5) (198.202.103.217, executor 0, partition 5, ANY, 4514 bytes) taskResourceAssignments Map()
2022-03-29 00:27:58,753 INFO storage.BlockManagerInfo: Added broadcast_1_piece0 in memory on 198.202.103.217:33053 (size: 3.8 KiB, free: 434.4 MiB)
2022-03-29 00:27:59,007 INFO storage.BlockManagerInfo: Added broadcast_0_piece0 in memory on 198.202.103.217:33053 (size: 27.6 KiB, free: 434.4 MiB)
2022-03-29 00:28:00,900 INFO scheduler.TaskSetManager: Finished task 5.0 in stage 0.0 (TID 5) in 2351 ms on 198.202.103.217 (executor 0) (1/6)
2022-03-29 00:28:05,044 INFO scheduler.TaskSetManager: Finished task 4.0 in stage 0.0 (TID 4) in 6495 ms on 198.202.103.217 (executor 0) (2/6)
2022-03-29 00:28:05,281 INFO scheduler.TaskSetManager: Finished task 3.0 in stage 0.0 (TID 3) in 6733 ms on 198.202.103.217 (executor 0) (3/6)
2022-03-29 00:28:05,719 INFO scheduler.TaskSetManager: Finished task 2.0 in stage 0.0 (TID 2) in 7172 ms on 198.202.103.217 (executor 0) (4/6)
2022-03-29 00:28:05,750 INFO scheduler.TaskSetManager: Finished task 0.0 in stage 0.0 (TID 0) in 7219 ms on 198.202.103.217 (executor 0) (5/6)
2022-03-29 00:28:05,879 INFO scheduler.TaskSetManager: Finished task 1.0 in stage 0.0 (TID 1) in 7332 ms on 198.202.103.217 (executor 0) (6/6)
2022-03-29 00:28:05,880 INFO scheduler.TaskSchedulerImpl: Removed TaskSet 0.0, whose tasks have all completed, from pool 
2022-03-29 00:28:05,881 INFO scheduler.DAGScheduler: ShuffleMapStage 0 (map at Twitter.scala:10) finished in 7.988 s
2022-03-29 00:28:05,882 INFO scheduler.DAGScheduler: looking for newly runnable stages
2022-03-29 00:28:05,882 INFO scheduler.DAGScheduler: running: Set()
2022-03-29 00:28:05,882 INFO scheduler.DAGScheduler: waiting: Set(ShuffleMapStage 1, ResultStage 2)
2022-03-29 00:28:05,882 INFO scheduler.DAGScheduler: failed: Set()
2022-03-29 00:28:05,885 INFO scheduler.DAGScheduler: Submitting ShuffleMapStage 1 (MapPartitionsRDD[4] at map at Twitter.scala:13), which has no missing parents
2022-03-29 00:28:05,894 INFO memory.MemoryStore: Block broadcast_2 stored as values in memory (estimated size 5.5 KiB, free 434.2 MiB)
2022-03-29 00:28:05,895 INFO memory.MemoryStore: Block broadcast_2_piece0 stored as bytes in memory (estimated size 3.2 KiB, free 434.2 MiB)
2022-03-29 00:28:05,896 INFO storage.BlockManagerInfo: Added broadcast_2_piece0 in memory on exp-1-38.expanse.sdsc.edu:45781 (size: 3.2 KiB, free: 434.4 MiB)
2022-03-29 00:28:05,896 INFO spark.SparkContext: Created broadcast 2 from broadcast at DAGScheduler.scala:1388
2022-03-29 00:28:05,897 INFO scheduler.DAGScheduler: Submitting 6 missing tasks from ShuffleMapStage 1 (MapPartitionsRDD[4] at map at Twitter.scala:13) (first 15 tasks are for partitions Vector(0, 1, 2, 3, 4, 5))
2022-03-29 00:28:05,897 INFO scheduler.TaskSchedulerImpl: Adding task set 1.0 with 6 tasks resource profile 0
2022-03-29 00:28:05,900 INFO scheduler.TaskSetManager: Starting task 0.0 in stage 1.0 (TID 6) (198.202.103.217, executor 0, partition 0, NODE_LOCAL, 4264 bytes) taskResourceAssignments Map()
2022-03-29 00:28:05,900 INFO scheduler.TaskSetManager: Starting task 1.0 in stage 1.0 (TID 7) (198.202.103.217, executor 0, partition 1, NODE_LOCAL, 4264 bytes) taskResourceAssignments Map()
2022-03-29 00:28:05,901 INFO scheduler.TaskSetManager: Starting task 2.0 in stage 1.0 (TID 8) (198.202.103.217, executor 0, partition 2, NODE_LOCAL, 4264 bytes) taskResourceAssignments Map()
2022-03-29 00:28:05,901 INFO scheduler.TaskSetManager: Starting task 3.0 in stage 1.0 (TID 9) (198.202.103.217, executor 0, partition 3, NODE_LOCAL, 4264 bytes) taskResourceAssignments Map()
2022-03-29 00:28:05,901 INFO scheduler.TaskSetManager: Starting task 4.0 in stage 1.0 (TID 10) (198.202.103.217, executor 0, partition 4, NODE_LOCAL, 4264 bytes) taskResourceAssignments Map()
2022-03-29 00:28:05,901 INFO scheduler.TaskSetManager: Starting task 5.0 in stage 1.0 (TID 11) (198.202.103.217, executor 0, partition 5, NODE_LOCAL, 4264 bytes) taskResourceAssignments Map()
2022-03-29 00:28:05,929 INFO storage.BlockManagerInfo: Added broadcast_2_piece0 in memory on 198.202.103.217:33053 (size: 3.2 KiB, free: 434.4 MiB)
2022-03-29 00:28:05,949 INFO spark.MapOutputTrackerMasterEndpoint: Asked to send map output locations for shuffle 1 to 198.202.103.217:47784
2022-03-29 00:28:06,766 INFO scheduler.TaskSetManager: Finished task 5.0 in stage 1.0 (TID 11) in 864 ms on 198.202.103.217 (executor 0) (1/6)
2022-03-29 00:28:06,794 INFO scheduler.TaskSetManager: Finished task 4.0 in stage 1.0 (TID 10) in 893 ms on 198.202.103.217 (executor 0) (2/6)
2022-03-29 00:28:06,799 INFO scheduler.TaskSetManager: Finished task 2.0 in stage 1.0 (TID 8) in 899 ms on 198.202.103.217 (executor 0) (3/6)
2022-03-29 00:28:06,810 INFO scheduler.TaskSetManager: Finished task 1.0 in stage 1.0 (TID 7) in 910 ms on 198.202.103.217 (executor 0) (4/6)
2022-03-29 00:28:06,818 INFO scheduler.TaskSetManager: Finished task 3.0 in stage 1.0 (TID 9) in 917 ms on 198.202.103.217 (executor 0) (5/6)
2022-03-29 00:28:06,819 INFO scheduler.TaskSetManager: Finished task 0.0 in stage 1.0 (TID 6) in 921 ms on 198.202.103.217 (executor 0) (6/6)
2022-03-29 00:28:06,819 INFO scheduler.TaskSchedulerImpl: Removed TaskSet 1.0, whose tasks have all completed, from pool 
2022-03-29 00:28:06,820 INFO scheduler.DAGScheduler: ShuffleMapStage 1 (map at Twitter.scala:13) finished in 0.927 s
2022-03-29 00:28:06,820 INFO scheduler.DAGScheduler: looking for newly runnable stages
2022-03-29 00:28:06,820 INFO scheduler.DAGScheduler: running: Set()
2022-03-29 00:28:06,820 INFO scheduler.DAGScheduler: waiting: Set(ResultStage 2)
2022-03-29 00:28:06,820 INFO scheduler.DAGScheduler: failed: Set()
2022-03-29 00:28:06,821 INFO scheduler.DAGScheduler: Submitting ResultStage 2 (MapPartitionsRDD[8] at sortBy at Twitter.scala:13), which has no missing parents
2022-03-29 00:28:06,826 INFO memory.MemoryStore: Block broadcast_3 stored as values in memory (estimated size 6.4 KiB, free 434.2 MiB)
2022-03-29 00:28:06,828 INFO memory.MemoryStore: Block broadcast_3_piece0 stored as bytes in memory (estimated size 3.4 KiB, free 434.2 MiB)
2022-03-29 00:28:06,829 INFO storage.BlockManagerInfo: Added broadcast_3_piece0 in memory on exp-1-38.expanse.sdsc.edu:45781 (size: 3.4 KiB, free: 434.4 MiB)
2022-03-29 00:28:06,830 INFO spark.SparkContext: Created broadcast 3 from broadcast at DAGScheduler.scala:1388
2022-03-29 00:28:06,831 INFO scheduler.DAGScheduler: Submitting 6 missing tasks from ResultStage 2 (MapPartitionsRDD[8] at sortBy at Twitter.scala:13) (first 15 tasks are for partitions Vector(0, 1, 2, 3, 4, 5))
2022-03-29 00:28:06,831 INFO scheduler.TaskSchedulerImpl: Adding task set 2.0 with 6 tasks resource profile 0
2022-03-29 00:28:06,833 INFO scheduler.TaskSetManager: Starting task 0.0 in stage 2.0 (TID 12) (198.202.103.217, executor 0, partition 0, NODE_LOCAL, 4275 bytes) taskResourceAssignments Map()
2022-03-29 00:28:06,834 INFO scheduler.TaskSetManager: Starting task 1.0 in stage 2.0 (TID 13) (198.202.103.217, executor 0, partition 1, NODE_LOCAL, 4275 bytes) taskResourceAssignments Map()
2022-03-29 00:28:06,834 INFO scheduler.TaskSetManager: Starting task 2.0 in stage 2.0 (TID 14) (198.202.103.217, executor 0, partition 2, NODE_LOCAL, 4275 bytes) taskResourceAssignments Map()
2022-03-29 00:28:06,834 INFO scheduler.TaskSetManager: Starting task 3.0 in stage 2.0 (TID 15) (198.202.103.217, executor 0, partition 3, NODE_LOCAL, 4275 bytes) taskResourceAssignments Map()
2022-03-29 00:28:06,835 INFO scheduler.TaskSetManager: Starting task 4.0 in stage 2.0 (TID 16) (198.202.103.217, executor 0, partition 4, NODE_LOCAL, 4275 bytes) taskResourceAssignments Map()
2022-03-29 00:28:06,835 INFO scheduler.TaskSetManager: Starting task 5.0 in stage 2.0 (TID 17) (198.202.103.217, executor 0, partition 5, NODE_LOCAL, 4275 bytes) taskResourceAssignments Map()
2022-03-29 00:28:06,850 INFO storage.BlockManagerInfo: Added broadcast_3_piece0 in memory on 198.202.103.217:33053 (size: 3.4 KiB, free: 434.4 MiB)
2022-03-29 00:28:06,889 INFO spark.MapOutputTrackerMasterEndpoint: Asked to send map output locations for shuffle 0 to 198.202.103.217:47784
2022-03-29 00:28:06,916 INFO scheduler.TaskSetManager: Finished task 0.0 in stage 2.0 (TID 12) in 84 ms on 198.202.103.217 (executor 0) (1/6)
2022-03-29 00:28:06,921 INFO scheduler.TaskSetManager: Finished task 2.0 in stage 2.0 (TID 14) in 87 ms on 198.202.103.217 (executor 0) (2/6)
2022-03-29 00:28:06,922 INFO scheduler.TaskSetManager: Finished task 1.0 in stage 2.0 (TID 13) in 88 ms on 198.202.103.217 (executor 0) (3/6)
2022-03-29 00:28:06,923 INFO scheduler.TaskSetManager: Finished task 3.0 in stage 2.0 (TID 15) in 89 ms on 198.202.103.217 (executor 0) (4/6)
2022-03-29 00:28:06,924 INFO scheduler.TaskSetManager: Finished task 4.0 in stage 2.0 (TID 16) in 90 ms on 198.202.103.217 (executor 0) (5/6)
2022-03-29 00:28:06,924 INFO scheduler.TaskSetManager: Finished task 5.0 in stage 2.0 (TID 17) in 89 ms on 198.202.103.217 (executor 0) (6/6)
2022-03-29 00:28:06,924 INFO scheduler.TaskSchedulerImpl: Removed TaskSet 2.0, whose tasks have all completed, from pool 
2022-03-29 00:28:06,925 INFO scheduler.DAGScheduler: ResultStage 2 (sortBy at Twitter.scala:13) finished in 0.100 s
2022-03-29 00:28:06,927 INFO scheduler.DAGScheduler: Job 0 is finished. Cancelling potential speculative or zombie tasks for this job
2022-03-29 00:28:06,928 INFO scheduler.TaskSchedulerImpl: Killing all running tasks in stage 2: Stage finished
2022-03-29 00:28:06,929 INFO scheduler.DAGScheduler: Job 0 finished: sortBy at Twitter.scala:13, took 9.257957 s
2022-03-29 00:28:06,954 INFO spark.SparkContext: Starting job: collect at Twitter.scala:13
2022-03-29 00:28:06,956 INFO scheduler.DAGScheduler: Registering RDD 6 (sortBy at Twitter.scala:13) as input to shuffle 2
2022-03-29 00:28:06,957 INFO scheduler.DAGScheduler: Got job 1 (collect at Twitter.scala:13) with 6 output partitions
2022-03-29 00:28:06,957 INFO scheduler.DAGScheduler: Final stage: ResultStage 6 (collect at Twitter.scala:13)
2022-03-29 00:28:06,957 INFO scheduler.DAGScheduler: Parents of final stage: List(ShuffleMapStage 5)
2022-03-29 00:28:06,957 INFO scheduler.DAGScheduler: Missing parents: List(ShuffleMapStage 5)
2022-03-29 00:28:06,958 INFO scheduler.DAGScheduler: Submitting ShuffleMapStage 5 (MapPartitionsRDD[6] at sortBy at Twitter.scala:13), which has no missing parents
2022-03-29 00:28:06,962 INFO memory.MemoryStore: Block broadcast_4 stored as values in memory (estimated size 6.3 KiB, free 434.2 MiB)
2022-03-29 00:28:06,963 INFO memory.MemoryStore: Block broadcast_4_piece0 stored as bytes in memory (estimated size 3.6 KiB, free 434.2 MiB)
2022-03-29 00:28:06,964 INFO storage.BlockManagerInfo: Added broadcast_4_piece0 in memory on exp-1-38.expanse.sdsc.edu:45781 (size: 3.6 KiB, free: 434.4 MiB)
2022-03-29 00:28:06,964 INFO spark.SparkContext: Created broadcast 4 from broadcast at DAGScheduler.scala:1388
2022-03-29 00:28:06,965 INFO scheduler.DAGScheduler: Submitting 6 missing tasks from ShuffleMapStage 5 (MapPartitionsRDD[6] at sortBy at Twitter.scala:13) (first 15 tasks are for partitions Vector(0, 1, 2, 3, 4, 5))
2022-03-29 00:28:06,965 INFO scheduler.TaskSchedulerImpl: Adding task set 5.0 with 6 tasks resource profile 0
2022-03-29 00:28:06,966 INFO scheduler.TaskSetManager: Starting task 0.0 in stage 5.0 (TID 18) (198.202.103.217, executor 0, partition 0, NODE_LOCAL, 4264 bytes) taskResourceAssignments Map()
2022-03-29 00:28:06,966 INFO scheduler.TaskSetManager: Starting task 1.0 in stage 5.0 (TID 19) (198.202.103.217, executor 0, partition 1, NODE_LOCAL, 4264 bytes) taskResourceAssignments Map()
2022-03-29 00:28:06,967 INFO scheduler.TaskSetManager: Starting task 2.0 in stage 5.0 (TID 20) (198.202.103.217, executor 0, partition 2, NODE_LOCAL, 4264 bytes) taskResourceAssignments Map()
2022-03-29 00:28:06,967 INFO scheduler.TaskSetManager: Starting task 3.0 in stage 5.0 (TID 21) (198.202.103.217, executor 0, partition 3, NODE_LOCAL, 4264 bytes) taskResourceAssignments Map()
2022-03-29 00:28:06,967 INFO scheduler.TaskSetManager: Starting task 4.0 in stage 5.0 (TID 22) (198.202.103.217, executor 0, partition 4, NODE_LOCAL, 4264 bytes) taskResourceAssignments Map()
2022-03-29 00:28:06,967 INFO scheduler.TaskSetManager: Starting task 5.0 in stage 5.0 (TID 23) (198.202.103.217, executor 0, partition 5, NODE_LOCAL, 4264 bytes) taskResourceAssignments Map()
2022-03-29 00:28:06,979 INFO storage.BlockManagerInfo: Added broadcast_4_piece0 in memory on 198.202.103.217:33053 (size: 3.6 KiB, free: 434.4 MiB)
2022-03-29 00:28:07,070 INFO scheduler.TaskSetManager: Finished task 1.0 in stage 5.0 (TID 19) in 104 ms on 198.202.103.217 (executor 0) (1/6)
2022-03-29 00:28:07,071 INFO scheduler.TaskSetManager: Finished task 2.0 in stage 5.0 (TID 20) in 105 ms on 198.202.103.217 (executor 0) (2/6)
2022-03-29 00:28:07,071 INFO scheduler.TaskSetManager: Finished task 5.0 in stage 5.0 (TID 23) in 104 ms on 198.202.103.217 (executor 0) (3/6)
2022-03-29 00:28:07,072 INFO scheduler.TaskSetManager: Finished task 4.0 in stage 5.0 (TID 22) in 105 ms on 198.202.103.217 (executor 0) (4/6)
2022-03-29 00:28:07,072 INFO scheduler.TaskSetManager: Finished task 0.0 in stage 5.0 (TID 18) in 106 ms on 198.202.103.217 (executor 0) (5/6)
2022-03-29 00:28:07,072 INFO scheduler.TaskSetManager: Finished task 3.0 in stage 5.0 (TID 21) in 105 ms on 198.202.103.217 (executor 0) (6/6)
2022-03-29 00:28:07,072 INFO scheduler.TaskSchedulerImpl: Removed TaskSet 5.0, whose tasks have all completed, from pool 
2022-03-29 00:28:07,073 INFO scheduler.DAGScheduler: ShuffleMapStage 5 (sortBy at Twitter.scala:13) finished in 0.113 s
2022-03-29 00:28:07,073 INFO scheduler.DAGScheduler: looking for newly runnable stages
2022-03-29 00:28:07,074 INFO scheduler.DAGScheduler: running: Set()
2022-03-29 00:28:07,074 INFO scheduler.DAGScheduler: waiting: Set(ResultStage 6)
2022-03-29 00:28:07,074 INFO scheduler.DAGScheduler: failed: Set()
2022-03-29 00:28:07,074 INFO scheduler.DAGScheduler: Submitting ResultStage 6 (MapPartitionsRDD[10] at sortBy at Twitter.scala:13), which has no missing parents
2022-03-29 00:28:07,077 INFO memory.MemoryStore: Block broadcast_5 stored as values in memory (estimated size 4.7 KiB, free 434.2 MiB)
2022-03-29 00:28:07,078 INFO memory.MemoryStore: Block broadcast_5_piece0 stored as bytes in memory (estimated size 2.6 KiB, free 434.2 MiB)
2022-03-29 00:28:07,079 INFO storage.BlockManagerInfo: Added broadcast_5_piece0 in memory on exp-1-38.expanse.sdsc.edu:45781 (size: 2.6 KiB, free: 434.4 MiB)
2022-03-29 00:28:07,079 INFO spark.SparkContext: Created broadcast 5 from broadcast at DAGScheduler.scala:1388
2022-03-29 00:28:07,080 INFO scheduler.DAGScheduler: Submitting 6 missing tasks from ResultStage 6 (MapPartitionsRDD[10] at sortBy at Twitter.scala:13) (first 15 tasks are for partitions Vector(0, 1, 2, 3, 4, 5))
2022-03-29 00:28:07,080 INFO scheduler.TaskSchedulerImpl: Adding task set 6.0 with 6 tasks resource profile 0
2022-03-29 00:28:07,081 INFO scheduler.TaskSetManager: Starting task 0.0 in stage 6.0 (TID 24) (198.202.103.217, executor 0, partition 0, NODE_LOCAL, 4275 bytes) taskResourceAssignments Map()
2022-03-29 00:28:07,081 INFO scheduler.TaskSetManager: Starting task 1.0 in stage 6.0 (TID 25) (198.202.103.217, executor 0, partition 1, NODE_LOCAL, 4275 bytes) taskResourceAssignments Map()
2022-03-29 00:28:07,081 INFO scheduler.TaskSetManager: Starting task 2.0 in stage 6.0 (TID 26) (198.202.103.217, executor 0, partition 2, NODE_LOCAL, 4275 bytes) taskResourceAssignments Map()
2022-03-29 00:28:07,082 INFO scheduler.TaskSetManager: Starting task 3.0 in stage 6.0 (TID 27) (198.202.103.217, executor 0, partition 3, NODE_LOCAL, 4275 bytes) taskResourceAssignments Map()
2022-03-29 00:28:07,082 INFO scheduler.TaskSetManager: Starting task 4.0 in stage 6.0 (TID 28) (198.202.103.217, executor 0, partition 4, NODE_LOCAL, 4275 bytes) taskResourceAssignments Map()
2022-03-29 00:28:07,082 INFO scheduler.TaskSetManager: Starting task 5.0 in stage 6.0 (TID 29) (198.202.103.217, executor 0, partition 5, NODE_LOCAL, 4275 bytes) taskResourceAssignments Map()
2022-03-29 00:28:07,093 INFO storage.BlockManagerInfo: Added broadcast_5_piece0 in memory on 198.202.103.217:33053 (size: 2.6 KiB, free: 434.4 MiB)
2022-03-29 00:28:07,097 INFO spark.MapOutputTrackerMasterEndpoint: Asked to send map output locations for shuffle 2 to 198.202.103.217:47784
2022-03-29 00:28:07,127 INFO scheduler.TaskSetManager: Finished task 3.0 in stage 6.0 (TID 27) in 46 ms on 198.202.103.217 (executor 0) (1/6)
2022-03-29 00:28:07,129 INFO scheduler.TaskSetManager: Finished task 4.0 in stage 6.0 (TID 28) in 47 ms on 198.202.103.217 (executor 0) (2/6)
2022-03-29 00:28:07,131 INFO scheduler.TaskSetManager: Finished task 2.0 in stage 6.0 (TID 26) in 50 ms on 198.202.103.217 (executor 0) (3/6)
2022-03-29 00:28:07,134 INFO scheduler.TaskSetManager: Finished task 1.0 in stage 6.0 (TID 25) in 52 ms on 198.202.103.217 (executor 0) (4/6)
2022-03-29 00:28:07,135 INFO scheduler.TaskSetManager: Finished task 0.0 in stage 6.0 (TID 24) in 54 ms on 198.202.103.217 (executor 0) (5/6)
2022-03-29 00:28:07,140 INFO scheduler.TaskSetManager: Finished task 5.0 in stage 6.0 (TID 29) in 58 ms on 198.202.103.217 (executor 0) (6/6)
2022-03-29 00:28:07,140 INFO scheduler.TaskSchedulerImpl: Removed TaskSet 6.0, whose tasks have all completed, from pool 
2022-03-29 00:28:07,141 INFO scheduler.DAGScheduler: ResultStage 6 (collect at Twitter.scala:13) finished in 0.065 s
2022-03-29 00:28:07,141 INFO scheduler.DAGScheduler: Job 1 is finished. Cancelling potential speculative or zombie tasks for this job
2022-03-29 00:28:07,141 INFO scheduler.TaskSchedulerImpl: Killing all running tasks in stage 6: Stage finished
2022-03-29 00:28:07,142 INFO scheduler.DAGScheduler: Job 1 finished: collect at Twitter.scala:13, took 0.186986 s
(1,27277)
(2,25294)
(3,24842)
(4,23827)
(5,23170)
(6,22644)
(7,21500)
(8,20357)
(9,19276)
(10,18638)
(11,17610)
(12,16377)
(13,15857)
(14,14842)
(15,14071)
(16,13519)
(17,12768)
(18,11922)
(19,11354)
(20,10972)
(21,10358)
(22,9828)
(23,9147)
(24,8808)
(25,8274)
(26,7877)
(27,7294)
(28,7138)
(29,6788)
(30,6414)
(31,6121)
(32,5961)
(33,5639)
(34,5349)
(35,5140)
(36,4878)
(37,4736)
(38,4586)
(39,4340)
(40,4092)
(41,3899)
(42,3792)
(43,3692)
(44,3554)
(45,3459)
(46,3291)
(47,3172)
(48,2978)
(49,2926)
(50,2824)
(51,2677)
(53,2611)
(54,2578)
(52,2553)
(55,2398)
(57,2323)
(56,2311)
(58,2211)
(59,2102)
(60,2057)
(61,2041)
(62,1947)
(63,1914)
(64,1889)
(65,1773)
(66,1741)
(67,1725)
(68,1702)
(69,1594)
(70,1583)
(71,1573)
(72,1520)
(73,1430)
(74,1389)
(76,1388)
(75,1376)
(77,1350)
(79,1300)
(78,1269)
(80,1242)
(82,1197)
(84,1192)
(81,1178)
(85,1169)
(83,1127)
(86,1118)
(87,1066)
(89,1020)
(91,998)
(90,993)
(88,992)
(92,962)
(93,942)
(95,925)
(94,915)
(96,906)
(98,890)
(97,879)
(99,826)
(104,821)
(101,818)
(102,815)
(103,808)
(100,789)
(105,771)
(106,753)
(111,739)
(108,715)
(107,715)
(109,705)
(112,695)
(113,693)
(114,691)
(110,689)
(121,631)
(117,623)
(115,615)
(118,615)
(119,605)
(116,604)
(120,597)
(125,587)
(124,566)
(123,558)
(122,552)
(128,552)
(129,550)
(127,538)
(136,530)
(126,522)
(131,519)
(134,509)
(138,492)
(139,491)
(135,490)
(133,488)
(130,486)
(132,479)
(143,472)
(147,467)
(140,462)
(137,458)
(145,449)
(141,447)
(144,425)
(142,424)
(148,410)
(146,408)
(149,406)
(150,404)
(151,404)
(161,398)
(157,396)
(154,395)
(160,394)
(155,394)
(153,389)
(152,387)
(156,374)
(158,366)
(162,365)
(159,352)
(166,351)
(163,350)
(165,349)
(164,347)
(171,338)
(168,334)
(173,331)
(172,328)
(169,324)
(167,320)
(177,311)
(176,310)
(174,305)
(175,302)
(186,301)
(179,300)
(170,298)
(184,295)
(181,290)
(178,282)
(190,279)
(182,272)
(185,270)
(194,269)
(188,266)
(180,262)
(187,262)
(193,261)
(189,260)
(183,258)
(195,256)
(201,255)
(202,255)
(203,255)
(191,252)
(192,251)
(196,242)
(199,240)
(205,238)
(198,235)
(219,235)
(204,228)
(197,228)
(206,225)
(209,224)
(200,223)
(210,221)
(221,220)
(213,219)
(217,218)
(231,213)
(216,212)
(220,212)
(230,211)
(211,209)
(212,208)
(215,207)
(218,206)
(207,204)
(214,201)
(208,194)
(227,191)
(226,190)
(232,190)
(224,188)
(228,185)
(225,184)
(222,182)
(241,182)
(229,178)
(223,175)
(235,174)
(236,173)
(239,173)
(237,171)
(245,170)
(249,168)
(242,167)
(240,166)
(234,165)
(244,164)
(233,164)
(248,162)
(251,160)
(246,156)
(238,156)
(266,155)
(256,153)
(263,152)
(255,151)
(243,150)
(262,148)
(253,147)
(254,145)
(257,145)
(267,142)
(285,141)
(252,140)
(265,140)
(271,140)
(260,139)
(279,139)
(281,139)
(280,137)
(258,136)
(283,136)
(250,136)
(273,134)
(292,133)
(264,132)
(269,132)
(270,131)
(259,128)
(282,126)
(286,126)
(311,126)
(274,125)
(277,124)
(268,124)
(296,123)
(261,122)
(275,122)
(306,119)
(272,119)
(299,119)
(294,118)
(309,118)
(278,116)
(288,115)
(290,114)
(247,113)
(303,111)
(293,110)
(317,109)
(287,109)
(323,109)
(276,108)
(310,107)
(322,107)
(295,106)
(298,105)
(316,104)
(300,103)
(307,102)
(284,102)
(297,102)
(289,101)
(291,101)
(327,101)
(315,101)
(314,100)
(301,99)
(319,99)
(302,99)
(340,98)
(305,98)
(325,96)
(304,96)
(320,94)
(330,92)
(313,92)
(332,92)
(329,92)
(339,91)
(334,91)
(345,88)
(335,87)
(324,86)
(344,85)
(308,85)
(343,84)
(321,84)
(341,84)
(318,83)
(312,83)
(336,83)
(348,82)
(326,82)
(347,81)
(331,80)
(355,80)
(338,80)
(342,79)
(363,79)
(328,79)
(346,77)
(373,76)
(371,75)
(337,74)
(354,73)
(357,73)
(352,73)
(359,73)
(360,72)
(333,70)
(358,70)
(362,67)
(372,66)
(378,66)
(370,66)
(365,66)
(405,65)
(377,65)
(349,64)
(375,64)
(393,64)
(350,63)
(366,62)
(384,62)
(379,62)
(361,62)
(376,62)
(391,61)
(374,61)
(369,61)
(368,60)
(356,60)
(364,60)
(383,60)
(385,59)
(381,59)
(399,59)
(353,59)
(397,58)
(380,58)
(351,58)
(388,58)
(389,58)
(382,57)
(396,56)
(403,56)
(390,54)
(402,54)
(367,54)
(422,54)
(423,54)
(417,54)
(394,54)
(444,53)
(436,52)
(418,52)
(387,51)
(398,50)
(401,50)
(404,49)
(414,48)
(392,48)
(427,47)
(386,47)
(426,46)
(470,46)
(440,46)
(431,46)
(450,45)
(438,45)
(476,45)
(416,45)
(435,45)
(412,45)
(424,45)
(443,45)
(407,45)
(464,44)
(429,44)
(437,44)
(408,43)
(439,43)
(409,43)
(441,43)
(419,43)
(395,43)
(420,42)
(400,42)
(499,41)
(411,40)
(459,40)
(430,40)
(455,40)
(415,39)
(434,39)
(421,38)
(445,38)
(410,38)
(471,37)
(479,37)
(486,36)
(449,36)
(413,36)
(457,35)
(428,35)
(452,35)
(446,35)
(484,35)
(448,35)
(467,35)
(461,35)
(425,35)
(432,34)
(505,34)
(482,34)
(458,34)
(472,34)
(442,34)
(485,34)
(456,33)
(451,33)
(453,32)
(406,32)
(478,32)
(492,31)
(487,31)
(433,31)
(500,31)
(474,30)
(447,30)
(460,30)
(523,29)
(477,29)
(462,28)
(546,28)
(510,28)
(475,28)
(564,27)
(522,27)
(511,27)
(517,27)
(536,27)
(491,27)
(534,26)
(480,26)
(468,26)
(481,26)
(524,26)
(542,26)
(501,26)
(465,26)
(502,26)
(527,26)
(509,26)
(498,25)
(529,25)
(463,25)
(494,25)
(560,25)
(489,25)
(466,25)
(538,25)
(516,24)
(570,24)
(506,24)
(495,24)
(537,24)
(514,24)
(569,24)
(576,23)
(512,23)
(548,23)
(513,23)
(508,23)
(490,23)
(594,22)
(469,22)
(595,22)
(603,22)
(519,22)
(549,22)
(592,22)
(496,22)
(550,22)
(593,22)
(497,22)
(540,21)
(547,21)
(650,21)
(488,21)
(507,21)
(483,21)
(525,21)
(526,21)
(515,21)
(599,21)
(539,21)
(588,20)
(541,20)
(565,20)
(585,20)
(454,20)
(556,20)
(535,19)
(493,19)
(530,19)
(561,19)
(573,19)
(609,19)
(681,19)
(544,19)
(568,19)
(551,19)
(521,19)
(558,18)
(553,18)
(619,18)
(626,18)
(614,18)
(578,18)
(520,18)
(682,18)
(598,18)
(574,18)
(532,18)
(623,18)
(557,18)
(473,18)
(575,18)
(545,18)
(528,17)
(589,17)
(543,17)
(730,17)
(610,17)
(581,17)
(533,17)
(503,17)
(504,16)
(571,16)
(559,16)
(518,16)
(531,16)
(639,16)
(587,16)
(606,15)
(552,15)
(613,15)
(602,15)
(572,15)
(566,15)
(633,15)
(687,15)
(647,15)
(612,14)
(618,14)
(649,14)
(763,14)
(734,14)
(584,14)
(651,14)
(567,14)
(604,14)
(605,14)
(660,13)
(624,13)
(601,13)
(590,13)
(656,13)
(621,13)
(819,13)
(555,13)
(586,13)
(562,13)
(670,13)
(665,13)
(563,13)
(857,13)
(899,13)
(635,13)
(834,12)
(732,12)
(642,12)
(577,12)
(583,12)
(782,12)
(788,12)
(579,12)
(675,12)
(729,12)
(591,12)
(693,12)
(700,12)
(731,12)
(701,12)
(875,12)
(611,12)
(725,12)
(696,11)
(582,11)
(654,11)
(648,11)
(637,11)
(835,11)
(631,11)
(865,11)
(608,11)
(632,11)
(668,11)
(620,11)
(596,11)
(801,11)
(699,11)
(669,11)
(628,11)
(814,11)
(640,11)
(838,11)
(580,11)
(695,11)
(641,11)
(677,11)
(774,10)
(600,10)
(714,10)
(787,10)
(685,10)
(655,10)
(625,10)
(758,10)
(674,10)
(686,10)
(770,10)
(722,10)
(554,10)
(680,10)
(849,10)
(723,10)
(975,10)
(808,10)
(664,10)
(658,10)
(724,10)
(707,10)
(779,10)
(617,10)
(726,9)
(720,9)
(762,9)
(744,9)
(684,9)
(780,9)
(792,9)
(667,9)
(703,9)
(919,9)
(1003,9)
(673,9)
(811,9)
(644,9)
(806,9)
(638,9)
(716,9)
(663,9)
(627,9)
(712,9)
(652,9)
(874,9)
(694,9)
(898,9)
(748,9)
(815,9)
(869,9)
(689,9)
(983,9)
(803,9)
(636,8)
(804,8)
(702,8)
(822,8)
(894,8)
(666,8)
(781,8)
(643,8)
(793,8)
(877,8)
(842,8)
(698,8)
(854,8)
(764,8)
(1004,8)
(645,8)
(711,8)
(741,8)
(783,8)
(717,8)
(772,8)
(844,8)
(718,8)
(706,8)
(683,8)
(791,8)
(911,8)
(629,8)
(881,8)
(767,8)
(810,7)
(1398,7)
(672,7)
(798,7)
(888,7)
(1200,7)
(738,7)
(768,7)
(690,7)
(1255,7)
(847,7)
(907,7)
(937,7)
(1009,7)
(733,7)
(1027,7)
(1045,7)
(661,7)
(871,7)
(607,7)
(752,7)
(944,7)
(884,7)
(836,7)
(740,7)
(662,7)
(692,7)
(866,7)
(746,7)
(885,7)
(735,7)
(705,7)
(1185,7)
(879,7)
(615,7)
(969,7)
(789,7)
(765,7)
(753,7)
(646,7)
(820,7)
(892,7)
(910,7)
(616,7)
(634,7)
(952,7)
(766,7)
(958,7)
(1024,7)
(940,7)
(785,7)
(821,7)
(749,7)
(809,7)
(947,7)
(1020,6)
(786,6)
(1434,6)
(828,6)
(756,6)
(978,6)
(924,6)
(1393,6)
(1099,6)
(727,6)
(679,6)
(721,6)
(697,6)
(997,6)
(745,6)
(1057,6)
(817,6)
(691,6)
(1040,6)
(1304,6)
(1250,6)
(968,6)
(1226,6)
(890,6)
(974,6)
(998,6)
(980,6)
(710,6)
(597,6)
(1245,6)
(1023,6)
(897,6)
(813,6)
(1341,6)
(837,6)
(993,6)
(1162,6)
(1096,6)
(784,6)
(754,6)
(688,6)
(736,6)
(904,6)
(742,6)
(622,6)
(1054,6)
(778,6)
(659,6)
(719,6)
(959,6)
(1175,6)
(935,6)
(1091,6)
(977,6)
(761,6)
(743,6)
(996,5)
(1308,5)
(1344,5)
(936,5)
(750,5)
(1008,5)
(1092,5)
(630,5)
(870,5)
(1482,5)
(715,5)
(1219,5)
(1369,5)
(757,5)
(973,5)
(751,5)
(1123,5)
(1231,5)
(841,5)
(823,5)
(1141,5)
(1201,5)
(986,5)
(1148,5)
(1298,5)
(872,5)
(830,5)
(812,5)
(1520,5)
(824,5)
(704,5)
(800,5)
(795,5)
(1029,5)
(771,5)
(1605,5)
(1599,5)
(903,5)
(657,5)
(1173,5)
(825,5)
(939,5)
(777,5)
(1137,5)
(1426,5)
(1144,5)
(1210,5)
(796,5)
(1750,5)
(1132,5)
(826,5)
(832,5)
(1252,5)
(790,5)
(880,5)
(1073,5)
(755,5)
(851,5)
(929,5)
(1025,5)
(827,5)
(845,5)
(1109,5)
(1121,5)
(653,5)
(671,5)
(1385,5)
(839,5)
(1163,5)
(713,5)
(989,5)
(1128,4)
(954,4)
(1386,4)
(1104,4)
(1176,4)
(918,4)
(840,4)
(1608,4)
(1152,4)
(1050,4)
(906,4)
(1446,4)
(1872,4)
(846,4)
(2226,4)
(1224,4)
(942,4)
(708,4)
(882,4)
(1164,4)
(876,4)
(1380,4)
(1206,4)
(1194,4)
(931,4)
(799,4)
(1261,4)
(943,4)
(1435,4)
(829,4)
(895,4)
(1603,4)
(859,4)
(1015,4)
(1153,4)
(1381,4)
(1039,4)
(949,4)
(1465,4)
(1093,4)
(1105,4)
(1328,4)
(992,4)
(1280,4)
(878,4)
(848,4)
(1076,4)
(1022,4)
(1598,4)
(914,4)
(818,4)
(1496,4)
(1358,4)
(1352,4)
(1622,4)
(950,4)
(1394,4)
(1400,4)
(1064,4)
(920,4)
(1112,4)
(1094,4)
(1118,4)
(1082,4)
(938,4)
(776,4)
(1425,4)
(855,4)
(1635,4)
(1059,4)
(915,4)
(1035,4)
(1203,4)
(867,4)
(1089,4)
(1071,4)
(921,4)
(1305,4)
(909,4)
(981,4)
(963,4)
(1443,4)
(891,4)
(1299,4)
(1083,4)
(1197,4)
(1497,4)
(747,4)
(1084,4)
(1198,4)
(928,4)
(862,4)
(1066,4)
(1342,4)
(922,4)
(1126,4)
(964,4)
(676,4)
(1222,4)
(886,4)
(1276,4)
(1432,4)
(976,4)
(1588,4)
(1456,4)
(802,4)
(1648,4)
(1505,4)
(863,4)
(1379,4)
(1373,4)
(737,4)
(995,4)
(1421,4)
(1127,4)
(1769,4)
(1145,4)
(1079,4)
(1469,4)
(1067,4)
(1169,4)
(971,4)
(1410,3)
(1338,3)
(1908,3)
(1182,3)
(1098,3)
(948,3)
(1044,3)
(1032,3)
(678,3)
(1290,3)
(966,3)
(990,3)
(1242,3)
(1284,3)
(858,3)
(1272,3)
(852,3)
(1122,3)
(2376,3)
(1074,3)
(1056,3)
(1188,3)
(864,3)
(816,3)
(1542,3)
(1038,3)
(1764,3)
(1236,3)
(1230,3)
(1687,3)
(967,3)
(1069,3)
(1195,3)
(1279,3)
(961,3)
(2623,3)
(1555,3)
(1177,3)
(925,3)
(1291,3)
(1267,3)
(1117,3)
(1507,3)
(1033,3)
(1573,3)
(1129,3)
(805,3)
(4471,3)
(2077,3)
(1543,3)
(709,3)
(2719,3)
(1747,3)
(1189,3)
(2167,3)
(1021,3)
(2233,3)
(853,3)
(739,3)
(991,3)
(2317,3)
(979,3)
(956,3)
(1550,3)
(1046,3)
(962,3)
(1592,3)
(1190,3)
(2180,3)
(1556,3)
(902,3)
(1142,3)
(794,3)
(1340,3)
(1574,3)
(2294,3)
(1424,3)
(1124,3)
(1106,3)
(1052,3)
(2456,3)
(2228,3)
(1286,3)
(1166,3)
(860,3)
(926,3)
(1364,3)
(728,3)
(2066,3)
(1028,3)
(896,3)
(1232,3)
(1388,3)
(1034,3)
(1214,3)
(1376,3)
(908,3)
(1292,3)
(861,3)
(1971,3)
(1731,3)
(1551,3)
(1317,3)
(831,3)
(759,3)
(1155,3)
(1149,3)
(1797,3)
(1653,3)
(843,3)
(1047,3)
(945,3)
(1893,3)
(1227,3)
(1011,3)
(2391,3)
(2319,3)
(1179,3)
(807,3)
(1395,3)
(1479,3)
(2139,3)
(2301,3)
(1455,3)
(1593,3)
(1041,3)
(1521,3)
(1150,3)
(1828,3)
(1486,3)
(1006,3)
(988,3)
(1120,3)
(1030,3)
(1996,3)
(1174,3)
(1102,3)
(1858,3)
(850,3)
(1294,3)
(1408,3)
(1510,3)
(1954,3)
(1078,3)
(1522,3)
(868,3)
(1240,3)
(1450,3)
(982,3)
(946,3)
(2446,3)
(1925,3)
(1871,3)
(2231,3)
(1601,3)
(1097,3)
(1217,3)
(1229,3)
(1055,3)
(1289,3)
(1037,3)
(1007,3)
(773,3)
(1727,3)
(1013,3)
(905,3)
(2069,3)
(1979,3)
(1181,3)
(1493,3)
(1211,3)
(1535,3)
(1061,3)
(1439,3)
(953,3)
(1085,3)
(1691,3)
(1511,3)
(917,3)
(1451,3)
(887,3)
(1577,3)
(833,3)
(1643,3)
(1751,3)
(1391,3)
(1103,3)
(1517,3)
(1080,2)
(912,2)
(1752,2)
(1404,2)
(1632,2)
(1068,2)
(1158,2)
(1656,2)
(2034,2)
(1770,2)
(1374,2)
(984,2)
(1674,2)
(1146,2)
(1470,2)
(1452,2)
(1806,2)
(1710,2)
(1086,2)
(1488,2)
(3972,2)
(1992,2)
(1248,2)
(930,2)
(2076,2)
(1314,2)
(2310,2)
(1614,2)
(1422,2)
(2238,2)
(1026,2)
(1950,2)
(1590,2)
(1332,2)
(2568,2)
(2598,2)
(1698,2)
(1746,2)
(1116,2)
(2106,2)
(2994,2)
(2382,2)
(1662,2)
(2292,2)
(1458,2)
(1440,2)
(972,2)
(1134,2)
(2652,2)
(2058,2)
(2064,2)
(1530,2)
(1110,2)
(1717,2)
(2617,2)
(1075,2)
(1477,2)
(1159,2)
(1903,2)
(1237,2)
(2173,2)
(1891,2)
(1951,2)
(2257,2)
(2281,2)
(1789,2)
(1243,2)
(1537,2)
(1867,2)
(1321,2)
(1111,2)
(1135,2)
(1183,2)
(1063,2)
(1387,2)
(1777,2)
(1303,2)
(769,2)
(1933,2)
(1471,2)
(2695,2)
(1651,2)
(1441,2)
(1609,2)
(2377,2)
(2425,2)
(1639,2)
(1315,2)
(1681,2)
(2083,2)
(1357,2)
(1765,2)
(1051,2)
(1411,2)
(2923,2)
(889,2)
(1351,2)
(2761,2)
(955,2)
(1621,2)
(2833,2)
(1771,2)
(913,2)
(1327,2)
(1999,2)
(1915,2)
(2149,2)
(1549,2)
(2887,2)
(1675,2)
(1819,2)
(2533,2)
(2743,2)
(901,2)
(2095,2)
(2509,2)
(2203,2)
(1663,2)
(1147,2)
(1058,2)
(1202,2)
(2798,2)
(2744,2)
(1796,2)
(1172,2)
(1700,2)
(1346,2)
(1922,2)
(1184,2)
(1154,2)
(2186,2)
(1856,2)
(1136,2)
(2318,2)
(2006,2)
(2858,2)
(1418,2)
(1742,2)
(1988,2)
(1070,2)
(1442,2)
(1196,2)
(5294,2)
(1676,2)
(1526,2)
(1640,2)
(2060,2)
(1322,2)
(1256,2)
(1952,2)
(1490,2)
(1544,2)
(1527,2)
(1053,2)
(2493,2)
(1329,2)
(2607,2)
(1851,2)
(1005,2)
(2487,2)
(1017,2)
(2781,2)
(1107,2)
(1641,2)
(1353,2)
(2133,2)
(1437,2)
(2205,2)
(1947,2)
(2871,2)
(1431,2)
(2247,2)
(2091,2)
(1065,2)
(1737,2)
(1167,2)
(1413,2)
(1683,2)
(2829,2)
(1077,2)
(2367,2)
(2505,2)
(1863,2)
(2115,2)
(957,2)
(2595,2)
(2037,2)
(2895,2)
(1869,2)
(1101,2)
(1293,2)
(1161,2)
(1941,2)
(1209,2)
(1095,2)
(1371,2)
(1473,2)
(1665,2)
(1725,2)
(1281,2)
(1461,2)
(1587,2)
(1713,2)
(1719,2)
(927,2)
(1647,2)
(2553,2)
(1917,2)
(873,2)
(1335,2)
(1815,2)
(3627,2)
(1191,2)
(1330,2)
(1336,2)
(1060,2)
(1570,2)
(1246,2)
(1168,2)
(1882,2)
(1732,2)
(1654,2)
(1324,2)
(1192,2)
(1186,2)
(1420,2)
(1042,2)
(1540,2)
(1564,2)
(994,2)
(916,2)
(1690,2)
(1396,2)
(2128,2)
(1534,2)
(1492,2)
(2350,2)
(1354,2)
(1516,2)
(1378,2)
(3220,2)
(1606,2)
(1318,2)
(1552,2)
(2644,2)
(1822,2)
(1348,2)
(2470,2)
(1270,2)
(1156,2)
(1810,2)
(3550,2)
(2698,2)
(760,2)
(1090,2)
(1288,2)
(1660,2)
(3592,2)
(856,2)
(970,2)
(1618,2)
(2056,2)
(2014,2)
(2050,2)
(1990,2)
(1204,2)
(1138,2)
(1846,2)
(1108,2)
(1180,2)
(2788,2)
(2134,2)
(893,2)
(1907,2)
(1739,2)
(2021,2)
(1973,2)
(1409,2)
(1199,2)
(1031,2)
(1241,2)
(2597,2)
(1049,2)
(6563,2)
(1709,2)
(1319,2)
(3017,2)
(1565,2)
(1187,2)
(1157,2)
(1931,2)
(1235,2)
(2495,2)
(1967,2)
(1343,2)
(1463,2)
(1811,2)
(2045,2)
(1133,2)
(1619,2)
(1115,2)
(1043,2)
(1205,2)
(2033,2)
(1793,2)
(1307,2)
(1265,2)
(1937,2)
(1943,2)
(1763,2)
(1295,2)
(1193,2)
(1529,2)
(1403,2)
(5039,2)
(941,2)
(1283,2)
(1613,2)
(1019,2)
(1313,2)
(1499,2)
(1991,2)
(2783,2)
(1331,2)
(1001,2)
(4019,2)
(1301,2)
(3779,2)
(1637,2)
(2556,1)
(1260,1)
(1350,1)
(1494,1)
(4302,1)
(2334,1)
(1416,1)
(1596,1)
(1830,1)
(2202,1)
(4104,1)
(3336,1)
(3258,1)
(3420,1)
(6642,1)
(1716,1)
(1782,1)
(1062,1)
(2706,1)
(2424,1)
(8274,1)
(2280,1)
(1296,1)
(1320,1)
(2610,1)
(3990,1)
(2040,1)
(3210,1)
(3918,1)
(2748,1)
(8346,1)
(3780,1)
(1854,1)
(1758,1)
(2130,1)
(5208,1)
(1428,1)
(2070,1)
(2394,1)
(4452,1)
(3318,1)
(1518,1)
(2844,1)
(3018,1)
(1896,1)
(3042,1)
(4338,1)
(2886,1)
(4344,1)
(2694,1)
(2772,1)
(3900,1)
(2760,1)
(1602,1)
(2364,1)
(1704,1)
(1266,1)
(3504,1)
(3102,1)
(2490,1)
(1218,1)
(1356,1)
(3978,1)
(3114,1)
(2700,1)
(5958,1)
(1014,1)
(2472,1)
(1548,1)
(1686,1)
(2178,1)
(4806,1)
(4464,1)
(8820,1)
(5670,1)
(1362,1)
(2928,1)
(4092,1)
(5154,1)
(2988,1)
(4110,1)
(2166,1)
(1998,1)
(1914,1)
(900,1)
(4086,1)
(1560,1)
(1392,1)
(1938,1)
(4056,1)
(2466,1)
(2670,1)
(1740,1)
(2934,1)
(3174,1)
(1866,1)
(5886,1)
(3726,1)
(2094,1)
(1644,1)
(2442,1)
(1812,1)
(2586,1)
(1926,1)
(4488,1)
(3540,1)
(4164,1)
(1980,1)
(2796,1)
(5808,1)
(3090,1)
(1842,1)
(2388,1)
(4218,1)
(3078,1)
(1638,1)
(4026,1)
(2682,1)
(3132,1)
(2832,1)
(5778,1)
(1692,1)
(2460,1)
(3276,1)
(2754,1)
(3618,1)
(3156,1)
(2112,1)
(3936,1)
(1584,1)
(2256,1)
(3012,1)
(1902,1)
(4776,1)
(4668,1)
(1506,1)
(1722,1)
(2268,1)
(2232,1)
(3522,1)
(11286,1)
(1836,1)
(3996,1)
(2538,1)
(4914,1)
(2406,1)
(1512,1)
(2982,1)
(4308,1)
(5904,1)
(2244,1)
(4068,1)
(3084,1)
(4254,1)
(2082,1)
(1536,1)
(1524,1)
(1212,1)
(2118,1)
(2196,1)
(3954,1)
(3366,1)
(960,1)
(1921,1)
(1501,1)
(1957,1)
(1807,1)
(2371,1)
(3319,1)
(2863,1)
(2119,1)
(775,1)
(2797,1)
(2323,1)
(1885,1)
(7453,1)
(1165,1)
(4225,1)
(2605,1)
(3421,1)
(1297,1)
(6439,1)
(2089,1)
(1399,1)
(6655,1)
(1597,1)
(2239,1)
(4495,1)
(3109,1)
(4897,1)
(2011,1)
(3043,1)
(1567,1)
(3145,1)
(4591,1)
(3169,1)
(1225,1)
(2251,1)
(11497,1)
(2827,1)
(1693,1)
(1699,1)
(3457,1)
(1405,1)
(1531,1)
(2197,1)
(2383,1)
(5557,1)
(2905,1)
(1171,1)
(1849,1)
(2041,1)
(1447,1)
(4381,1)
(1729,1)
(2755,1)
(2059,1)
(5599,1)
(3067,1)
(1081,1)
(1927,1)
(2725,1)
(4561,1)
(2935,1)
(2641,1)
(2569,1)
(883,1)
(1939,1)
(1417,1)
(6433,1)
(1981,1)
(4279,1)
(1795,1)
(2311,1)
(4213,1)
(3337,1)
(2497,1)
(5335,1)
(1723,1)
(1207,1)
(4501,1)
(2209,1)
(1669,1)
(2851,1)
(4597,1)
(2419,1)
(3715,1)
(985,1)
(2131,1)
(5317,1)
(1759,1)
(2029,1)
(1519,1)
(2113,1)
(2245,1)
(2485,1)
(2407,1)
(1879,1)
(2503,1)
(4387,1)
(6949,1)
(2899,1)
(2689,1)
(1087,1)
(2473,1)
(3163,1)
(2341,1)
(3241,1)
(1909,1)
(3127,1)
(1345,1)
(1459,1)
(3571,1)
(2539,1)
(3931,1)
(2161,1)
(1429,1)
(1627,1)
(2215,1)
(1963,1)
(2065,1)
(1495,1)
(1705,1)
(1897,1)
(4003,1)
(2431,1)
(1309,1)
(1993,1)
(3295,1)
(1975,1)
(4303,1)
(3235,1)
(9487,1)
(2395,1)
(5773,1)
(1513,1)
(1861,1)
(1285,1)
(1249,1)
(9985,1)
(2971,1)
(3355,1)
(2191,1)
(3787,1)
(1753,1)
(1868,1)
(1976,1)
(1880,1)
(6392,1)
(1430,1)
(1466,1)
(2486,1)
(1658,1)
(3746,1)
(5144,1)
(2594,1)
(1838,1)
(6368,1)
(1808,1)
(4664,1)
(1910,1)
(3092,1)
(1862,1)
(1310,1)
(3332,1)
(2540,1)
(2372,1)
(7034,1)
(6032,1)
(2732,1)
(1670,1)
(5204,1)
(1010,1)
(1970,1)
(1262,1)
(1406,1)
(3158,1)
(6866,1)
(3056,1)
(5636,1)
(3146,1)
(4334,1)
(3848,1)
(1928,1)
(2420,1)
(2492,1)
(2198,1)
(2462,1)
(3434,1)
(2588,1)
(1100,1)
(3824,1)
(1772,1)
(2774,1)
(2660,1)
(1994,1)
(1178,1)
(3452,1)
(3980,1)
(3476,1)
(4016,1)
(4736,1)
(2150,1)
(4292,1)
(1916,1)
(1538,1)
(4142,1)
(1688,1)
(1472,1)
(2210,1)
(3266,1)
(1532,1)
(4730,1)
(2840,1)
(2012,1)
(3386,1)
(2132,1)
(4244,1)
(2972,1)
(4598,1)
(2162,1)
(8378,1)
(2720,1)
(1898,1)
(2528,1)
(6638,1)
(2690,1)
(1832,1)
(1730,1)
(2930,1)
(2966,1)
(3236,1)
(2288,1)
(3098,1)
(3614,1)
(3014,1)
(2258,1)
(1706,1)
(6290,1)
(3314,1)
(1268,1)
(3206,1)
(1220,1)
(1274,1)
(1412,1)
(1514,1)
(4970,1)
(3122,1)
(2570,1)
(1130,1)
(2810,1)
(2156,1)
(2894,1)
(1016,1)
(3116,1)
(2126,1)
(2642,1)
(1382,1)
(4100,1)
(2666,1)
(2240,1)
(3026,1)
(2474,1)
(1238,1)
(4892,1)
(2936,1)
(2516,1)
(1814,1)
(2336,1)
(1562,1)
(1370,1)
(1820,1)
(5750,1)
(2384,1)
(1802,1)
(1436,1)
(4586,1)
(2270,1)
(3536,1)
(2624,1)
(3050,1)
(2918,1)
(3062,1)
(3218,1)
(3044,1)
(2018,1)
(1604,1)
(4082,1)
(2606,1)
(3656,1)
(1748,1)
(2204,1)
(1778,1)
(2072,1)
(4634,1)
(1694,1)
(2432,1)
(1628,1)
(1586,1)
(2042,1)
(3626,1)
(2216,1)
(2114,1)
(4346,1)
(3962,1)
(1610,1)
(2726,1)
(1088,1)
(7952,1)
(2264,1)
(1964,1)
(932,1)
(2313,1)
(2073,1)
(3837,1)
(3255,1)
(3339,1)
(7287,1)
(1995,1)
(3795,1)
(1989,1)
(3063,1)
(1575,1)
(6015,1)
(2853,1)
(1467,1)
(3903,1)
(2337,1)
(3831,1)
(1377,1)
(1689,1)
(1311,1)
(1125,1)
(1383,1)
(4269,1)
(1749,1)
(1833,1)
(6183,1)
(2787,1)
(1509,1)
(2421,1)
(3705,1)
(1359,1)
(4083,1)
(2439,1)
(4371,1)
(5595,1)
(5733,1)
(987,1)
(2763,1)
(2187,1)
(3603,1)
(2193,1)
(4293,1)
(1407,1)
(4041,1)
(2415,1)
(1515,1)
(2529,1)
(5403,1)
(2109,1)
(3267,1)
(2703,1)
(4389,1)
(2583,1)
(4767,1)
(2613,1)
(1755,1)
(1221,1)
(4395,1)
(1707,1)
(1233,1)
(1743,1)
(1287,1)
(2001,1)
(1347,1)
(2031,1)
(3867,1)
(2451,1)
(1131,1)
(3453,1)
(2103,1)
(3375,1)
(2151,1)
(2181,1)
(1545,1)
(1239,1)
(933,1)
(1449,1)
(2013,1)
(3435,1)
(1881,1)
(6231,1)
(1809,1)
(3009,1)
(4593,1)
(1875,1)
(3729,1)
(1611,1)
(7611,1)
(2601,1)
(2631,1)
(1365,1)
(4059,1)
(1533,1)
(3915,1)
(1935,1)
(3147,1)
(3447,1)
(2223,1)
(2169,1)
(3381,1)
(2811,1)
(3873,1)
(1983,1)
(2043,1)
(2925,1)
(1539,1)
(2679,1)
(1269,1)
(1569,1)
(1113,1)
(1401,1)
(1767,1)
(2355,1)
(1857,1)
(8991,1)
(3225,1)
(4185,1)
(2343,1)
(1485,1)
(1845,1)
(1119,1)
(1617,1)
(2769,1)
(1251,1)
(1263,1)
(1215,1)
(4017,1)
(3237,1)
(2259,1)
(2349,1)
(3459,1)
(951,1)
(1929,1)
(2475,1)
(5241,1)
(5469,1)
(2253,1)
(2289,1)
(1143,1)
(1827,1)
(3525,1)
(1786,1)
(2002,1)
(2242,1)
(1036,1)
(2596,1)
(1894,1)
(2062,1)
(3706,1)
(3718,1)
(1282,1)
(1480,1)
(2584,1)
(2272,1)
(4222,1)
(1630,1)
(5680,1)
(2602,1)
(2092,1)
(3922,1)
(2116,1)
(1816,1)
(5998,1)
(1636,1)
(1402,1)
(4060,1)
(2164,1)
(2464,1)
(2836,1)
(2410,1)
(2974,1)
(4072,1)
(1966,1)
(7120,1)
(7894,1)
(1984,1)
(1468,1)
(3136,1)
(3490,1)
(3484,1)
(1918,1)
(3214,1)
(1906,1)
(3520,1)
(6310,1)
(2398,1)
(3454,1)
(3364,1)
(2488,1)
(2782,1)
(2374,1)
(4420,1)
(4840,1)
(2980,1)
(2086,1)
(3298,1)
(2770,1)
(2200,1)
(4672,1)
(1258,1)
(4564,1)
(2068,1)
(3280,1)
(1624,1)
(4180,1)
(1672,1)
(2206,1)
(3202,1)
(1792,1)
(3778,1)
(1972,1)
(6952,1)
(1978,1)
(3754,1)
(4816,1)
(4468,1)
(2884,1)
(1726,1)
(3004,1)
(3892,1)
(2380,1)
(3406,1)
(2566,1)
(1366,1)
(3694,1)
(2752,1)
(2692,1)
(3946,1)
(1804,1)
(4576,1)
(3562,1)
(2356,1)
(1666,1)
(2038,1)
(1528,1)
(4930,1)
(4846,1)
(9700,1)
(1438,1)
(5992,1)
(1612,1)
(3142,1)
(2194,1)
(1744,1)
(3598,1)
(2656,1)
(1216,1)
(1012,1)
(14566,1)
(3976,1)
(2500,1)
(3148,1)
(8578,1)
(3424,1)
(1474,1)
(1558,1)
(3664,1)
(2710,1)
(1372,1)
(2302,1)
(3928,1)
(7708,1)
(4270,1)
(3826,1)
(1582,1)
(6496,1)
(1072,1)
(6958,1)
(1960,1)
(2986,1)
(1576,1)
(7318,1)
(1738,1)
(1048,1)
(3832,1)
(2614,1)
(7690,1)
(4690,1)
(2590,1)
(4756,1)
(1018,1)
(1114,1)
(2680,1)
(3526,1)
(2104,1)
(2476,1)
(1756,1)
(1684,1)
(1000,1)
(5686,1)
(1234,1)
(2044,1)
(5092,1)
(2212,1)
(2032,1)
(2620,1)
(3346,1)
(4024,1)
(2530,1)
(5818,1)
(2260,1)
(2722,1)
(2230,1)
(1312,1)
(2458,1)
(3586,1)
(3994,1)
(3209,1)
(12983,1)
(4145,1)
(1445,1)
(1661,1)
(1523,1)
(2405,1)
(2051,1)
(4643,1)
(3893,1)
(1583,1)
(5135,1)
(5933,1)
(1475,1)
(4445,1)
(3581,1)
(2747,1)
(1553,1)
(2159,1)
(1961,1)
(1823,1)
(2339,1)
(2657,1)
(3593,1)
(10601,1)
(1427,1)
(1901,1)
(1433,1)
(1949,1)
(4037,1)
(4241,1)
(9005,1)
(2555,1)
(2753,1)
(1337,1)
(1883,1)
(1775,1)
(797,1)
(1745,1)
(2291,1)
(923,1)
(3173,1)
(2777,1)
(1733,1)
(6071,1)
(2345,1)
(4637,1)
(4301,1)
(2099,1)
(5249,1)
(5441,1)
(1151,1)
(965,1)
(1367,1)
(3815,1)
(1877,1)
(3713,1)
(2357,1)
(3083,1)
(2579,1)
(1835,1)
(1271,1)
(1277,1)
(2189,1)
(1625,1)
(1415,1)
(2303,1)
(2183,1)
(5147,1)
(1139,1)
(2225,1)
(4325,1)
(1541,1)
(4397,1)
(2561,1)
(1919,1)
(2375,1)
(2651,1)
(1817,1)
(11213,1)
(2399,1)
(3785,1)
(1679,1)
(2249,1)
(3965,1)
(2255,1)
(2885,1)
(6197,1)
(1247,1)
(2075,1)
(3317,1)
(1253,1)
(3053,1)
(2129,1)
(2489,1)
(3377,1)
(5639,1)
(1787,1)
(6293,1)
(2171,1)
(3059,1)
(2789,1)
(2201,1)
(2369,1)
(2447,1)
(1487,1)
(2525,1)
(2087,1)
(1223,1)
(2153,1)
(3335,1)
(2285,1)
(2765,1)
(1955,1)
(1457,1)
(1781,1)
(1595,1)
(2207,1)
(2933,1)
(2003,1)
(3107,1)
(1985,1)
(2465,1)
(1841,1)
(1859,1)
2022-03-29 00:28:07,164 INFO server.AbstractConnector: Stopped Spark@3c83eee9{HTTP/1.1, (http/1.1)}{exp-1-38:4040}
2022-03-29 00:28:07,165 INFO ui.SparkUI: Stopped Spark web UI at http://exp-1-38.expanse.sdsc.edu:4040
2022-03-29 00:28:07,169 INFO cluster.StandaloneSchedulerBackend: Shutting down all executors
2022-03-29 00:28:07,169 INFO cluster.CoarseGrainedSchedulerBackend$DriverEndpoint: Asking each executor to shut down
2022-03-29 00:28:07,184 INFO spark.MapOutputTrackerMasterEndpoint: MapOutputTrackerMasterEndpoint stopped!
2022-03-29 00:28:07,208 INFO memory.MemoryStore: MemoryStore cleared
2022-03-29 00:28:07,208 INFO storage.BlockManager: BlockManager stopped
2022-03-29 00:28:07,213 INFO storage.BlockManagerMaster: BlockManagerMaster stopped
2022-03-29 00:28:07,215 INFO scheduler.OutputCommitCoordinator$OutputCommitCoordinatorEndpoint: OutputCommitCoordinator stopped!
2022-03-29 00:28:07,248 INFO spark.SparkContext: Successfully stopped SparkContext
2022-03-29 00:28:07,252 INFO util.ShutdownHookManager: Shutdown hook called
2022-03-29 00:28:07,252 INFO util.ShutdownHookManager: Deleting directory /tmp/spark-f90438b7-7278-4080-b7eb-bbb87914760d
2022-03-29 00:28:07,261 INFO util.ShutdownHookManager: Deleting directory /tmp/spark-8dd9db7e-37fd-4905-9909-3244d2d121c3
Stopping namenodes on [exp-1-38]
Stopping datanodes
WARNING: HADOOP_SECURE_DN_PID_DIR has been replaced by HADOOP_SECURE_PID_DIR. Using value of HADOOP_SECURE_DN_PID_DIR.
localhost: @@@@@@@@@@@@@@@@@@@@@@@@@@@@@@@@@@@@@@@@@@@@@@@@@@@@@@@@@@@
localhost: @    WARNING: REMOTE HOST IDENTIFICATION HAS CHANGED!     @
localhost: @@@@@@@@@@@@@@@@@@@@@@@@@@@@@@@@@@@@@@@@@@@@@@@@@@@@@@@@@@@
localhost: IT IS POSSIBLE THAT SOMEONE IS DOING SOMETHING NASTY!
localhost: Someone could be eavesdropping on you right now (man-in-the-middle attack)!
localhost: It is also possible that a host key has just been changed.
localhost: The fingerprint for the ED25519 key sent by the remote host is
localhost: SHA256:9H3/odChFlGc+Hsy2Fb1lpJ5naBk011LUZZKOb/fREc.
localhost: Please contact your system administrator.
localhost: Add correct host key in /home/ard5625/.ssh/known_hosts to get rid of this message.
localhost: Offending ED25519 key in /home/ard5625/.ssh/known_hosts:1
localhost: Password authentication is disabled to avoid man-in-the-middle attacks.
localhost: Keyboard-interactive authentication is disabled to avoid man-in-the-middle attacks.
localhost: WARNING: HADOOP_SECURE_DN_PID_DIR has been replaced by HADOOP_SECURE_PID_DIR. Using value of HADOOP_SECURE_DN_PID_DIR.
Stopping secondary namenodes [exp-1-38]
Copying Hadoop logs back to /home/ard5625/expansecluster/logs...
'/scratch/ard5625/job_10983139/logs' -> '/home/ard5625/expansecluster/logs'
'/scratch/ard5625/job_10983139/logs/hadoop-ard5625-namenode-exp-1-38.out' -> '/home/ard5625/expansecluster/logs/hadoop-ard5625-namenode-exp-1-38.out'
'/scratch/ard5625/job_10983139/logs/SecurityAuth-ard5625.audit' -> '/home/ard5625/expansecluster/logs/SecurityAuth-ard5625.audit'
'/scratch/ard5625/job_10983139/logs/hadoop-ard5625-datanode-exp-1-38.out' -> '/home/ard5625/expansecluster/logs/hadoop-ard5625-datanode-exp-1-38.out'
'/scratch/ard5625/job_10983139/logs/hadoop-ard5625-namenode-exp-1-38.log' -> '/home/ard5625/expansecluster/logs/hadoop-ard5625-namenode-exp-1-38.log'
'/scratch/ard5625/job_10983139/logs/hadoop-ard5625-datanode-exp-1-38.log' -> '/home/ard5625/expansecluster/logs/hadoop-ard5625-datanode-exp-1-38.log'
'/scratch/ard5625/job_10983139/logs/hadoop-ard5625-secondarynamenode-exp-1-38.out' -> '/home/ard5625/expansecluster/logs/hadoop-ard5625-secondarynamenode-exp-1-38.out'
'/scratch/ard5625/job_10983139/logs/hadoop-ard5625-secondarynamenode-exp-1-38.log' -> '/home/ard5625/expansecluster/logs/hadoop-ard5625-secondarynamenode-exp-1-38.log'
'/scratch/ard5625/job_10983139/logs/spark-ard5625-org.apache.spark.deploy.master.Master-1-exp-1-38.out' -> '/home/ard5625/expansecluster/logs/spark-ard5625-org.apache.spark.deploy.master.Master-1-exp-1-38.out'
removed directory '/scratch/ard5625/job_10983139/tmp/dfs/namesecondary'
removed directory '/scratch/ard5625/job_10983139/tmp/dfs'
removed directory '/scratch/ard5625/job_10983139/tmp'
removed '/scratch/ard5625/job_10983139/hdfs_data/current/VERSION'
removed '/scratch/ard5625/job_10983139/hdfs_data/current/BP-1888767480-198.202.103.217-1648538851144/current/dfsUsed'
removed '/scratch/ard5625/job_10983139/hdfs_data/current/BP-1888767480-198.202.103.217-1648538851144/current/VERSION'
removed '/scratch/ard5625/job_10983139/hdfs_data/current/BP-1888767480-198.202.103.217-1648538851144/current/finalized/subdir0/subdir0/blk_1073741829_1005.meta'
removed '/scratch/ard5625/job_10983139/hdfs_data/current/BP-1888767480-198.202.103.217-1648538851144/current/finalized/subdir0/subdir0/blk_1073741828_1004.meta'
removed '/scratch/ard5625/job_10983139/hdfs_data/current/BP-1888767480-198.202.103.217-1648538851144/current/finalized/subdir0/subdir0/blk_1073741830'
removed '/scratch/ard5625/job_10983139/hdfs_data/current/BP-1888767480-198.202.103.217-1648538851144/current/finalized/subdir0/subdir0/blk_1073741825_1001.meta'
removed '/scratch/ard5625/job_10983139/hdfs_data/current/BP-1888767480-198.202.103.217-1648538851144/current/finalized/subdir0/subdir0/blk_1073741826_1002.meta'
removed '/scratch/ard5625/job_10983139/hdfs_data/current/BP-1888767480-198.202.103.217-1648538851144/current/finalized/subdir0/subdir0/blk_1073741830_1006.meta'
removed '/scratch/ard5625/job_10983139/hdfs_data/current/BP-1888767480-198.202.103.217-1648538851144/current/finalized/subdir0/subdir0/blk_1073741826'
removed '/scratch/ard5625/job_10983139/hdfs_data/current/BP-1888767480-198.202.103.217-1648538851144/current/finalized/subdir0/subdir0/blk_1073741827'
removed '/scratch/ard5625/job_10983139/hdfs_data/current/BP-1888767480-198.202.103.217-1648538851144/current/finalized/subdir0/subdir0/blk_1073741827_1003.meta'
removed '/scratch/ard5625/job_10983139/hdfs_data/current/BP-1888767480-198.202.103.217-1648538851144/current/finalized/subdir0/subdir0/blk_1073741828'
removed '/scratch/ard5625/job_10983139/hdfs_data/current/BP-1888767480-198.202.103.217-1648538851144/current/finalized/subdir0/subdir0/blk_1073741829'
removed '/scratch/ard5625/job_10983139/hdfs_data/current/BP-1888767480-198.202.103.217-1648538851144/current/finalized/subdir0/subdir0/blk_1073741825'
removed directory '/scratch/ard5625/job_10983139/hdfs_data/current/BP-1888767480-198.202.103.217-1648538851144/current/finalized/subdir0/subdir0'
removed directory '/scratch/ard5625/job_10983139/hdfs_data/current/BP-1888767480-198.202.103.217-1648538851144/current/finalized/subdir0'
removed directory '/scratch/ard5625/job_10983139/hdfs_data/current/BP-1888767480-198.202.103.217-1648538851144/current/finalized'
removed directory '/scratch/ard5625/job_10983139/hdfs_data/current/BP-1888767480-198.202.103.217-1648538851144/current/rbw'
removed directory '/scratch/ard5625/job_10983139/hdfs_data/current/BP-1888767480-198.202.103.217-1648538851144/current'
removed directory '/scratch/ard5625/job_10983139/hdfs_data/current/BP-1888767480-198.202.103.217-1648538851144/tmp'
removed '/scratch/ard5625/job_10983139/hdfs_data/current/BP-1888767480-198.202.103.217-1648538851144/scanner.cursor'
removed directory '/scratch/ard5625/job_10983139/hdfs_data/current/BP-1888767480-198.202.103.217-1648538851144'
removed directory '/scratch/ard5625/job_10983139/hdfs_data/current'
removed directory '/scratch/ard5625/job_10983139/hdfs_data'
removed '/scratch/ard5625/job_10983139/logs/hadoop-ard5625-secondarynamenode-exp-1-38.out'
removed '/scratch/ard5625/job_10983139/logs/hadoop-ard5625-datanode-exp-1-38.log'
removed '/scratch/ard5625/job_10983139/logs/hadoop-ard5625-namenode-exp-1-38.log'
removed '/scratch/ard5625/job_10983139/logs/spark-ard5625-org.apache.spark.deploy.master.Master-1-exp-1-38.out'
removed '/scratch/ard5625/job_10983139/logs/hadoop-ard5625-secondarynamenode-exp-1-38.log'
removed '/scratch/ard5625/job_10983139/logs/hadoop-ard5625-datanode-exp-1-38.out'
removed '/scratch/ard5625/job_10983139/logs/hadoop-ard5625-namenode-exp-1-38.out'
removed '/scratch/ard5625/job_10983139/logs/SecurityAuth-ard5625.audit'
removed directory '/scratch/ard5625/job_10983139/logs'
removed '/scratch/ard5625/job_10983139/namenode_data/current/seen_txid'
removed '/scratch/ard5625/job_10983139/namenode_data/current/fsimage_0000000000000000000'
removed '/scratch/ard5625/job_10983139/namenode_data/current/VERSION'
removed '/scratch/ard5625/job_10983139/namenode_data/current/edits_inprogress_0000000000000000001'
removed '/scratch/ard5625/job_10983139/namenode_data/current/fsimage_0000000000000000000.md5'
removed directory '/scratch/ard5625/job_10983139/namenode_data/current'
removed directory '/scratch/ard5625/job_10983139/namenode_data'
removed directory '/scratch/ard5625/job_10983139/pids'
