WARNING: An illegal reflective access operation has occurred
WARNING: Illegal reflective access by org.apache.spark.unsafe.Platform (file:/expanse/lustre/projects/uot143/fegaras/spark-3.1.2-bin-hadoop3.2/jars/spark-unsafe_2.12-3.1.2.jar) to constructor java.nio.DirectByteBuffer(long,int)
WARNING: Please consider reporting this to the maintainers of org.apache.spark.unsafe.Platform
WARNING: Use --illegal-access=warn to enable warnings of further illegal reflective access operations
WARNING: All illegal access operations will be denied in a future release
22/03/29 00:24:09 WARN NativeCodeLoader: Unable to load native-hadoop library for your platform... using builtin-java classes where applicable
Using Spark's default log4j profile: org/apache/spark/log4j-defaults.properties
22/03/29 00:24:09 INFO SparkContext: Running Spark version 3.1.2
22/03/29 00:24:10 INFO ResourceUtils: ==============================================================
22/03/29 00:24:10 INFO ResourceUtils: No custom resources configured for spark.driver.
22/03/29 00:24:10 INFO ResourceUtils: ==============================================================
22/03/29 00:24:10 INFO SparkContext: Submitted application: Twitter
22/03/29 00:24:10 INFO ResourceProfile: Default ResourceProfile created, executor resources: Map(cores -> name: cores, amount: 1, script: , vendor: , memory -> name: memory, amount: 1024, script: , vendor: , offHeap -> name: offHeap, amount: 0, script: , vendor: ), task resources: Map(cpus -> name: cpus, amount: 1.0)
22/03/29 00:24:10 INFO ResourceProfile: Limiting resource is cpu
22/03/29 00:24:10 INFO ResourceProfileManager: Added ResourceProfile id: 0
22/03/29 00:24:10 INFO SecurityManager: Changing view acls to: ard5625
22/03/29 00:24:10 INFO SecurityManager: Changing modify acls to: ard5625
22/03/29 00:24:10 INFO SecurityManager: Changing view acls groups to: 
22/03/29 00:24:10 INFO SecurityManager: Changing modify acls groups to: 
22/03/29 00:24:10 INFO SecurityManager: SecurityManager: authentication disabled; ui acls disabled; users  with view permissions: Set(ard5625); groups with view permissions: Set(); users  with modify permissions: Set(ard5625); groups with modify permissions: Set()
22/03/29 00:24:10 INFO Utils: Successfully started service 'sparkDriver' on port 42149.
22/03/29 00:24:10 INFO SparkEnv: Registering MapOutputTracker
22/03/29 00:24:10 INFO SparkEnv: Registering BlockManagerMaster
22/03/29 00:24:10 INFO BlockManagerMasterEndpoint: Using org.apache.spark.storage.DefaultTopologyMapper for getting topology information
22/03/29 00:24:10 INFO BlockManagerMasterEndpoint: BlockManagerMasterEndpoint up
22/03/29 00:24:10 INFO SparkEnv: Registering BlockManagerMasterHeartbeat
22/03/29 00:24:10 INFO DiskBlockManager: Created local directory at /tmp/blockmgr-2663b196-7242-4aba-a475-af4ee488f798
22/03/29 00:24:10 INFO MemoryStore: MemoryStore started with capacity 434.4 MiB
22/03/29 00:24:10 INFO SparkEnv: Registering OutputCommitCoordinator
22/03/29 00:24:10 INFO Utils: Successfully started service 'SparkUI' on port 4040.
22/03/29 00:24:10 INFO SparkUI: Bound SparkUI to 0.0.0.0, and started at http://exp-1-01.expanse.sdsc.edu:4040
22/03/29 00:24:10 INFO SparkContext: Added JAR file:/home/ard5625/project4/twitter.jar at spark://exp-1-01.expanse.sdsc.edu:42149/jars/twitter.jar with timestamp 1648538649982
22/03/29 00:24:10 INFO Executor: Starting executor ID driver on host exp-1-01.expanse.sdsc.edu
22/03/29 00:24:10 INFO Executor: Fetching spark://exp-1-01.expanse.sdsc.edu:42149/jars/twitter.jar with timestamp 1648538649982
22/03/29 00:24:10 INFO TransportClientFactory: Successfully created connection to exp-1-01.expanse.sdsc.edu/198.202.103.254:42149 after 21 ms (0 ms spent in bootstraps)
22/03/29 00:24:10 INFO Utils: Fetching spark://exp-1-01.expanse.sdsc.edu:42149/jars/twitter.jar to /tmp/spark-79c88583-87c3-4ef9-b734-7ece737bc588/userFiles-a0ca9733-af59-4cc1-a3a4-985ec1f41fb0/fetchFileTemp16567737106163886852.tmp
22/03/29 00:24:11 INFO Executor: Adding file:/tmp/spark-79c88583-87c3-4ef9-b734-7ece737bc588/userFiles-a0ca9733-af59-4cc1-a3a4-985ec1f41fb0/twitter.jar to class loader
22/03/29 00:24:11 INFO Utils: Successfully started service 'org.apache.spark.network.netty.NettyBlockTransferService' on port 41685.
22/03/29 00:24:11 INFO NettyBlockTransferService: Server created on exp-1-01.expanse.sdsc.edu:41685
22/03/29 00:24:11 INFO BlockManager: Using org.apache.spark.storage.RandomBlockReplicationPolicy for block replication policy
22/03/29 00:24:11 INFO BlockManagerMaster: Registering BlockManager BlockManagerId(driver, exp-1-01.expanse.sdsc.edu, 41685, None)
22/03/29 00:24:11 INFO BlockManagerMasterEndpoint: Registering block manager exp-1-01.expanse.sdsc.edu:41685 with 434.4 MiB RAM, BlockManagerId(driver, exp-1-01.expanse.sdsc.edu, 41685, None)
22/03/29 00:24:11 INFO BlockManagerMaster: Registered BlockManager BlockManagerId(driver, exp-1-01.expanse.sdsc.edu, 41685, None)
22/03/29 00:24:11 INFO BlockManager: Initialized BlockManager: BlockManagerId(driver, exp-1-01.expanse.sdsc.edu, 41685, None)
22/03/29 00:24:11 INFO MemoryStore: Block broadcast_0 stored as values in memory (estimated size 175.9 KiB, free 434.2 MiB)
22/03/29 00:24:11 INFO MemoryStore: Block broadcast_0_piece0 stored as bytes in memory (estimated size 27.1 KiB, free 434.2 MiB)
22/03/29 00:24:11 INFO BlockManagerInfo: Added broadcast_0_piece0 in memory on exp-1-01.expanse.sdsc.edu:41685 (size: 27.1 KiB, free: 434.4 MiB)
22/03/29 00:24:11 INFO SparkContext: Created broadcast 0 from textFile at Twitter.scala:10
22/03/29 00:24:11 INFO FileInputFormat: Total input files to process : 1
22/03/29 00:24:11 INFO SparkContext: Starting job: sortBy at Twitter.scala:13
22/03/29 00:24:12 INFO DAGScheduler: Registering RDD 2 (map at Twitter.scala:10) as input to shuffle 1
22/03/29 00:24:12 INFO DAGScheduler: Registering RDD 4 (map at Twitter.scala:13) as input to shuffle 0
22/03/29 00:24:12 INFO DAGScheduler: Got job 0 (sortBy at Twitter.scala:13) with 2 output partitions
22/03/29 00:24:12 INFO DAGScheduler: Final stage: ResultStage 2 (sortBy at Twitter.scala:13)
22/03/29 00:24:12 INFO DAGScheduler: Parents of final stage: List(ShuffleMapStage 1)
22/03/29 00:24:12 INFO DAGScheduler: Missing parents: List(ShuffleMapStage 1)
22/03/29 00:24:12 INFO DAGScheduler: Submitting ShuffleMapStage 0 (MapPartitionsRDD[2] at map at Twitter.scala:10), which has no missing parents
22/03/29 00:24:12 INFO MemoryStore: Block broadcast_1 stored as values in memory (estimated size 6.5 KiB, free 434.2 MiB)
22/03/29 00:24:12 INFO MemoryStore: Block broadcast_1_piece0 stored as bytes in memory (estimated size 3.8 KiB, free 434.2 MiB)
22/03/29 00:24:12 INFO BlockManagerInfo: Added broadcast_1_piece0 in memory on exp-1-01.expanse.sdsc.edu:41685 (size: 3.8 KiB, free: 434.4 MiB)
22/03/29 00:24:12 INFO SparkContext: Created broadcast 1 from broadcast at DAGScheduler.scala:1388
22/03/29 00:24:12 INFO DAGScheduler: Submitting 2 missing tasks from ShuffleMapStage 0 (MapPartitionsRDD[2] at map at Twitter.scala:10) (first 15 tasks are for partitions Vector(0, 1))
22/03/29 00:24:12 INFO TaskSchedulerImpl: Adding task set 0.0 with 2 tasks resource profile 0
22/03/29 00:24:12 INFO TaskSetManager: Starting task 0.0 in stage 0.0 (TID 0) (exp-1-01.expanse.sdsc.edu, executor driver, partition 0, PROCESS_LOCAL, 4503 bytes) taskResourceAssignments Map()
22/03/29 00:24:12 INFO TaskSetManager: Starting task 1.0 in stage 0.0 (TID 1) (exp-1-01.expanse.sdsc.edu, executor driver, partition 1, PROCESS_LOCAL, 4503 bytes) taskResourceAssignments Map()
22/03/29 00:24:12 INFO Executor: Running task 1.0 in stage 0.0 (TID 1)
22/03/29 00:24:12 INFO Executor: Running task 0.0 in stage 0.0 (TID 0)
22/03/29 00:24:12 INFO HadoopRDD: Input split: file:/home/ard5625/project4/small-twitter.csv:97379+97380
22/03/29 00:24:12 INFO HadoopRDD: Input split: file:/home/ard5625/project4/small-twitter.csv:0+97379
22/03/29 00:24:12 INFO Executor: Finished task 0.0 in stage 0.0 (TID 0). 1261 bytes result sent to driver
22/03/29 00:24:12 INFO Executor: Finished task 1.0 in stage 0.0 (TID 1). 1304 bytes result sent to driver
22/03/29 00:24:12 INFO TaskSetManager: Finished task 0.0 in stage 0.0 (TID 0) in 472 ms on exp-1-01.expanse.sdsc.edu (executor driver) (1/2)
22/03/29 00:24:12 INFO TaskSetManager: Finished task 1.0 in stage 0.0 (TID 1) in 462 ms on exp-1-01.expanse.sdsc.edu (executor driver) (2/2)
22/03/29 00:24:12 INFO TaskSchedulerImpl: Removed TaskSet 0.0, whose tasks have all completed, from pool 
22/03/29 00:24:12 INFO DAGScheduler: ShuffleMapStage 0 (map at Twitter.scala:10) finished in 0.571 s
22/03/29 00:24:12 INFO DAGScheduler: looking for newly runnable stages
22/03/29 00:24:12 INFO DAGScheduler: running: Set()
22/03/29 00:24:12 INFO DAGScheduler: waiting: Set(ShuffleMapStage 1, ResultStage 2)
22/03/29 00:24:12 INFO DAGScheduler: failed: Set()
22/03/29 00:24:12 INFO DAGScheduler: Submitting ShuffleMapStage 1 (MapPartitionsRDD[4] at map at Twitter.scala:13), which has no missing parents
22/03/29 00:24:12 INFO MemoryStore: Block broadcast_2 stored as values in memory (estimated size 5.5 KiB, free 434.2 MiB)
22/03/29 00:24:12 INFO MemoryStore: Block broadcast_2_piece0 stored as bytes in memory (estimated size 3.2 KiB, free 434.2 MiB)
22/03/29 00:24:12 INFO BlockManagerInfo: Added broadcast_2_piece0 in memory on exp-1-01.expanse.sdsc.edu:41685 (size: 3.2 KiB, free: 434.4 MiB)
22/03/29 00:24:12 INFO SparkContext: Created broadcast 2 from broadcast at DAGScheduler.scala:1388
22/03/29 00:24:12 INFO DAGScheduler: Submitting 2 missing tasks from ShuffleMapStage 1 (MapPartitionsRDD[4] at map at Twitter.scala:13) (first 15 tasks are for partitions Vector(0, 1))
22/03/29 00:24:12 INFO TaskSchedulerImpl: Adding task set 1.0 with 2 tasks resource profile 0
22/03/29 00:24:12 INFO TaskSetManager: Starting task 0.0 in stage 1.0 (TID 2) (exp-1-01.expanse.sdsc.edu, executor driver, partition 0, NODE_LOCAL, 4260 bytes) taskResourceAssignments Map()
22/03/29 00:24:12 INFO TaskSetManager: Starting task 1.0 in stage 1.0 (TID 3) (exp-1-01.expanse.sdsc.edu, executor driver, partition 1, NODE_LOCAL, 4260 bytes) taskResourceAssignments Map()
22/03/29 00:24:12 INFO Executor: Running task 0.0 in stage 1.0 (TID 2)
22/03/29 00:24:12 INFO Executor: Running task 1.0 in stage 1.0 (TID 3)
22/03/29 00:24:12 INFO ShuffleBlockFetcherIterator: Getting 2 (29.6 KiB) non-empty blocks including 2 (29.6 KiB) local and 0 (0.0 B) host-local and 0 (0.0 B) remote blocks
22/03/29 00:24:12 INFO ShuffleBlockFetcherIterator: Started 0 remote fetches in 5 ms
22/03/29 00:24:12 INFO ShuffleBlockFetcherIterator: Getting 2 (29.6 KiB) non-empty blocks including 2 (29.6 KiB) local and 0 (0.0 B) host-local and 0 (0.0 B) remote blocks
22/03/29 00:24:12 INFO ShuffleBlockFetcherIterator: Started 0 remote fetches in 1 ms
22/03/29 00:24:12 INFO BlockManagerInfo: Removed broadcast_1_piece0 on exp-1-01.expanse.sdsc.edu:41685 in memory (size: 3.8 KiB, free: 434.4 MiB)
22/03/29 00:24:12 INFO Executor: Finished task 1.0 in stage 1.0 (TID 3). 1519 bytes result sent to driver
22/03/29 00:24:12 INFO Executor: Finished task 0.0 in stage 1.0 (TID 2). 1519 bytes result sent to driver
22/03/29 00:24:12 INFO TaskSetManager: Finished task 1.0 in stage 1.0 (TID 3) in 157 ms on exp-1-01.expanse.sdsc.edu (executor driver) (1/2)
22/03/29 00:24:12 INFO TaskSetManager: Finished task 0.0 in stage 1.0 (TID 2) in 160 ms on exp-1-01.expanse.sdsc.edu (executor driver) (2/2)
22/03/29 00:24:12 INFO TaskSchedulerImpl: Removed TaskSet 1.0, whose tasks have all completed, from pool 
22/03/29 00:24:12 INFO DAGScheduler: ShuffleMapStage 1 (map at Twitter.scala:13) finished in 0.172 s
22/03/29 00:24:12 INFO DAGScheduler: looking for newly runnable stages
22/03/29 00:24:12 INFO DAGScheduler: running: Set()
22/03/29 00:24:12 INFO DAGScheduler: waiting: Set(ResultStage 2)
22/03/29 00:24:12 INFO DAGScheduler: failed: Set()
22/03/29 00:24:12 INFO DAGScheduler: Submitting ResultStage 2 (MapPartitionsRDD[8] at sortBy at Twitter.scala:13), which has no missing parents
22/03/29 00:24:12 INFO MemoryStore: Block broadcast_3 stored as values in memory (estimated size 6.4 KiB, free 434.2 MiB)
22/03/29 00:24:12 INFO MemoryStore: Block broadcast_3_piece0 stored as bytes in memory (estimated size 3.4 KiB, free 434.2 MiB)
22/03/29 00:24:12 INFO BlockManagerInfo: Added broadcast_3_piece0 in memory on exp-1-01.expanse.sdsc.edu:41685 (size: 3.4 KiB, free: 434.4 MiB)
22/03/29 00:24:12 INFO SparkContext: Created broadcast 3 from broadcast at DAGScheduler.scala:1388
22/03/29 00:24:12 INFO DAGScheduler: Submitting 2 missing tasks from ResultStage 2 (MapPartitionsRDD[8] at sortBy at Twitter.scala:13) (first 15 tasks are for partitions Vector(0, 1))
22/03/29 00:24:12 INFO TaskSchedulerImpl: Adding task set 2.0 with 2 tasks resource profile 0
22/03/29 00:24:12 INFO TaskSetManager: Starting task 0.0 in stage 2.0 (TID 4) (exp-1-01.expanse.sdsc.edu, executor driver, partition 0, NODE_LOCAL, 4271 bytes) taskResourceAssignments Map()
22/03/29 00:24:12 INFO TaskSetManager: Starting task 1.0 in stage 2.0 (TID 5) (exp-1-01.expanse.sdsc.edu, executor driver, partition 1, NODE_LOCAL, 4271 bytes) taskResourceAssignments Map()
22/03/29 00:24:12 INFO Executor: Running task 0.0 in stage 2.0 (TID 4)
22/03/29 00:24:12 INFO Executor: Running task 1.0 in stage 2.0 (TID 5)
22/03/29 00:24:12 INFO ShuffleBlockFetcherIterator: Getting 2 (114.0 B) non-empty blocks including 2 (114.0 B) local and 0 (0.0 B) host-local and 0 (0.0 B) remote blocks
22/03/29 00:24:12 INFO ShuffleBlockFetcherIterator: Started 0 remote fetches in 0 ms
22/03/29 00:24:12 INFO Executor: Finished task 1.0 in stage 2.0 (TID 5). 1508 bytes result sent to driver
22/03/29 00:24:12 INFO TaskSetManager: Finished task 1.0 in stage 2.0 (TID 5) in 32 ms on exp-1-01.expanse.sdsc.edu (executor driver) (1/2)
22/03/29 00:24:12 INFO ShuffleBlockFetcherIterator: Getting 2 (120.0 B) non-empty blocks including 2 (120.0 B) local and 0 (0.0 B) host-local and 0 (0.0 B) remote blocks
22/03/29 00:24:12 INFO ShuffleBlockFetcherIterator: Started 0 remote fetches in 0 ms
22/03/29 00:24:12 INFO Executor: Finished task 0.0 in stage 2.0 (TID 4). 1504 bytes result sent to driver
22/03/29 00:24:12 INFO TaskSetManager: Finished task 0.0 in stage 2.0 (TID 4) in 42 ms on exp-1-01.expanse.sdsc.edu (executor driver) (2/2)
22/03/29 00:24:12 INFO TaskSchedulerImpl: Removed TaskSet 2.0, whose tasks have all completed, from pool 
22/03/29 00:24:12 INFO DAGScheduler: ResultStage 2 (sortBy at Twitter.scala:13) finished in 0.052 s
22/03/29 00:24:12 INFO DAGScheduler: Job 0 is finished. Cancelling potential speculative or zombie tasks for this job
22/03/29 00:24:12 INFO TaskSchedulerImpl: Killing all running tasks in stage 2: Stage finished
22/03/29 00:24:12 INFO DAGScheduler: Job 0 finished: sortBy at Twitter.scala:13, took 1.081631 s
22/03/29 00:24:12 INFO SparkContext: Starting job: collect at Twitter.scala:13
22/03/29 00:24:12 INFO DAGScheduler: Registering RDD 6 (sortBy at Twitter.scala:13) as input to shuffle 2
22/03/29 00:24:12 INFO DAGScheduler: Got job 1 (collect at Twitter.scala:13) with 2 output partitions
22/03/29 00:24:12 INFO DAGScheduler: Final stage: ResultStage 6 (collect at Twitter.scala:13)
22/03/29 00:24:12 INFO DAGScheduler: Parents of final stage: List(ShuffleMapStage 5)
22/03/29 00:24:12 INFO DAGScheduler: Missing parents: List(ShuffleMapStage 5)
22/03/29 00:24:12 INFO DAGScheduler: Submitting ShuffleMapStage 5 (MapPartitionsRDD[6] at sortBy at Twitter.scala:13), which has no missing parents
22/03/29 00:24:12 INFO MemoryStore: Block broadcast_4 stored as values in memory (estimated size 6.2 KiB, free 434.2 MiB)
22/03/29 00:24:12 INFO MemoryStore: Block broadcast_4_piece0 stored as bytes in memory (estimated size 3.6 KiB, free 434.2 MiB)
22/03/29 00:24:12 INFO BlockManagerInfo: Added broadcast_4_piece0 in memory on exp-1-01.expanse.sdsc.edu:41685 (size: 3.6 KiB, free: 434.4 MiB)
22/03/29 00:24:12 INFO SparkContext: Created broadcast 4 from broadcast at DAGScheduler.scala:1388
22/03/29 00:24:12 INFO DAGScheduler: Submitting 2 missing tasks from ShuffleMapStage 5 (MapPartitionsRDD[6] at sortBy at Twitter.scala:13) (first 15 tasks are for partitions Vector(0, 1))
22/03/29 00:24:12 INFO TaskSchedulerImpl: Adding task set 5.0 with 2 tasks resource profile 0
22/03/29 00:24:12 INFO TaskSetManager: Starting task 0.0 in stage 5.0 (TID 6) (exp-1-01.expanse.sdsc.edu, executor driver, partition 0, NODE_LOCAL, 4260 bytes) taskResourceAssignments Map()
22/03/29 00:24:12 INFO TaskSetManager: Starting task 1.0 in stage 5.0 (TID 7) (exp-1-01.expanse.sdsc.edu, executor driver, partition 1, NODE_LOCAL, 4260 bytes) taskResourceAssignments Map()
22/03/29 00:24:12 INFO Executor: Running task 0.0 in stage 5.0 (TID 6)
22/03/29 00:24:12 INFO Executor: Running task 1.0 in stage 5.0 (TID 7)
22/03/29 00:24:12 INFO ShuffleBlockFetcherIterator: Getting 2 (114.0 B) non-empty blocks including 2 (114.0 B) local and 0 (0.0 B) host-local and 0 (0.0 B) remote blocks
22/03/29 00:24:12 INFO ShuffleBlockFetcherIterator: Started 0 remote fetches in 0 ms
22/03/29 00:24:12 INFO ShuffleBlockFetcherIterator: Getting 2 (120.0 B) non-empty blocks including 2 (120.0 B) local and 0 (0.0 B) host-local and 0 (0.0 B) remote blocks
22/03/29 00:24:12 INFO ShuffleBlockFetcherIterator: Started 0 remote fetches in 0 ms
22/03/29 00:24:13 INFO Executor: Finished task 0.0 in stage 5.0 (TID 6). 1476 bytes result sent to driver
22/03/29 00:24:13 INFO TaskSetManager: Finished task 0.0 in stage 5.0 (TID 6) in 33 ms on exp-1-01.expanse.sdsc.edu (executor driver) (1/2)
22/03/29 00:24:13 INFO Executor: Finished task 1.0 in stage 5.0 (TID 7). 1476 bytes result sent to driver
22/03/29 00:24:13 INFO TaskSetManager: Finished task 1.0 in stage 5.0 (TID 7) in 36 ms on exp-1-01.expanse.sdsc.edu (executor driver) (2/2)
22/03/29 00:24:13 INFO TaskSchedulerImpl: Removed TaskSet 5.0, whose tasks have all completed, from pool 
22/03/29 00:24:13 INFO DAGScheduler: ShuffleMapStage 5 (sortBy at Twitter.scala:13) finished in 0.047 s
22/03/29 00:24:13 INFO DAGScheduler: looking for newly runnable stages
22/03/29 00:24:13 INFO DAGScheduler: running: Set()
22/03/29 00:24:13 INFO DAGScheduler: waiting: Set(ResultStage 6)
22/03/29 00:24:13 INFO DAGScheduler: failed: Set()
22/03/29 00:24:13 INFO DAGScheduler: Submitting ResultStage 6 (MapPartitionsRDD[10] at sortBy at Twitter.scala:13), which has no missing parents
22/03/29 00:24:13 INFO MemoryStore: Block broadcast_5 stored as values in memory (estimated size 4.7 KiB, free 434.2 MiB)
22/03/29 00:24:13 INFO MemoryStore: Block broadcast_5_piece0 stored as bytes in memory (estimated size 2.6 KiB, free 434.2 MiB)
22/03/29 00:24:13 INFO BlockManagerInfo: Added broadcast_5_piece0 in memory on exp-1-01.expanse.sdsc.edu:41685 (size: 2.6 KiB, free: 434.4 MiB)
22/03/29 00:24:13 INFO SparkContext: Created broadcast 5 from broadcast at DAGScheduler.scala:1388
22/03/29 00:24:13 INFO DAGScheduler: Submitting 2 missing tasks from ResultStage 6 (MapPartitionsRDD[10] at sortBy at Twitter.scala:13) (first 15 tasks are for partitions Vector(0, 1))
22/03/29 00:24:13 INFO TaskSchedulerImpl: Adding task set 6.0 with 2 tasks resource profile 0
22/03/29 00:24:13 INFO TaskSetManager: Starting task 0.0 in stage 6.0 (TID 8) (exp-1-01.expanse.sdsc.edu, executor driver, partition 0, NODE_LOCAL, 4271 bytes) taskResourceAssignments Map()
22/03/29 00:24:13 INFO TaskSetManager: Starting task 1.0 in stage 6.0 (TID 9) (exp-1-01.expanse.sdsc.edu, executor driver, partition 1, NODE_LOCAL, 4271 bytes) taskResourceAssignments Map()
22/03/29 00:24:13 INFO Executor: Running task 1.0 in stage 6.0 (TID 9)
22/03/29 00:24:13 INFO ShuffleBlockFetcherIterator: Getting 2 (456.0 B) non-empty blocks including 2 (456.0 B) local and 0 (0.0 B) host-local and 0 (0.0 B) remote blocks
22/03/29 00:24:13 INFO ShuffleBlockFetcherIterator: Started 0 remote fetches in 0 ms
22/03/29 00:24:13 INFO Executor: Running task 0.0 in stage 6.0 (TID 8)
22/03/29 00:24:13 INFO ShuffleBlockFetcherIterator: Getting 2 (435.0 B) non-empty blocks including 2 (435.0 B) local and 0 (0.0 B) host-local and 0 (0.0 B) remote blocks
22/03/29 00:24:13 INFO ShuffleBlockFetcherIterator: Started 0 remote fetches in 0 ms
22/03/29 00:24:13 INFO Executor: Finished task 0.0 in stage 6.0 (TID 8). 1467 bytes result sent to driver
22/03/29 00:24:13 INFO TaskSetManager: Finished task 0.0 in stage 6.0 (TID 8) in 17 ms on exp-1-01.expanse.sdsc.edu (executor driver) (1/2)
22/03/29 00:24:13 INFO Executor: Finished task 1.0 in stage 6.0 (TID 9). 1496 bytes result sent to driver
22/03/29 00:24:13 INFO TaskSetManager: Finished task 1.0 in stage 6.0 (TID 9) in 22 ms on exp-1-01.expanse.sdsc.edu (executor driver) (2/2)
22/03/29 00:24:13 INFO TaskSchedulerImpl: Removed TaskSet 6.0, whose tasks have all completed, from pool 
22/03/29 00:24:13 INFO DAGScheduler: ResultStage 6 (collect at Twitter.scala:13) finished in 0.031 s
22/03/29 00:24:13 INFO DAGScheduler: Job 1 is finished. Cancelling potential speculative or zombie tasks for this job
22/03/29 00:24:13 INFO TaskSchedulerImpl: Killing all running tasks in stage 6: Stage finished
22/03/29 00:24:13 INFO DAGScheduler: Job 1 finished: collect at Twitter.scala:13, took 0.086479 s
(1,8527)
(2,563)
(3,72)
(4,21)
(6,3)
(5,3)
(7,2)
22/03/29 00:24:13 INFO SparkUI: Stopped Spark web UI at http://exp-1-01.expanse.sdsc.edu:4040
22/03/29 00:24:13 INFO MapOutputTrackerMasterEndpoint: MapOutputTrackerMasterEndpoint stopped!
22/03/29 00:24:13 INFO MemoryStore: MemoryStore cleared
22/03/29 00:24:13 INFO BlockManager: BlockManager stopped
22/03/29 00:24:13 INFO BlockManagerMaster: BlockManagerMaster stopped
22/03/29 00:24:13 INFO OutputCommitCoordinator$OutputCommitCoordinatorEndpoint: OutputCommitCoordinator stopped!
22/03/29 00:24:13 INFO SparkContext: Successfully stopped SparkContext
22/03/29 00:24:13 INFO ShutdownHookManager: Shutdown hook called
22/03/29 00:24:13 INFO ShutdownHookManager: Deleting directory /tmp/spark-79c88583-87c3-4ef9-b734-7ece737bc588
22/03/29 00:24:13 INFO ShutdownHookManager: Deleting directory /tmp/spark-1fde79e9-99c8-4968-88a6-929aa22b6c2b
