WARNING: log4j.properties is not found. HADOOP_CONF_DIR may be incomplete.
2022-03-21 23:45:07,324 WARN  [main] impl.MetricsConfig (MetricsConfig.java:loadFirst(136)) - Cannot locate configuration: tried hadoop-metrics2-jobtracker.properties,hadoop-metrics2.properties
2022-03-21 23:45:07,394 INFO  [main] impl.MetricsSystemImpl (MetricsSystemImpl.java:startTimer(378)) - Scheduled Metric snapshot period at 10 second(s).
2022-03-21 23:45:07,395 INFO  [main] impl.MetricsSystemImpl (MetricsSystemImpl.java:start(191)) - JobTracker metrics system started
2022-03-21 23:45:07,451 WARN  [main] mapreduce.JobResourceUploader (JobResourceUploader.java:uploadResourcesInternal(149)) - Hadoop command-line option parsing not performed. Implement the Tool interface and execute your application with ToolRunner to remedy this.
2022-03-21 23:45:07,483 INFO  [main] input.FileInputFormat (FileInputFormat.java:listStatus(292)) - Total input files to process : 1
2022-03-21 23:45:07,498 INFO  [main] mapreduce.JobSubmitter (JobSubmitter.java:submitJobInternal(202)) - number of splits:1
2022-03-21 23:45:07,705 INFO  [main] mapreduce.JobSubmitter (JobSubmitter.java:printTokens(298)) - Submitting tokens for job: job_local576895803_0001
2022-03-21 23:45:07,706 INFO  [main] mapreduce.JobSubmitter (JobSubmitter.java:printTokens(299)) - Executing with tokens: []
2022-03-21 23:45:07,796 INFO  [main] mapreduce.Job (Job.java:submit(1569)) - The url to track the job: http://localhost:8080/
2022-03-21 23:45:07,800 INFO  [main] mapreduce.Job (Job.java:monitorAndPrintJob(1614)) - Running job: job_local576895803_0001
2022-03-21 23:45:07,804 INFO  [Thread-4] mapred.LocalJobRunner (LocalJobRunner.java:createOutputCommitter(501)) - OutputCommitter set in config null
2022-03-21 23:45:07,812 INFO  [Thread-4] output.FileOutputCommitter (FileOutputCommitter.java:<init>(141)) - File Output Committer Algorithm version is 2
2022-03-21 23:45:07,813 INFO  [Thread-4] output.FileOutputCommitter (FileOutputCommitter.java:<init>(156)) - FileOutputCommitter skip cleanup _temporary folders under output directory:false, ignore cleanup failures: false
2022-03-21 23:45:07,813 INFO  [Thread-4] mapred.LocalJobRunner (LocalJobRunner.java:createOutputCommitter(519)) - OutputCommitter is org.apache.hadoop.mapreduce.lib.output.FileOutputCommitter
2022-03-21 23:45:07,959 INFO  [Thread-4] mapred.LocalJobRunner (LocalJobRunner.java:runTasks(478)) - Waiting for map tasks
2022-03-21 23:45:07,960 INFO  [LocalJobRunner Map Task Executor #0] mapred.LocalJobRunner (LocalJobRunner.java:run(252)) - Starting task: attempt_local576895803_0001_m_000000_0
2022-03-21 23:45:07,980 INFO  [LocalJobRunner Map Task Executor #0] output.FileOutputCommitter (FileOutputCommitter.java:<init>(141)) - File Output Committer Algorithm version is 2
2022-03-21 23:45:07,980 INFO  [LocalJobRunner Map Task Executor #0] output.FileOutputCommitter (FileOutputCommitter.java:<init>(156)) - FileOutputCommitter skip cleanup _temporary folders under output directory:false, ignore cleanup failures: false
2022-03-21 23:45:08,010 INFO  [LocalJobRunner Map Task Executor #0] mapred.Task (Task.java:initialize(626)) -  Using ResourceCalculatorProcessTree : [ ]
2022-03-21 23:45:08,013 INFO  [LocalJobRunner Map Task Executor #0] mapred.MapTask (MapTask.java:runNewMapper(768)) - Processing split: file:/home/ard5625/project3/small-graph.csv:0+36
2022-03-21 23:45:08,032 INFO  [LocalJobRunner Map Task Executor #0] mapred.MapTask (MapTask.java:setEquator(1219)) - (EQUATOR) 0 kvi 26214396(104857584)
2022-03-21 23:45:08,032 INFO  [LocalJobRunner Map Task Executor #0] mapred.MapTask (MapTask.java:init(1012)) - mapreduce.task.io.sort.mb: 100
2022-03-21 23:45:08,032 INFO  [LocalJobRunner Map Task Executor #0] mapred.MapTask (MapTask.java:init(1013)) - soft limit at 83886080
2022-03-21 23:45:08,032 INFO  [LocalJobRunner Map Task Executor #0] mapred.MapTask (MapTask.java:init(1014)) - bufstart = 0; bufvoid = 104857600
2022-03-21 23:45:08,033 INFO  [LocalJobRunner Map Task Executor #0] mapred.MapTask (MapTask.java:init(1015)) - kvstart = 26214396; length = 6553600
2022-03-21 23:45:08,036 INFO  [LocalJobRunner Map Task Executor #0] mapred.MapTask (MapTask.java:createSortingCollector(409)) - Map output collector class = org.apache.hadoop.mapred.MapTask$MapOutputBuffer
2022-03-21 23:45:08,049 INFO  [LocalJobRunner Map Task Executor #0] mapred.LocalJobRunner (LocalJobRunner.java:statusUpdate(634)) - 
2022-03-21 23:45:08,050 INFO  [LocalJobRunner Map Task Executor #0] mapred.MapTask (MapTask.java:flush(1476)) - Starting flush of map output
2022-03-21 23:45:08,050 INFO  [LocalJobRunner Map Task Executor #0] mapred.MapTask (MapTask.java:flush(1498)) - Spilling map output
2022-03-21 23:45:08,050 INFO  [LocalJobRunner Map Task Executor #0] mapred.MapTask (MapTask.java:flush(1499)) - bufstart = 0; bufend = 72; bufvoid = 104857600
2022-03-21 23:45:08,050 INFO  [LocalJobRunner Map Task Executor #0] mapred.MapTask (MapTask.java:flush(1501)) - kvstart = 26214396(104857584); kvend = 26214364(104857456); length = 33/6553600
2022-03-21 23:45:08,053 INFO  [LocalJobRunner Map Task Executor #0] mapred.MapTask (MapTask.java:sortAndSpill(1696)) - Finished spill 0
2022-03-21 23:45:08,060 INFO  [LocalJobRunner Map Task Executor #0] mapred.Task (Task.java:done(1244)) - Task:attempt_local576895803_0001_m_000000_0 is done. And is in the process of committing
2022-03-21 23:45:08,061 INFO  [LocalJobRunner Map Task Executor #0] mapred.LocalJobRunner (LocalJobRunner.java:statusUpdate(634)) - map
2022-03-21 23:45:08,061 INFO  [LocalJobRunner Map Task Executor #0] mapred.Task (Task.java:sendDone(1380)) - Task 'attempt_local576895803_0001_m_000000_0' done.
2022-03-21 23:45:08,065 INFO  [LocalJobRunner Map Task Executor #0] mapred.Task (Task.java:done(1276)) - Final Counters for attempt_local576895803_0001_m_000000_0: Counters: 17
	File System Counters
		FILE: Number of bytes read=7507
		FILE: Number of bytes written=550036
		FILE: Number of read operations=0
		FILE: Number of large read operations=0
		FILE: Number of write operations=0
	Map-Reduce Framework
		Map input records=9
		Map output records=9
		Map output bytes=72
		Map output materialized bytes=96
		Input split bytes=108
		Combine input records=0
		Spilled Records=9
		Failed Shuffles=0
		Merged Map outputs=0
		GC time elapsed (ms)=0
		Total committed heap usage (bytes)=2147483648
	File Input Format Counters 
		Bytes Read=36
2022-03-21 23:45:08,065 INFO  [LocalJobRunner Map Task Executor #0] mapred.LocalJobRunner (LocalJobRunner.java:run(277)) - Finishing task: attempt_local576895803_0001_m_000000_0
2022-03-21 23:45:08,066 INFO  [Thread-4] mapred.LocalJobRunner (LocalJobRunner.java:runTasks(486)) - map task executor complete.
2022-03-21 23:45:08,068 INFO  [Thread-4] mapred.LocalJobRunner (LocalJobRunner.java:runTasks(478)) - Waiting for reduce tasks
2022-03-21 23:45:08,069 INFO  [pool-4-thread-1] mapred.LocalJobRunner (LocalJobRunner.java:run(330)) - Starting task: attempt_local576895803_0001_r_000000_0
2022-03-21 23:45:08,075 INFO  [pool-4-thread-1] output.FileOutputCommitter (FileOutputCommitter.java:<init>(141)) - File Output Committer Algorithm version is 2
2022-03-21 23:45:08,075 INFO  [pool-4-thread-1] output.FileOutputCommitter (FileOutputCommitter.java:<init>(156)) - FileOutputCommitter skip cleanup _temporary folders under output directory:false, ignore cleanup failures: false
2022-03-21 23:45:08,075 INFO  [pool-4-thread-1] mapred.Task (Task.java:initialize(626)) -  Using ResourceCalculatorProcessTree : [ ]
2022-03-21 23:45:08,077 INFO  [pool-4-thread-1] mapred.ReduceTask (ReduceTask.java:run(363)) - Using ShuffleConsumerPlugin: org.apache.hadoop.mapreduce.task.reduce.Shuffle@7085c03
2022-03-21 23:45:08,078 WARN  [pool-4-thread-1] impl.MetricsSystemImpl (MetricsSystemImpl.java:init(151)) - JobTracker metrics system already initialized!
2022-03-21 23:45:08,091 INFO  [pool-4-thread-1] reduce.MergeManagerImpl (MergeManagerImpl.java:<init>(198)) - The max number of bytes for a single in-memory shuffle cannot be larger than Integer.MAX_VALUE. Setting it to Integer.MAX_VALUE
2022-03-21 23:45:08,091 INFO  [pool-4-thread-1] reduce.MergeManagerImpl (MergeManagerImpl.java:<init>(208)) - MergerManager: memoryLimit=22525089792, maxSingleShuffleLimit=2147483647, mergeThreshold=14866560000, ioSortFactor=10, memToMemMergeOutputsThreshold=10
2022-03-21 23:45:08,093 INFO  [EventFetcher for fetching Map Completion Events] reduce.EventFetcher (EventFetcher.java:run(61)) - attempt_local576895803_0001_r_000000_0 Thread started: EventFetcher for fetching Map Completion Events
2022-03-21 23:45:08,111 INFO  [localfetcher#1] reduce.LocalFetcher (LocalFetcher.java:copyMapOutput(145)) - localfetcher#1 about to shuffle output of map attempt_local576895803_0001_m_000000_0 decomp: 92 len: 96 to MEMORY
2022-03-21 23:45:08,114 INFO  [localfetcher#1] reduce.InMemoryMapOutput (InMemoryMapOutput.java:doShuffle(94)) - Read 92 bytes from map-output for attempt_local576895803_0001_m_000000_0
2022-03-21 23:45:08,115 INFO  [localfetcher#1] reduce.MergeManagerImpl (MergeManagerImpl.java:closeInMemoryFile(323)) - closeInMemoryFile -> map-output of size: 92, inMemoryMapOutputs.size() -> 1, commitMemory -> 0, usedMemory ->92
2022-03-21 23:45:08,117 INFO  [EventFetcher for fetching Map Completion Events] reduce.EventFetcher (EventFetcher.java:run(76)) - EventFetcher is interrupted.. Returning
2022-03-21 23:45:08,117 INFO  [pool-4-thread-1] mapred.LocalJobRunner (LocalJobRunner.java:statusUpdate(634)) - 1 / 1 copied.
2022-03-21 23:45:08,118 INFO  [pool-4-thread-1] reduce.MergeManagerImpl (MergeManagerImpl.java:finalMerge(695)) - finalMerge called with 1 in-memory map-outputs and 0 on-disk map-outputs
2022-03-21 23:45:08,121 INFO  [pool-4-thread-1] mapred.Merger (Merger.java:merge(606)) - Merging 1 sorted segments
2022-03-21 23:45:08,121 INFO  [pool-4-thread-1] mapred.Merger (Merger.java:merge(705)) - Down to the last merge-pass, with 1 segments left of total size: 86 bytes
2022-03-21 23:45:08,122 INFO  [pool-4-thread-1] reduce.MergeManagerImpl (MergeManagerImpl.java:finalMerge(762)) - Merged 1 segments, 92 bytes to disk to satisfy reduce memory limit
2022-03-21 23:45:08,122 INFO  [pool-4-thread-1] reduce.MergeManagerImpl (MergeManagerImpl.java:finalMerge(792)) - Merging 1 files, 96 bytes from disk
2022-03-21 23:45:08,123 INFO  [pool-4-thread-1] reduce.MergeManagerImpl (MergeManagerImpl.java:finalMerge(807)) - Merging 0 segments, 0 bytes from memory into reduce
2022-03-21 23:45:08,123 INFO  [pool-4-thread-1] mapred.Merger (Merger.java:merge(606)) - Merging 1 sorted segments
2022-03-21 23:45:08,123 INFO  [pool-4-thread-1] mapred.Merger (Merger.java:merge(705)) - Down to the last merge-pass, with 1 segments left of total size: 86 bytes
2022-03-21 23:45:08,124 INFO  [pool-4-thread-1] mapred.LocalJobRunner (LocalJobRunner.java:statusUpdate(634)) - 1 / 1 copied.
2022-03-21 23:45:08,237 INFO  [pool-4-thread-1] Configuration.deprecation (Configuration.java:logDeprecation(1395)) - mapred.skip.on is deprecated. Instead, use mapreduce.job.skiprecords
2022-03-21 23:45:08,268 INFO  [pool-4-thread-1] mapred.Task (Task.java:done(1244)) - Task:attempt_local576895803_0001_r_000000_0 is done. And is in the process of committing
2022-03-21 23:45:08,269 INFO  [pool-4-thread-1] mapred.LocalJobRunner (LocalJobRunner.java:statusUpdate(634)) - 1 / 1 copied.
2022-03-21 23:45:08,269 INFO  [pool-4-thread-1] mapred.Task (Task.java:commit(1421)) - Task attempt_local576895803_0001_r_000000_0 is allowed to commit now
2022-03-21 23:45:08,290 INFO  [pool-4-thread-1] output.FileOutputCommitter (FileOutputCommitter.java:commitTask(606)) - Saved output of task 'attempt_local576895803_0001_r_000000_0' to file:/home/ard5625/project3/intermediate0
2022-03-21 23:45:08,291 INFO  [pool-4-thread-1] mapred.LocalJobRunner (LocalJobRunner.java:statusUpdate(634)) - reduce > reduce
2022-03-21 23:45:08,291 INFO  [pool-4-thread-1] mapred.Task (Task.java:sendDone(1380)) - Task 'attempt_local576895803_0001_r_000000_0' done.
2022-03-21 23:45:08,291 INFO  [pool-4-thread-1] mapred.Task (Task.java:done(1276)) - Final Counters for attempt_local576895803_0001_r_000000_0: Counters: 24
	File System Counters
		FILE: Number of bytes read=7731
		FILE: Number of bytes written=550372
		FILE: Number of read operations=0
		FILE: Number of large read operations=0
		FILE: Number of write operations=0
	Map-Reduce Framework
		Combine input records=0
		Combine output records=0
		Reduce input groups=6
		Reduce shuffle bytes=96
		Reduce input records=9
		Reduce output records=6
		Spilled Records=9
		Shuffled Maps =1
		Failed Shuffles=0
		Merged Map outputs=1
		GC time elapsed (ms)=0
		Total committed heap usage (bytes)=2147483648
	Shuffle Errors
		BAD_ID=0
		CONNECTION=0
		IO_ERROR=0
		WRONG_LENGTH=0
		WRONG_MAP=0
		WRONG_REDUCE=0
	File Output Format Counters 
		Bytes Written=240
2022-03-21 23:45:08,291 INFO  [pool-4-thread-1] mapred.LocalJobRunner (LocalJobRunner.java:run(353)) - Finishing task: attempt_local576895803_0001_r_000000_0
2022-03-21 23:45:08,291 INFO  [Thread-4] mapred.LocalJobRunner (LocalJobRunner.java:runTasks(486)) - reduce task executor complete.
2022-03-21 23:45:08,808 INFO  [main] mapreduce.Job (Job.java:monitorAndPrintJob(1635)) - Job job_local576895803_0001 running in uber mode : false
2022-03-21 23:45:08,809 INFO  [main] mapreduce.Job (Job.java:monitorAndPrintJob(1642)) -  map 100% reduce 100%
2022-03-21 23:45:08,810 INFO  [main] mapreduce.Job (Job.java:monitorAndPrintJob(1653)) - Job job_local576895803_0001 completed successfully
2022-03-21 23:45:08,816 INFO  [main] mapreduce.Job (Job.java:monitorAndPrintJob(1660)) - Counters: 30
	File System Counters
		FILE: Number of bytes read=15238
		FILE: Number of bytes written=1100408
		FILE: Number of read operations=0
		FILE: Number of large read operations=0
		FILE: Number of write operations=0
	Map-Reduce Framework
		Map input records=9
		Map output records=9
		Map output bytes=72
		Map output materialized bytes=96
		Input split bytes=108
		Combine input records=0
		Combine output records=0
		Reduce input groups=6
		Reduce shuffle bytes=96
		Reduce input records=9
		Reduce output records=6
		Spilled Records=18
		Shuffled Maps =1
		Failed Shuffles=0
		Merged Map outputs=1
		GC time elapsed (ms)=0
		Total committed heap usage (bytes)=4294967296
	Shuffle Errors
		BAD_ID=0
		CONNECTION=0
		IO_ERROR=0
		WRONG_LENGTH=0
		WRONG_MAP=0
		WRONG_REDUCE=0
	File Input Format Counters 
		Bytes Read=36
	File Output Format Counters 
		Bytes Written=240
2022-03-21 23:45:08,831 WARN  [main] impl.MetricsSystemImpl (MetricsSystemImpl.java:init(151)) - JobTracker metrics system already initialized!
2022-03-21 23:45:08,833 WARN  [main] mapreduce.JobResourceUploader (JobResourceUploader.java:uploadResourcesInternal(149)) - Hadoop command-line option parsing not performed. Implement the Tool interface and execute your application with ToolRunner to remedy this.
2022-03-21 23:45:08,840 INFO  [main] input.FileInputFormat (FileInputFormat.java:listStatus(292)) - Total input files to process : 1
2022-03-21 23:45:08,842 INFO  [main] mapreduce.JobSubmitter (JobSubmitter.java:submitJobInternal(202)) - number of splits:1
2022-03-21 23:45:08,854 INFO  [main] mapreduce.JobSubmitter (JobSubmitter.java:printTokens(298)) - Submitting tokens for job: job_local1706930613_0002
2022-03-21 23:45:08,854 INFO  [main] mapreduce.JobSubmitter (JobSubmitter.java:printTokens(299)) - Executing with tokens: []
2022-03-21 23:45:08,921 INFO  [main] mapreduce.Job (Job.java:submit(1569)) - The url to track the job: http://localhost:8080/
2022-03-21 23:45:08,921 INFO  [main] mapreduce.Job (Job.java:monitorAndPrintJob(1614)) - Running job: job_local1706930613_0002
2022-03-21 23:45:08,921 INFO  [Thread-13] mapred.LocalJobRunner (LocalJobRunner.java:createOutputCommitter(501)) - OutputCommitter set in config null
2022-03-21 23:45:08,922 INFO  [Thread-13] output.FileOutputCommitter (FileOutputCommitter.java:<init>(141)) - File Output Committer Algorithm version is 2
2022-03-21 23:45:08,922 INFO  [Thread-13] output.FileOutputCommitter (FileOutputCommitter.java:<init>(156)) - FileOutputCommitter skip cleanup _temporary folders under output directory:false, ignore cleanup failures: false
2022-03-21 23:45:08,923 INFO  [Thread-13] mapred.LocalJobRunner (LocalJobRunner.java:createOutputCommitter(519)) - OutputCommitter is org.apache.hadoop.mapreduce.lib.output.FileOutputCommitter
2022-03-21 23:45:09,015 INFO  [Thread-13] mapred.LocalJobRunner (LocalJobRunner.java:runTasks(478)) - Waiting for map tasks
2022-03-21 23:45:09,015 INFO  [LocalJobRunner Map Task Executor #0] mapred.LocalJobRunner (LocalJobRunner.java:run(252)) - Starting task: attempt_local1706930613_0002_m_000000_0
2022-03-21 23:45:09,017 INFO  [LocalJobRunner Map Task Executor #0] output.FileOutputCommitter (FileOutputCommitter.java:<init>(141)) - File Output Committer Algorithm version is 2
2022-03-21 23:45:09,017 INFO  [LocalJobRunner Map Task Executor #0] output.FileOutputCommitter (FileOutputCommitter.java:<init>(156)) - FileOutputCommitter skip cleanup _temporary folders under output directory:false, ignore cleanup failures: false
2022-03-21 23:45:09,017 INFO  [LocalJobRunner Map Task Executor #0] mapred.Task (Task.java:initialize(626)) -  Using ResourceCalculatorProcessTree : [ ]
2022-03-21 23:45:09,018 INFO  [LocalJobRunner Map Task Executor #0] mapred.MapTask (MapTask.java:runNewMapper(768)) - Processing split: file:/home/ard5625/project3/intermediate0/part-r-00000:0+228
2022-03-21 23:45:09,026 INFO  [LocalJobRunner Map Task Executor #0] mapred.MapTask (MapTask.java:setEquator(1219)) - (EQUATOR) 0 kvi 26214396(104857584)
2022-03-21 23:45:09,026 INFO  [LocalJobRunner Map Task Executor #0] mapred.MapTask (MapTask.java:init(1012)) - mapreduce.task.io.sort.mb: 100
2022-03-21 23:45:09,026 INFO  [LocalJobRunner Map Task Executor #0] mapred.MapTask (MapTask.java:init(1013)) - soft limit at 83886080
2022-03-21 23:45:09,027 INFO  [LocalJobRunner Map Task Executor #0] mapred.MapTask (MapTask.java:init(1014)) - bufstart = 0; bufvoid = 104857600
2022-03-21 23:45:09,027 INFO  [LocalJobRunner Map Task Executor #0] mapred.MapTask (MapTask.java:init(1015)) - kvstart = 26214396; length = 6553600
2022-03-21 23:45:09,027 INFO  [LocalJobRunner Map Task Executor #0] mapred.MapTask (MapTask.java:createSortingCollector(409)) - Map output collector class = org.apache.hadoop.mapred.MapTask$MapOutputBuffer
2022-03-21 23:45:09,034 INFO  [LocalJobRunner Map Task Executor #0] mapred.LocalJobRunner (LocalJobRunner.java:statusUpdate(634)) - 
2022-03-21 23:45:09,034 INFO  [LocalJobRunner Map Task Executor #0] mapred.MapTask (MapTask.java:flush(1476)) - Starting flush of map output
2022-03-21 23:45:09,034 INFO  [LocalJobRunner Map Task Executor #0] mapred.MapTask (MapTask.java:flush(1498)) - Spilling map output
2022-03-21 23:45:09,034 INFO  [LocalJobRunner Map Task Executor #0] mapred.MapTask (MapTask.java:flush(1499)) - bufstart = 0; bufend = 132; bufvoid = 104857600
2022-03-21 23:45:09,034 INFO  [LocalJobRunner Map Task Executor #0] mapred.MapTask (MapTask.java:flush(1501)) - kvstart = 26214396(104857584); kvend = 26214368(104857472); length = 29/6553600
2022-03-21 23:45:09,035 INFO  [LocalJobRunner Map Task Executor #0] mapred.MapTask (MapTask.java:sortAndSpill(1696)) - Finished spill 0
2022-03-21 23:45:09,036 INFO  [LocalJobRunner Map Task Executor #0] mapred.Task (Task.java:done(1244)) - Task:attempt_local1706930613_0002_m_000000_0 is done. And is in the process of committing
2022-03-21 23:45:09,037 INFO  [LocalJobRunner Map Task Executor #0] mapred.LocalJobRunner (LocalJobRunner.java:statusUpdate(634)) - map
2022-03-21 23:45:09,037 INFO  [LocalJobRunner Map Task Executor #0] mapred.Task (Task.java:sendDone(1380)) - Task 'attempt_local1706930613_0002_m_000000_0' done.
2022-03-21 23:45:09,038 INFO  [LocalJobRunner Map Task Executor #0] mapred.Task (Task.java:done(1276)) - Final Counters for attempt_local1706930613_0002_m_000000_0: Counters: 17
	File System Counters
		FILE: Number of bytes read=15454
		FILE: Number of bytes written=1103074
		FILE: Number of read operations=0
		FILE: Number of large read operations=0
		FILE: Number of write operations=0
	Map-Reduce Framework
		Map input records=6
		Map output records=8
		Map output bytes=132
		Map output materialized bytes=154
		Input split bytes=119
		Combine input records=0
		Spilled Records=8
		Failed Shuffles=0
		Merged Map outputs=0
		GC time elapsed (ms)=0
		Total committed heap usage (bytes)=2147483648
	File Input Format Counters 
		Bytes Read=240
2022-03-21 23:45:09,038 INFO  [LocalJobRunner Map Task Executor #0] mapred.LocalJobRunner (LocalJobRunner.java:run(277)) - Finishing task: attempt_local1706930613_0002_m_000000_0
2022-03-21 23:45:09,038 INFO  [Thread-13] mapred.LocalJobRunner (LocalJobRunner.java:runTasks(486)) - map task executor complete.
2022-03-21 23:45:09,039 INFO  [Thread-13] mapred.LocalJobRunner (LocalJobRunner.java:runTasks(478)) - Waiting for reduce tasks
2022-03-21 23:45:09,039 INFO  [pool-9-thread-1] mapred.LocalJobRunner (LocalJobRunner.java:run(330)) - Starting task: attempt_local1706930613_0002_r_000000_0
2022-03-21 23:45:09,041 INFO  [pool-9-thread-1] output.FileOutputCommitter (FileOutputCommitter.java:<init>(141)) - File Output Committer Algorithm version is 2
2022-03-21 23:45:09,041 INFO  [pool-9-thread-1] output.FileOutputCommitter (FileOutputCommitter.java:<init>(156)) - FileOutputCommitter skip cleanup _temporary folders under output directory:false, ignore cleanup failures: false
2022-03-21 23:45:09,041 INFO  [pool-9-thread-1] mapred.Task (Task.java:initialize(626)) -  Using ResourceCalculatorProcessTree : [ ]
2022-03-21 23:45:09,041 INFO  [pool-9-thread-1] mapred.ReduceTask (ReduceTask.java:run(363)) - Using ShuffleConsumerPlugin: org.apache.hadoop.mapreduce.task.reduce.Shuffle@106ebd8d
2022-03-21 23:45:09,042 WARN  [pool-9-thread-1] impl.MetricsSystemImpl (MetricsSystemImpl.java:init(151)) - JobTracker metrics system already initialized!
2022-03-21 23:45:09,043 INFO  [pool-9-thread-1] reduce.MergeManagerImpl (MergeManagerImpl.java:<init>(198)) - The max number of bytes for a single in-memory shuffle cannot be larger than Integer.MAX_VALUE. Setting it to Integer.MAX_VALUE
2022-03-21 23:45:09,043 INFO  [pool-9-thread-1] reduce.MergeManagerImpl (MergeManagerImpl.java:<init>(208)) - MergerManager: memoryLimit=22525089792, maxSingleShuffleLimit=2147483647, mergeThreshold=14866560000, ioSortFactor=10, memToMemMergeOutputsThreshold=10
2022-03-21 23:45:09,043 INFO  [EventFetcher for fetching Map Completion Events] reduce.EventFetcher (EventFetcher.java:run(61)) - attempt_local1706930613_0002_r_000000_0 Thread started: EventFetcher for fetching Map Completion Events
2022-03-21 23:45:09,045 INFO  [localfetcher#2] reduce.LocalFetcher (LocalFetcher.java:copyMapOutput(145)) - localfetcher#2 about to shuffle output of map attempt_local1706930613_0002_m_000000_0 decomp: 150 len: 154 to MEMORY
2022-03-21 23:45:09,045 INFO  [localfetcher#2] reduce.InMemoryMapOutput (InMemoryMapOutput.java:doShuffle(94)) - Read 150 bytes from map-output for attempt_local1706930613_0002_m_000000_0
2022-03-21 23:45:09,046 INFO  [localfetcher#2] reduce.MergeManagerImpl (MergeManagerImpl.java:closeInMemoryFile(323)) - closeInMemoryFile -> map-output of size: 150, inMemoryMapOutputs.size() -> 1, commitMemory -> 0, usedMemory ->150
2022-03-21 23:45:09,046 INFO  [EventFetcher for fetching Map Completion Events] reduce.EventFetcher (EventFetcher.java:run(76)) - EventFetcher is interrupted.. Returning
2022-03-21 23:45:09,047 INFO  [pool-9-thread-1] mapred.LocalJobRunner (LocalJobRunner.java:statusUpdate(634)) - 1 / 1 copied.
2022-03-21 23:45:09,047 INFO  [pool-9-thread-1] reduce.MergeManagerImpl (MergeManagerImpl.java:finalMerge(695)) - finalMerge called with 1 in-memory map-outputs and 0 on-disk map-outputs
2022-03-21 23:45:09,048 INFO  [pool-9-thread-1] mapred.Merger (Merger.java:merge(606)) - Merging 1 sorted segments
2022-03-21 23:45:09,048 INFO  [pool-9-thread-1] mapred.Merger (Merger.java:merge(705)) - Down to the last merge-pass, with 1 segments left of total size: 144 bytes
2022-03-21 23:45:09,048 INFO  [pool-9-thread-1] reduce.MergeManagerImpl (MergeManagerImpl.java:finalMerge(762)) - Merged 1 segments, 150 bytes to disk to satisfy reduce memory limit
2022-03-21 23:45:09,049 INFO  [pool-9-thread-1] reduce.MergeManagerImpl (MergeManagerImpl.java:finalMerge(792)) - Merging 1 files, 154 bytes from disk
2022-03-21 23:45:09,049 INFO  [pool-9-thread-1] reduce.MergeManagerImpl (MergeManagerImpl.java:finalMerge(807)) - Merging 0 segments, 0 bytes from memory into reduce
2022-03-21 23:45:09,049 INFO  [pool-9-thread-1] mapred.Merger (Merger.java:merge(606)) - Merging 1 sorted segments
2022-03-21 23:45:09,049 INFO  [pool-9-thread-1] mapred.Merger (Merger.java:merge(705)) - Down to the last merge-pass, with 1 segments left of total size: 144 bytes
2022-03-21 23:45:09,049 INFO  [pool-9-thread-1] mapred.LocalJobRunner (LocalJobRunner.java:statusUpdate(634)) - 1 / 1 copied.
2022-03-21 23:45:09,240 INFO  [pool-9-thread-1] mapred.Task (Task.java:done(1244)) - Task:attempt_local1706930613_0002_r_000000_0 is done. And is in the process of committing
2022-03-21 23:45:09,240 INFO  [pool-9-thread-1] mapred.LocalJobRunner (LocalJobRunner.java:statusUpdate(634)) - 1 / 1 copied.
2022-03-21 23:45:09,240 INFO  [pool-9-thread-1] mapred.Task (Task.java:commit(1421)) - Task attempt_local1706930613_0002_r_000000_0 is allowed to commit now
2022-03-21 23:45:09,262 INFO  [pool-9-thread-1] output.FileOutputCommitter (FileOutputCommitter.java:commitTask(606)) - Saved output of task 'attempt_local1706930613_0002_r_000000_0' to file:/home/ard5625/project3/intermediate1
2022-03-21 23:45:09,263 INFO  [pool-9-thread-1] mapred.LocalJobRunner (LocalJobRunner.java:statusUpdate(634)) - reduce > reduce
2022-03-21 23:45:09,263 INFO  [pool-9-thread-1] mapred.Task (Task.java:sendDone(1380)) - Task 'attempt_local1706930613_0002_r_000000_0' done.
2022-03-21 23:45:09,263 INFO  [pool-9-thread-1] mapred.Task (Task.java:done(1276)) - Final Counters for attempt_local1706930613_0002_r_000000_0: Counters: 24
	File System Counters
		FILE: Number of bytes read=15794
		FILE: Number of bytes written=1103468
		FILE: Number of read operations=0
		FILE: Number of large read operations=0
		FILE: Number of write operations=0
	Map-Reduce Framework
		Combine input records=0
		Combine output records=0
		Reduce input groups=6
		Reduce shuffle bytes=154
		Reduce input records=8
		Reduce output records=6
		Spilled Records=8
		Shuffled Maps =1
		Failed Shuffles=0
		Merged Map outputs=1
		GC time elapsed (ms)=0
		Total committed heap usage (bytes)=2147483648
	Shuffle Errors
		BAD_ID=0
		CONNECTION=0
		IO_ERROR=0
		WRONG_LENGTH=0
		WRONG_MAP=0
		WRONG_REDUCE=0
	File Output Format Counters 
		Bytes Written=240
2022-03-21 23:45:09,263 INFO  [pool-9-thread-1] mapred.LocalJobRunner (LocalJobRunner.java:run(353)) - Finishing task: attempt_local1706930613_0002_r_000000_0
2022-03-21 23:45:09,263 INFO  [Thread-13] mapred.LocalJobRunner (LocalJobRunner.java:runTasks(486)) - reduce task executor complete.
2022-03-21 23:45:09,922 INFO  [main] mapreduce.Job (Job.java:monitorAndPrintJob(1635)) - Job job_local1706930613_0002 running in uber mode : false
2022-03-21 23:45:09,922 INFO  [main] mapreduce.Job (Job.java:monitorAndPrintJob(1642)) -  map 100% reduce 100%
2022-03-21 23:45:09,922 INFO  [main] mapreduce.Job (Job.java:monitorAndPrintJob(1653)) - Job job_local1706930613_0002 completed successfully
2022-03-21 23:45:09,926 INFO  [main] mapreduce.Job (Job.java:monitorAndPrintJob(1660)) - Counters: 30
	File System Counters
		FILE: Number of bytes read=31248
		FILE: Number of bytes written=2206542
		FILE: Number of read operations=0
		FILE: Number of large read operations=0
		FILE: Number of write operations=0
	Map-Reduce Framework
		Map input records=6
		Map output records=8
		Map output bytes=132
		Map output materialized bytes=154
		Input split bytes=119
		Combine input records=0
		Combine output records=0
		Reduce input groups=6
		Reduce shuffle bytes=154
		Reduce input records=8
		Reduce output records=6
		Spilled Records=16
		Shuffled Maps =1
		Failed Shuffles=0
		Merged Map outputs=1
		GC time elapsed (ms)=0
		Total committed heap usage (bytes)=4294967296
	Shuffle Errors
		BAD_ID=0
		CONNECTION=0
		IO_ERROR=0
		WRONG_LENGTH=0
		WRONG_MAP=0
		WRONG_REDUCE=0
	File Input Format Counters 
		Bytes Read=240
	File Output Format Counters 
		Bytes Written=240
2022-03-21 23:45:09,936 WARN  [main] impl.MetricsSystemImpl (MetricsSystemImpl.java:init(151)) - JobTracker metrics system already initialized!
2022-03-21 23:45:09,938 WARN  [main] mapreduce.JobResourceUploader (JobResourceUploader.java:uploadResourcesInternal(149)) - Hadoop command-line option parsing not performed. Implement the Tool interface and execute your application with ToolRunner to remedy this.
2022-03-21 23:45:09,940 INFO  [main] input.FileInputFormat (FileInputFormat.java:listStatus(292)) - Total input files to process : 1
2022-03-21 23:45:09,942 INFO  [main] mapreduce.JobSubmitter (JobSubmitter.java:submitJobInternal(202)) - number of splits:1
2022-03-21 23:45:09,958 INFO  [main] mapreduce.JobSubmitter (JobSubmitter.java:printTokens(298)) - Submitting tokens for job: job_local989831439_0003
2022-03-21 23:45:09,958 INFO  [main] mapreduce.JobSubmitter (JobSubmitter.java:printTokens(299)) - Executing with tokens: []
2022-03-21 23:45:09,998 INFO  [main] mapreduce.Job (Job.java:submit(1569)) - The url to track the job: http://localhost:8080/
2022-03-21 23:45:09,998 INFO  [main] mapreduce.Job (Job.java:monitorAndPrintJob(1614)) - Running job: job_local989831439_0003
2022-03-21 23:45:09,998 INFO  [Thread-20] mapred.LocalJobRunner (LocalJobRunner.java:createOutputCommitter(501)) - OutputCommitter set in config null
2022-03-21 23:45:09,999 INFO  [Thread-20] output.FileOutputCommitter (FileOutputCommitter.java:<init>(141)) - File Output Committer Algorithm version is 2
2022-03-21 23:45:09,999 INFO  [Thread-20] output.FileOutputCommitter (FileOutputCommitter.java:<init>(156)) - FileOutputCommitter skip cleanup _temporary folders under output directory:false, ignore cleanup failures: false
2022-03-21 23:45:09,999 INFO  [Thread-20] mapred.LocalJobRunner (LocalJobRunner.java:createOutputCommitter(519)) - OutputCommitter is org.apache.hadoop.mapreduce.lib.output.FileOutputCommitter
2022-03-21 23:45:10,109 INFO  [Thread-20] mapred.LocalJobRunner (LocalJobRunner.java:runTasks(478)) - Waiting for map tasks
2022-03-21 23:45:10,110 INFO  [LocalJobRunner Map Task Executor #0] mapred.LocalJobRunner (LocalJobRunner.java:run(252)) - Starting task: attempt_local989831439_0003_m_000000_0
2022-03-21 23:45:10,110 INFO  [LocalJobRunner Map Task Executor #0] output.FileOutputCommitter (FileOutputCommitter.java:<init>(141)) - File Output Committer Algorithm version is 2
2022-03-21 23:45:10,110 INFO  [LocalJobRunner Map Task Executor #0] output.FileOutputCommitter (FileOutputCommitter.java:<init>(156)) - FileOutputCommitter skip cleanup _temporary folders under output directory:false, ignore cleanup failures: false
2022-03-21 23:45:10,111 INFO  [LocalJobRunner Map Task Executor #0] mapred.Task (Task.java:initialize(626)) -  Using ResourceCalculatorProcessTree : [ ]
2022-03-21 23:45:10,111 INFO  [LocalJobRunner Map Task Executor #0] mapred.MapTask (MapTask.java:runNewMapper(768)) - Processing split: file:/home/ard5625/project3/intermediate1/part-r-00000:0+228
2022-03-21 23:45:10,122 INFO  [LocalJobRunner Map Task Executor #0] mapred.MapTask (MapTask.java:setEquator(1219)) - (EQUATOR) 0 kvi 26214396(104857584)
2022-03-21 23:45:10,123 INFO  [LocalJobRunner Map Task Executor #0] mapred.MapTask (MapTask.java:init(1012)) - mapreduce.task.io.sort.mb: 100
2022-03-21 23:45:10,123 INFO  [LocalJobRunner Map Task Executor #0] mapred.MapTask (MapTask.java:init(1013)) - soft limit at 83886080
2022-03-21 23:45:10,123 INFO  [LocalJobRunner Map Task Executor #0] mapred.MapTask (MapTask.java:init(1014)) - bufstart = 0; bufvoid = 104857600
2022-03-21 23:45:10,123 INFO  [LocalJobRunner Map Task Executor #0] mapred.MapTask (MapTask.java:init(1015)) - kvstart = 26214396; length = 6553600
2022-03-21 23:45:10,124 INFO  [LocalJobRunner Map Task Executor #0] mapred.MapTask (MapTask.java:createSortingCollector(409)) - Map output collector class = org.apache.hadoop.mapred.MapTask$MapOutputBuffer
2022-03-21 23:45:10,126 INFO  [LocalJobRunner Map Task Executor #0] mapred.LocalJobRunner (LocalJobRunner.java:statusUpdate(634)) - 
2022-03-21 23:45:10,126 INFO  [LocalJobRunner Map Task Executor #0] mapred.MapTask (MapTask.java:flush(1476)) - Starting flush of map output
2022-03-21 23:45:10,126 INFO  [LocalJobRunner Map Task Executor #0] mapred.MapTask (MapTask.java:flush(1498)) - Spilling map output
2022-03-21 23:45:10,126 INFO  [LocalJobRunner Map Task Executor #0] mapred.MapTask (MapTask.java:flush(1499)) - bufstart = 0; bufend = 168; bufvoid = 104857600
2022-03-21 23:45:10,126 INFO  [LocalJobRunner Map Task Executor #0] mapred.MapTask (MapTask.java:flush(1501)) - kvstart = 26214396(104857584); kvend = 26214352(104857408); length = 45/6553600
2022-03-21 23:45:10,128 INFO  [LocalJobRunner Map Task Executor #0] mapred.MapTask (MapTask.java:sortAndSpill(1696)) - Finished spill 0
2022-03-21 23:45:10,128 INFO  [LocalJobRunner Map Task Executor #0] mapred.Task (Task.java:done(1244)) - Task:attempt_local989831439_0003_m_000000_0 is done. And is in the process of committing
2022-03-21 23:45:10,129 INFO  [LocalJobRunner Map Task Executor #0] mapred.LocalJobRunner (LocalJobRunner.java:statusUpdate(634)) - map
2022-03-21 23:45:10,130 INFO  [LocalJobRunner Map Task Executor #0] mapred.Task (Task.java:sendDone(1380)) - Task 'attempt_local989831439_0003_m_000000_0' done.
2022-03-21 23:45:10,130 INFO  [LocalJobRunner Map Task Executor #0] mapred.Task (Task.java:done(1276)) - Final Counters for attempt_local989831439_0003_m_000000_0: Counters: 17
	File System Counters
		FILE: Number of bytes read=23517
		FILE: Number of bytes written=1653586
		FILE: Number of read operations=0
		FILE: Number of large read operations=0
		FILE: Number of write operations=0
	Map-Reduce Framework
		Map input records=6
		Map output records=12
		Map output bytes=168
		Map output materialized bytes=198
		Input split bytes=119
		Combine input records=0
		Spilled Records=12
		Failed Shuffles=0
		Merged Map outputs=0
		GC time elapsed (ms)=0
		Total committed heap usage (bytes)=2147483648
	File Input Format Counters 
		Bytes Read=240
2022-03-21 23:45:10,130 INFO  [LocalJobRunner Map Task Executor #0] mapred.LocalJobRunner (LocalJobRunner.java:run(277)) - Finishing task: attempt_local989831439_0003_m_000000_0
2022-03-21 23:45:10,130 INFO  [Thread-20] mapred.LocalJobRunner (LocalJobRunner.java:runTasks(486)) - map task executor complete.
2022-03-21 23:45:10,131 INFO  [Thread-20] mapred.LocalJobRunner (LocalJobRunner.java:runTasks(478)) - Waiting for reduce tasks
2022-03-21 23:45:10,131 INFO  [pool-12-thread-1] mapred.LocalJobRunner (LocalJobRunner.java:run(330)) - Starting task: attempt_local989831439_0003_r_000000_0
2022-03-21 23:45:10,133 INFO  [pool-12-thread-1] output.FileOutputCommitter (FileOutputCommitter.java:<init>(141)) - File Output Committer Algorithm version is 2
2022-03-21 23:45:10,133 INFO  [pool-12-thread-1] output.FileOutputCommitter (FileOutputCommitter.java:<init>(156)) - FileOutputCommitter skip cleanup _temporary folders under output directory:false, ignore cleanup failures: false
2022-03-21 23:45:10,134 INFO  [pool-12-thread-1] mapred.Task (Task.java:initialize(626)) -  Using ResourceCalculatorProcessTree : [ ]
2022-03-21 23:45:10,134 INFO  [pool-12-thread-1] mapred.ReduceTask (ReduceTask.java:run(363)) - Using ShuffleConsumerPlugin: org.apache.hadoop.mapreduce.task.reduce.Shuffle@5a523313
2022-03-21 23:45:10,134 WARN  [pool-12-thread-1] impl.MetricsSystemImpl (MetricsSystemImpl.java:init(151)) - JobTracker metrics system already initialized!
2022-03-21 23:45:10,135 INFO  [pool-12-thread-1] reduce.MergeManagerImpl (MergeManagerImpl.java:<init>(198)) - The max number of bytes for a single in-memory shuffle cannot be larger than Integer.MAX_VALUE. Setting it to Integer.MAX_VALUE
2022-03-21 23:45:10,135 INFO  [pool-12-thread-1] reduce.MergeManagerImpl (MergeManagerImpl.java:<init>(208)) - MergerManager: memoryLimit=22525089792, maxSingleShuffleLimit=2147483647, mergeThreshold=14866560000, ioSortFactor=10, memToMemMergeOutputsThreshold=10
2022-03-21 23:45:10,136 INFO  [EventFetcher for fetching Map Completion Events] reduce.EventFetcher (EventFetcher.java:run(61)) - attempt_local989831439_0003_r_000000_0 Thread started: EventFetcher for fetching Map Completion Events
2022-03-21 23:45:10,137 INFO  [localfetcher#3] reduce.LocalFetcher (LocalFetcher.java:copyMapOutput(145)) - localfetcher#3 about to shuffle output of map attempt_local989831439_0003_m_000000_0 decomp: 194 len: 198 to MEMORY
2022-03-21 23:45:10,137 INFO  [localfetcher#3] reduce.InMemoryMapOutput (InMemoryMapOutput.java:doShuffle(94)) - Read 194 bytes from map-output for attempt_local989831439_0003_m_000000_0
2022-03-21 23:45:10,137 INFO  [localfetcher#3] reduce.MergeManagerImpl (MergeManagerImpl.java:closeInMemoryFile(323)) - closeInMemoryFile -> map-output of size: 194, inMemoryMapOutputs.size() -> 1, commitMemory -> 0, usedMemory ->194
2022-03-21 23:45:10,138 INFO  [EventFetcher for fetching Map Completion Events] reduce.EventFetcher (EventFetcher.java:run(76)) - EventFetcher is interrupted.. Returning
2022-03-21 23:45:10,138 INFO  [pool-12-thread-1] mapred.LocalJobRunner (LocalJobRunner.java:statusUpdate(634)) - 1 / 1 copied.
2022-03-21 23:45:10,138 INFO  [pool-12-thread-1] reduce.MergeManagerImpl (MergeManagerImpl.java:finalMerge(695)) - finalMerge called with 1 in-memory map-outputs and 0 on-disk map-outputs
2022-03-21 23:45:10,139 INFO  [pool-12-thread-1] mapred.Merger (Merger.java:merge(606)) - Merging 1 sorted segments
2022-03-21 23:45:10,139 INFO  [pool-12-thread-1] mapred.Merger (Merger.java:merge(705)) - Down to the last merge-pass, with 1 segments left of total size: 188 bytes
2022-03-21 23:45:10,140 INFO  [pool-12-thread-1] reduce.MergeManagerImpl (MergeManagerImpl.java:finalMerge(762)) - Merged 1 segments, 194 bytes to disk to satisfy reduce memory limit
2022-03-21 23:45:10,140 INFO  [pool-12-thread-1] reduce.MergeManagerImpl (MergeManagerImpl.java:finalMerge(792)) - Merging 1 files, 198 bytes from disk
2022-03-21 23:45:10,140 INFO  [pool-12-thread-1] reduce.MergeManagerImpl (MergeManagerImpl.java:finalMerge(807)) - Merging 0 segments, 0 bytes from memory into reduce
2022-03-21 23:45:10,140 INFO  [pool-12-thread-1] mapred.Merger (Merger.java:merge(606)) - Merging 1 sorted segments
2022-03-21 23:45:10,141 INFO  [pool-12-thread-1] mapred.Merger (Merger.java:merge(705)) - Down to the last merge-pass, with 1 segments left of total size: 188 bytes
2022-03-21 23:45:10,141 INFO  [pool-12-thread-1] mapred.LocalJobRunner (LocalJobRunner.java:statusUpdate(634)) - 1 / 1 copied.
2022-03-21 23:45:10,347 INFO  [pool-12-thread-1] mapred.Task (Task.java:done(1244)) - Task:attempt_local989831439_0003_r_000000_0 is done. And is in the process of committing
2022-03-21 23:45:10,348 INFO  [pool-12-thread-1] mapred.LocalJobRunner (LocalJobRunner.java:statusUpdate(634)) - 1 / 1 copied.
2022-03-21 23:45:10,348 INFO  [pool-12-thread-1] mapred.Task (Task.java:commit(1421)) - Task attempt_local989831439_0003_r_000000_0 is allowed to commit now
2022-03-21 23:45:10,400 INFO  [pool-12-thread-1] output.FileOutputCommitter (FileOutputCommitter.java:commitTask(606)) - Saved output of task 'attempt_local989831439_0003_r_000000_0' to file:/home/ard5625/project3/intermediate2
2022-03-21 23:45:10,400 INFO  [pool-12-thread-1] mapred.LocalJobRunner (LocalJobRunner.java:statusUpdate(634)) - reduce > reduce
2022-03-21 23:45:10,400 INFO  [pool-12-thread-1] mapred.Task (Task.java:sendDone(1380)) - Task 'attempt_local989831439_0003_r_000000_0' done.
2022-03-21 23:45:10,401 INFO  [pool-12-thread-1] mapred.Task (Task.java:done(1276)) - Final Counters for attempt_local989831439_0003_r_000000_0: Counters: 24
	File System Counters
		FILE: Number of bytes read=23945
		FILE: Number of bytes written=1654024
		FILE: Number of read operations=0
		FILE: Number of large read operations=0
		FILE: Number of write operations=0
	Map-Reduce Framework
		Combine input records=0
		Combine output records=0
		Reduce input groups=6
		Reduce shuffle bytes=198
		Reduce input records=12
		Reduce output records=6
		Spilled Records=12
		Shuffled Maps =1
		Failed Shuffles=0
		Merged Map outputs=1
		GC time elapsed (ms)=0
		Total committed heap usage (bytes)=2147483648
	Shuffle Errors
		BAD_ID=0
		CONNECTION=0
		IO_ERROR=0
		WRONG_LENGTH=0
		WRONG_MAP=0
		WRONG_REDUCE=0
	File Output Format Counters 
		Bytes Written=240
2022-03-21 23:45:10,401 INFO  [pool-12-thread-1] mapred.LocalJobRunner (LocalJobRunner.java:run(353)) - Finishing task: attempt_local989831439_0003_r_000000_0
2022-03-21 23:45:10,401 INFO  [Thread-20] mapred.LocalJobRunner (LocalJobRunner.java:runTasks(486)) - reduce task executor complete.
2022-03-21 23:45:10,999 INFO  [main] mapreduce.Job (Job.java:monitorAndPrintJob(1635)) - Job job_local989831439_0003 running in uber mode : false
2022-03-21 23:45:10,999 INFO  [main] mapreduce.Job (Job.java:monitorAndPrintJob(1642)) -  map 100% reduce 100%
2022-03-21 23:45:11,000 INFO  [main] mapreduce.Job (Job.java:monitorAndPrintJob(1653)) - Job job_local989831439_0003 completed successfully
2022-03-21 23:45:11,002 INFO  [main] mapreduce.Job (Job.java:monitorAndPrintJob(1660)) - Counters: 30
	File System Counters
		FILE: Number of bytes read=47462
		FILE: Number of bytes written=3307610
		FILE: Number of read operations=0
		FILE: Number of large read operations=0
		FILE: Number of write operations=0
	Map-Reduce Framework
		Map input records=6
		Map output records=12
		Map output bytes=168
		Map output materialized bytes=198
		Input split bytes=119
		Combine input records=0
		Combine output records=0
		Reduce input groups=6
		Reduce shuffle bytes=198
		Reduce input records=12
		Reduce output records=6
		Spilled Records=24
		Shuffled Maps =1
		Failed Shuffles=0
		Merged Map outputs=1
		GC time elapsed (ms)=0
		Total committed heap usage (bytes)=4294967296
	Shuffle Errors
		BAD_ID=0
		CONNECTION=0
		IO_ERROR=0
		WRONG_LENGTH=0
		WRONG_MAP=0
		WRONG_REDUCE=0
	File Input Format Counters 
		Bytes Read=240
	File Output Format Counters 
		Bytes Written=240
2022-03-21 23:45:11,011 WARN  [main] impl.MetricsSystemImpl (MetricsSystemImpl.java:init(151)) - JobTracker metrics system already initialized!
2022-03-21 23:45:11,013 WARN  [main] mapreduce.JobResourceUploader (JobResourceUploader.java:uploadResourcesInternal(149)) - Hadoop command-line option parsing not performed. Implement the Tool interface and execute your application with ToolRunner to remedy this.
2022-03-21 23:45:11,015 INFO  [main] input.FileInputFormat (FileInputFormat.java:listStatus(292)) - Total input files to process : 1
2022-03-21 23:45:11,016 INFO  [main] mapreduce.JobSubmitter (JobSubmitter.java:submitJobInternal(202)) - number of splits:1
2022-03-21 23:45:11,023 INFO  [main] mapreduce.JobSubmitter (JobSubmitter.java:printTokens(298)) - Submitting tokens for job: job_local1011073487_0004
2022-03-21 23:45:11,023 INFO  [main] mapreduce.JobSubmitter (JobSubmitter.java:printTokens(299)) - Executing with tokens: []
2022-03-21 23:45:11,061 INFO  [main] mapreduce.Job (Job.java:submit(1569)) - The url to track the job: http://localhost:8080/
2022-03-21 23:45:11,062 INFO  [Thread-27] mapred.LocalJobRunner (LocalJobRunner.java:createOutputCommitter(501)) - OutputCommitter set in config null
2022-03-21 23:45:11,062 INFO  [main] mapreduce.Job (Job.java:monitorAndPrintJob(1614)) - Running job: job_local1011073487_0004
2022-03-21 23:45:11,062 INFO  [Thread-27] output.FileOutputCommitter (FileOutputCommitter.java:<init>(141)) - File Output Committer Algorithm version is 2
2022-03-21 23:45:11,062 INFO  [Thread-27] output.FileOutputCommitter (FileOutputCommitter.java:<init>(156)) - FileOutputCommitter skip cleanup _temporary folders under output directory:false, ignore cleanup failures: false
2022-03-21 23:45:11,062 INFO  [Thread-27] mapred.LocalJobRunner (LocalJobRunner.java:createOutputCommitter(519)) - OutputCommitter is org.apache.hadoop.mapreduce.lib.output.FileOutputCommitter
2022-03-21 23:45:11,115 INFO  [Thread-27] mapred.LocalJobRunner (LocalJobRunner.java:runTasks(478)) - Waiting for map tasks
2022-03-21 23:45:11,115 INFO  [LocalJobRunner Map Task Executor #0] mapred.LocalJobRunner (LocalJobRunner.java:run(252)) - Starting task: attempt_local1011073487_0004_m_000000_0
2022-03-21 23:45:11,116 INFO  [LocalJobRunner Map Task Executor #0] output.FileOutputCommitter (FileOutputCommitter.java:<init>(141)) - File Output Committer Algorithm version is 2
2022-03-21 23:45:11,116 INFO  [LocalJobRunner Map Task Executor #0] output.FileOutputCommitter (FileOutputCommitter.java:<init>(156)) - FileOutputCommitter skip cleanup _temporary folders under output directory:false, ignore cleanup failures: false
2022-03-21 23:45:11,117 INFO  [LocalJobRunner Map Task Executor #0] mapred.Task (Task.java:initialize(626)) -  Using ResourceCalculatorProcessTree : [ ]
2022-03-21 23:45:11,117 INFO  [LocalJobRunner Map Task Executor #0] mapred.MapTask (MapTask.java:runNewMapper(768)) - Processing split: file:/home/ard5625/project3/intermediate2/part-r-00000:0+228
2022-03-21 23:45:11,128 INFO  [LocalJobRunner Map Task Executor #0] mapred.MapTask (MapTask.java:setEquator(1219)) - (EQUATOR) 0 kvi 26214396(104857584)
2022-03-21 23:45:11,128 INFO  [LocalJobRunner Map Task Executor #0] mapred.MapTask (MapTask.java:init(1012)) - mapreduce.task.io.sort.mb: 100
2022-03-21 23:45:11,128 INFO  [LocalJobRunner Map Task Executor #0] mapred.MapTask (MapTask.java:init(1013)) - soft limit at 83886080
2022-03-21 23:45:11,128 INFO  [LocalJobRunner Map Task Executor #0] mapred.MapTask (MapTask.java:init(1014)) - bufstart = 0; bufvoid = 104857600
2022-03-21 23:45:11,128 INFO  [LocalJobRunner Map Task Executor #0] mapred.MapTask (MapTask.java:init(1015)) - kvstart = 26214396; length = 6553600
2022-03-21 23:45:11,129 INFO  [LocalJobRunner Map Task Executor #0] mapred.MapTask (MapTask.java:createSortingCollector(409)) - Map output collector class = org.apache.hadoop.mapred.MapTask$MapOutputBuffer
2022-03-21 23:45:11,131 INFO  [LocalJobRunner Map Task Executor #0] mapred.LocalJobRunner (LocalJobRunner.java:statusUpdate(634)) - 
2022-03-21 23:45:11,131 INFO  [LocalJobRunner Map Task Executor #0] mapred.MapTask (MapTask.java:flush(1476)) - Starting flush of map output
2022-03-21 23:45:11,131 INFO  [LocalJobRunner Map Task Executor #0] mapred.MapTask (MapTask.java:flush(1498)) - Spilling map output
2022-03-21 23:45:11,131 INFO  [LocalJobRunner Map Task Executor #0] mapred.MapTask (MapTask.java:flush(1499)) - bufstart = 0; bufend = 186; bufvoid = 104857600
2022-03-21 23:45:11,131 INFO  [LocalJobRunner Map Task Executor #0] mapred.MapTask (MapTask.java:flush(1501)) - kvstart = 26214396(104857584); kvend = 26214344(104857376); length = 53/6553600
2022-03-21 23:45:11,132 INFO  [LocalJobRunner Map Task Executor #0] mapred.MapTask (MapTask.java:sortAndSpill(1696)) - Finished spill 0
2022-03-21 23:45:11,133 INFO  [LocalJobRunner Map Task Executor #0] mapred.Task (Task.java:done(1244)) - Task:attempt_local1011073487_0004_m_000000_0 is done. And is in the process of committing
2022-03-21 23:45:11,134 INFO  [LocalJobRunner Map Task Executor #0] mapred.LocalJobRunner (LocalJobRunner.java:statusUpdate(634)) - map
2022-03-21 23:45:11,134 INFO  [LocalJobRunner Map Task Executor #0] mapred.Task (Task.java:sendDone(1380)) - Task 'attempt_local1011073487_0004_m_000000_0' done.
2022-03-21 23:45:11,135 INFO  [LocalJobRunner Map Task Executor #0] mapred.Task (Task.java:done(1276)) - Final Counters for attempt_local1011073487_0004_m_000000_0: Counters: 17
	File System Counters
		FILE: Number of bytes read=31668
		FILE: Number of bytes written=2206792
		FILE: Number of read operations=0
		FILE: Number of large read operations=0
		FILE: Number of write operations=0
	Map-Reduce Framework
		Map input records=6
		Map output records=14
		Map output bytes=186
		Map output materialized bytes=220
		Input split bytes=119
		Combine input records=0
		Spilled Records=14
		Failed Shuffles=0
		Merged Map outputs=0
		GC time elapsed (ms)=0
		Total committed heap usage (bytes)=2147483648
	File Input Format Counters 
		Bytes Read=240
2022-03-21 23:45:11,135 INFO  [LocalJobRunner Map Task Executor #0] mapred.LocalJobRunner (LocalJobRunner.java:run(277)) - Finishing task: attempt_local1011073487_0004_m_000000_0
2022-03-21 23:45:11,135 INFO  [Thread-27] mapred.LocalJobRunner (LocalJobRunner.java:runTasks(486)) - map task executor complete.
2022-03-21 23:45:11,136 INFO  [Thread-27] mapred.LocalJobRunner (LocalJobRunner.java:runTasks(478)) - Waiting for reduce tasks
2022-03-21 23:45:11,136 INFO  [pool-15-thread-1] mapred.LocalJobRunner (LocalJobRunner.java:run(330)) - Starting task: attempt_local1011073487_0004_r_000000_0
2022-03-21 23:45:11,138 INFO  [pool-15-thread-1] output.FileOutputCommitter (FileOutputCommitter.java:<init>(141)) - File Output Committer Algorithm version is 2
2022-03-21 23:45:11,138 INFO  [pool-15-thread-1] output.FileOutputCommitter (FileOutputCommitter.java:<init>(156)) - FileOutputCommitter skip cleanup _temporary folders under output directory:false, ignore cleanup failures: false
2022-03-21 23:45:11,138 INFO  [pool-15-thread-1] mapred.Task (Task.java:initialize(626)) -  Using ResourceCalculatorProcessTree : [ ]
2022-03-21 23:45:11,138 INFO  [pool-15-thread-1] mapred.ReduceTask (ReduceTask.java:run(363)) - Using ShuffleConsumerPlugin: org.apache.hadoop.mapreduce.task.reduce.Shuffle@3af29f8b
2022-03-21 23:45:11,138 WARN  [pool-15-thread-1] impl.MetricsSystemImpl (MetricsSystemImpl.java:init(151)) - JobTracker metrics system already initialized!
2022-03-21 23:45:11,139 INFO  [pool-15-thread-1] reduce.MergeManagerImpl (MergeManagerImpl.java:<init>(198)) - The max number of bytes for a single in-memory shuffle cannot be larger than Integer.MAX_VALUE. Setting it to Integer.MAX_VALUE
2022-03-21 23:45:11,139 INFO  [pool-15-thread-1] reduce.MergeManagerImpl (MergeManagerImpl.java:<init>(208)) - MergerManager: memoryLimit=22525089792, maxSingleShuffleLimit=2147483647, mergeThreshold=14866560000, ioSortFactor=10, memToMemMergeOutputsThreshold=10
2022-03-21 23:45:11,140 INFO  [EventFetcher for fetching Map Completion Events] reduce.EventFetcher (EventFetcher.java:run(61)) - attempt_local1011073487_0004_r_000000_0 Thread started: EventFetcher for fetching Map Completion Events
2022-03-21 23:45:11,141 INFO  [localfetcher#4] reduce.LocalFetcher (LocalFetcher.java:copyMapOutput(145)) - localfetcher#4 about to shuffle output of map attempt_local1011073487_0004_m_000000_0 decomp: 216 len: 220 to MEMORY
2022-03-21 23:45:11,141 INFO  [localfetcher#4] reduce.InMemoryMapOutput (InMemoryMapOutput.java:doShuffle(94)) - Read 216 bytes from map-output for attempt_local1011073487_0004_m_000000_0
2022-03-21 23:45:11,141 INFO  [localfetcher#4] reduce.MergeManagerImpl (MergeManagerImpl.java:closeInMemoryFile(323)) - closeInMemoryFile -> map-output of size: 216, inMemoryMapOutputs.size() -> 1, commitMemory -> 0, usedMemory ->216
2022-03-21 23:45:11,141 INFO  [EventFetcher for fetching Map Completion Events] reduce.EventFetcher (EventFetcher.java:run(76)) - EventFetcher is interrupted.. Returning
2022-03-21 23:45:11,142 INFO  [pool-15-thread-1] mapred.LocalJobRunner (LocalJobRunner.java:statusUpdate(634)) - 1 / 1 copied.
2022-03-21 23:45:11,142 INFO  [pool-15-thread-1] reduce.MergeManagerImpl (MergeManagerImpl.java:finalMerge(695)) - finalMerge called with 1 in-memory map-outputs and 0 on-disk map-outputs
2022-03-21 23:45:11,143 INFO  [pool-15-thread-1] mapred.Merger (Merger.java:merge(606)) - Merging 1 sorted segments
2022-03-21 23:45:11,143 INFO  [pool-15-thread-1] mapred.Merger (Merger.java:merge(705)) - Down to the last merge-pass, with 1 segments left of total size: 210 bytes
2022-03-21 23:45:11,143 INFO  [pool-15-thread-1] reduce.MergeManagerImpl (MergeManagerImpl.java:finalMerge(762)) - Merged 1 segments, 216 bytes to disk to satisfy reduce memory limit
2022-03-21 23:45:11,144 INFO  [pool-15-thread-1] reduce.MergeManagerImpl (MergeManagerImpl.java:finalMerge(792)) - Merging 1 files, 220 bytes from disk
2022-03-21 23:45:11,144 INFO  [pool-15-thread-1] reduce.MergeManagerImpl (MergeManagerImpl.java:finalMerge(807)) - Merging 0 segments, 0 bytes from memory into reduce
2022-03-21 23:45:11,144 INFO  [pool-15-thread-1] mapred.Merger (Merger.java:merge(606)) - Merging 1 sorted segments
2022-03-21 23:45:11,144 INFO  [pool-15-thread-1] mapred.Merger (Merger.java:merge(705)) - Down to the last merge-pass, with 1 segments left of total size: 210 bytes
2022-03-21 23:45:11,144 INFO  [pool-15-thread-1] mapred.LocalJobRunner (LocalJobRunner.java:statusUpdate(634)) - 1 / 1 copied.
2022-03-21 23:45:11,413 INFO  [pool-15-thread-1] mapred.Task (Task.java:done(1244)) - Task:attempt_local1011073487_0004_r_000000_0 is done. And is in the process of committing
2022-03-21 23:45:11,414 INFO  [pool-15-thread-1] mapred.LocalJobRunner (LocalJobRunner.java:statusUpdate(634)) - 1 / 1 copied.
2022-03-21 23:45:11,414 INFO  [pool-15-thread-1] mapred.Task (Task.java:commit(1421)) - Task attempt_local1011073487_0004_r_000000_0 is allowed to commit now
2022-03-21 23:45:11,498 INFO  [pool-15-thread-1] output.FileOutputCommitter (FileOutputCommitter.java:commitTask(606)) - Saved output of task 'attempt_local1011073487_0004_r_000000_0' to file:/home/ard5625/project3/intermediate3
2022-03-21 23:45:11,499 INFO  [pool-15-thread-1] mapred.LocalJobRunner (LocalJobRunner.java:statusUpdate(634)) - reduce > reduce
2022-03-21 23:45:11,499 INFO  [pool-15-thread-1] mapred.Task (Task.java:sendDone(1380)) - Task 'attempt_local1011073487_0004_r_000000_0' done.
2022-03-21 23:45:11,499 INFO  [pool-15-thread-1] mapred.Task (Task.java:done(1276)) - Final Counters for attempt_local1011073487_0004_r_000000_0: Counters: 24
	File System Counters
		FILE: Number of bytes read=32140
		FILE: Number of bytes written=2207273
		FILE: Number of read operations=0
		FILE: Number of large read operations=0
		FILE: Number of write operations=0
	Map-Reduce Framework
		Combine input records=0
		Combine output records=0
		Reduce input groups=7
		Reduce shuffle bytes=220
		Reduce input records=14
		Reduce output records=7
		Spilled Records=14
		Shuffled Maps =1
		Failed Shuffles=0
		Merged Map outputs=1
		GC time elapsed (ms)=0
		Total committed heap usage (bytes)=2147483648
	Shuffle Errors
		BAD_ID=0
		CONNECTION=0
		IO_ERROR=0
		WRONG_LENGTH=0
		WRONG_MAP=0
		WRONG_REDUCE=0
	File Output Format Counters 
		Bytes Written=261
2022-03-21 23:45:11,499 INFO  [pool-15-thread-1] mapred.LocalJobRunner (LocalJobRunner.java:run(353)) - Finishing task: attempt_local1011073487_0004_r_000000_0
2022-03-21 23:45:11,500 INFO  [Thread-27] mapred.LocalJobRunner (LocalJobRunner.java:runTasks(486)) - reduce task executor complete.
2022-03-21 23:45:12,062 INFO  [main] mapreduce.Job (Job.java:monitorAndPrintJob(1635)) - Job job_local1011073487_0004 running in uber mode : false
2022-03-21 23:45:12,063 INFO  [main] mapreduce.Job (Job.java:monitorAndPrintJob(1642)) -  map 100% reduce 100%
2022-03-21 23:45:12,063 INFO  [main] mapreduce.Job (Job.java:monitorAndPrintJob(1653)) - Job job_local1011073487_0004 completed successfully
2022-03-21 23:45:12,066 INFO  [main] mapreduce.Job (Job.java:monitorAndPrintJob(1660)) - Counters: 30
	File System Counters
		FILE: Number of bytes read=63808
		FILE: Number of bytes written=4414065
		FILE: Number of read operations=0
		FILE: Number of large read operations=0
		FILE: Number of write operations=0
	Map-Reduce Framework
		Map input records=6
		Map output records=14
		Map output bytes=186
		Map output materialized bytes=220
		Input split bytes=119
		Combine input records=0
		Combine output records=0
		Reduce input groups=7
		Reduce shuffle bytes=220
		Reduce input records=14
		Reduce output records=7
		Spilled Records=28
		Shuffled Maps =1
		Failed Shuffles=0
		Merged Map outputs=1
		GC time elapsed (ms)=0
		Total committed heap usage (bytes)=4294967296
	Shuffle Errors
		BAD_ID=0
		CONNECTION=0
		IO_ERROR=0
		WRONG_LENGTH=0
		WRONG_MAP=0
		WRONG_REDUCE=0
	File Input Format Counters 
		Bytes Read=240
	File Output Format Counters 
		Bytes Written=261
2022-03-21 23:45:12,076 WARN  [main] impl.MetricsSystemImpl (MetricsSystemImpl.java:init(151)) - JobTracker metrics system already initialized!
2022-03-21 23:45:12,078 WARN  [main] mapreduce.JobResourceUploader (JobResourceUploader.java:uploadResourcesInternal(149)) - Hadoop command-line option parsing not performed. Implement the Tool interface and execute your application with ToolRunner to remedy this.
2022-03-21 23:45:12,081 INFO  [main] input.FileInputFormat (FileInputFormat.java:listStatus(292)) - Total input files to process : 1
2022-03-21 23:45:12,082 INFO  [main] mapreduce.JobSubmitter (JobSubmitter.java:submitJobInternal(202)) - number of splits:1
2022-03-21 23:45:12,093 INFO  [main] mapreduce.JobSubmitter (JobSubmitter.java:printTokens(298)) - Submitting tokens for job: job_local2075474_0005
2022-03-21 23:45:12,093 INFO  [main] mapreduce.JobSubmitter (JobSubmitter.java:printTokens(299)) - Executing with tokens: []
2022-03-21 23:45:12,164 INFO  [main] mapreduce.Job (Job.java:submit(1569)) - The url to track the job: http://localhost:8080/
2022-03-21 23:45:12,165 INFO  [Thread-34] mapred.LocalJobRunner (LocalJobRunner.java:createOutputCommitter(501)) - OutputCommitter set in config null
2022-03-21 23:45:12,165 INFO  [main] mapreduce.Job (Job.java:monitorAndPrintJob(1614)) - Running job: job_local2075474_0005
2022-03-21 23:45:12,165 INFO  [Thread-34] output.FileOutputCommitter (FileOutputCommitter.java:<init>(141)) - File Output Committer Algorithm version is 2
2022-03-21 23:45:12,165 INFO  [Thread-34] output.FileOutputCommitter (FileOutputCommitter.java:<init>(156)) - FileOutputCommitter skip cleanup _temporary folders under output directory:false, ignore cleanup failures: false
2022-03-21 23:45:12,165 INFO  [Thread-34] mapred.LocalJobRunner (LocalJobRunner.java:createOutputCommitter(519)) - OutputCommitter is org.apache.hadoop.mapreduce.lib.output.FileOutputCommitter
2022-03-21 23:45:12,243 INFO  [Thread-34] mapred.LocalJobRunner (LocalJobRunner.java:runTasks(478)) - Waiting for map tasks
2022-03-21 23:45:12,243 INFO  [LocalJobRunner Map Task Executor #0] mapred.LocalJobRunner (LocalJobRunner.java:run(252)) - Starting task: attempt_local2075474_0005_m_000000_0
2022-03-21 23:45:12,245 INFO  [LocalJobRunner Map Task Executor #0] output.FileOutputCommitter (FileOutputCommitter.java:<init>(141)) - File Output Committer Algorithm version is 2
2022-03-21 23:45:12,245 INFO  [LocalJobRunner Map Task Executor #0] output.FileOutputCommitter (FileOutputCommitter.java:<init>(156)) - FileOutputCommitter skip cleanup _temporary folders under output directory:false, ignore cleanup failures: false
2022-03-21 23:45:12,245 INFO  [LocalJobRunner Map Task Executor #0] mapred.Task (Task.java:initialize(626)) -  Using ResourceCalculatorProcessTree : [ ]
2022-03-21 23:45:12,245 INFO  [LocalJobRunner Map Task Executor #0] mapred.MapTask (MapTask.java:runNewMapper(768)) - Processing split: file:/home/ard5625/project3/intermediate3/part-r-00000:0+249
2022-03-21 23:45:12,253 INFO  [LocalJobRunner Map Task Executor #0] mapred.MapTask (MapTask.java:setEquator(1219)) - (EQUATOR) 0 kvi 26214396(104857584)
2022-03-21 23:45:12,253 INFO  [LocalJobRunner Map Task Executor #0] mapred.MapTask (MapTask.java:init(1012)) - mapreduce.task.io.sort.mb: 100
2022-03-21 23:45:12,253 INFO  [LocalJobRunner Map Task Executor #0] mapred.MapTask (MapTask.java:init(1013)) - soft limit at 83886080
2022-03-21 23:45:12,253 INFO  [LocalJobRunner Map Task Executor #0] mapred.MapTask (MapTask.java:init(1014)) - bufstart = 0; bufvoid = 104857600
2022-03-21 23:45:12,253 INFO  [LocalJobRunner Map Task Executor #0] mapred.MapTask (MapTask.java:init(1015)) - kvstart = 26214396; length = 6553600
2022-03-21 23:45:12,254 INFO  [LocalJobRunner Map Task Executor #0] mapred.MapTask (MapTask.java:createSortingCollector(409)) - Map output collector class = org.apache.hadoop.mapred.MapTask$MapOutputBuffer
2022-03-21 23:45:12,256 INFO  [LocalJobRunner Map Task Executor #0] mapred.LocalJobRunner (LocalJobRunner.java:statusUpdate(634)) - 
2022-03-21 23:45:12,257 INFO  [LocalJobRunner Map Task Executor #0] mapred.MapTask (MapTask.java:flush(1476)) - Starting flush of map output
2022-03-21 23:45:12,257 INFO  [LocalJobRunner Map Task Executor #0] mapred.MapTask (MapTask.java:flush(1498)) - Spilling map output
2022-03-21 23:45:12,257 INFO  [LocalJobRunner Map Task Executor #0] mapred.MapTask (MapTask.java:flush(1499)) - bufstart = 0; bufend = 199; bufvoid = 104857600
2022-03-21 23:45:12,257 INFO  [LocalJobRunner Map Task Executor #0] mapred.MapTask (MapTask.java:flush(1501)) - kvstart = 26214396(104857584); kvend = 26214340(104857360); length = 57/6553600
2022-03-21 23:45:12,258 INFO  [LocalJobRunner Map Task Executor #0] mapred.MapTask (MapTask.java:sortAndSpill(1696)) - Finished spill 0
2022-03-21 23:45:12,258 INFO  [LocalJobRunner Map Task Executor #0] mapred.Task (Task.java:done(1244)) - Task:attempt_local2075474_0005_m_000000_0 is done. And is in the process of committing
2022-03-21 23:45:12,259 INFO  [LocalJobRunner Map Task Executor #0] mapred.LocalJobRunner (LocalJobRunner.java:statusUpdate(634)) - map
2022-03-21 23:45:12,259 INFO  [LocalJobRunner Map Task Executor #0] mapred.Task (Task.java:sendDone(1380)) - Task 'attempt_local2075474_0005_m_000000_0' done.
2022-03-21 23:45:12,260 INFO  [LocalJobRunner Map Task Executor #0] mapred.Task (Task.java:done(1276)) - Final Counters for attempt_local2075474_0005_m_000000_0: Counters: 17
	File System Counters
		FILE: Number of bytes read=39884
		FILE: Number of bytes written=2752172
		FILE: Number of read operations=0
		FILE: Number of large read operations=0
		FILE: Number of write operations=0
	Map-Reduce Framework
		Map input records=7
		Map output records=15
		Map output bytes=199
		Map output materialized bytes=235
		Input split bytes=119
		Combine input records=0
		Spilled Records=15
		Failed Shuffles=0
		Merged Map outputs=0
		GC time elapsed (ms)=0
		Total committed heap usage (bytes)=2147483648
	File Input Format Counters 
		Bytes Read=261
2022-03-21 23:45:12,260 INFO  [LocalJobRunner Map Task Executor #0] mapred.LocalJobRunner (LocalJobRunner.java:run(277)) - Finishing task: attempt_local2075474_0005_m_000000_0
2022-03-21 23:45:12,260 INFO  [Thread-34] mapred.LocalJobRunner (LocalJobRunner.java:runTasks(486)) - map task executor complete.
2022-03-21 23:45:12,261 INFO  [Thread-34] mapred.LocalJobRunner (LocalJobRunner.java:runTasks(478)) - Waiting for reduce tasks
2022-03-21 23:45:12,261 INFO  [pool-18-thread-1] mapred.LocalJobRunner (LocalJobRunner.java:run(330)) - Starting task: attempt_local2075474_0005_r_000000_0
2022-03-21 23:45:12,262 INFO  [pool-18-thread-1] output.FileOutputCommitter (FileOutputCommitter.java:<init>(141)) - File Output Committer Algorithm version is 2
2022-03-21 23:45:12,262 INFO  [pool-18-thread-1] output.FileOutputCommitter (FileOutputCommitter.java:<init>(156)) - FileOutputCommitter skip cleanup _temporary folders under output directory:false, ignore cleanup failures: false
2022-03-21 23:45:12,262 INFO  [pool-18-thread-1] mapred.Task (Task.java:initialize(626)) -  Using ResourceCalculatorProcessTree : [ ]
2022-03-21 23:45:12,262 INFO  [pool-18-thread-1] mapred.ReduceTask (ReduceTask.java:run(363)) - Using ShuffleConsumerPlugin: org.apache.hadoop.mapreduce.task.reduce.Shuffle@7cfee56f
2022-03-21 23:45:12,262 WARN  [pool-18-thread-1] impl.MetricsSystemImpl (MetricsSystemImpl.java:init(151)) - JobTracker metrics system already initialized!
2022-03-21 23:45:12,263 INFO  [pool-18-thread-1] reduce.MergeManagerImpl (MergeManagerImpl.java:<init>(198)) - The max number of bytes for a single in-memory shuffle cannot be larger than Integer.MAX_VALUE. Setting it to Integer.MAX_VALUE
2022-03-21 23:45:12,263 INFO  [pool-18-thread-1] reduce.MergeManagerImpl (MergeManagerImpl.java:<init>(208)) - MergerManager: memoryLimit=22525089792, maxSingleShuffleLimit=2147483647, mergeThreshold=14866560000, ioSortFactor=10, memToMemMergeOutputsThreshold=10
2022-03-21 23:45:12,263 INFO  [EventFetcher for fetching Map Completion Events] reduce.EventFetcher (EventFetcher.java:run(61)) - attempt_local2075474_0005_r_000000_0 Thread started: EventFetcher for fetching Map Completion Events
2022-03-21 23:45:12,265 INFO  [localfetcher#5] reduce.LocalFetcher (LocalFetcher.java:copyMapOutput(145)) - localfetcher#5 about to shuffle output of map attempt_local2075474_0005_m_000000_0 decomp: 231 len: 235 to MEMORY
2022-03-21 23:45:12,265 INFO  [localfetcher#5] reduce.InMemoryMapOutput (InMemoryMapOutput.java:doShuffle(94)) - Read 231 bytes from map-output for attempt_local2075474_0005_m_000000_0
2022-03-21 23:45:12,265 INFO  [localfetcher#5] reduce.MergeManagerImpl (MergeManagerImpl.java:closeInMemoryFile(323)) - closeInMemoryFile -> map-output of size: 231, inMemoryMapOutputs.size() -> 1, commitMemory -> 0, usedMemory ->231
2022-03-21 23:45:12,265 INFO  [EventFetcher for fetching Map Completion Events] reduce.EventFetcher (EventFetcher.java:run(76)) - EventFetcher is interrupted.. Returning
2022-03-21 23:45:12,266 INFO  [pool-18-thread-1] mapred.LocalJobRunner (LocalJobRunner.java:statusUpdate(634)) - 1 / 1 copied.
2022-03-21 23:45:12,266 INFO  [pool-18-thread-1] reduce.MergeManagerImpl (MergeManagerImpl.java:finalMerge(695)) - finalMerge called with 1 in-memory map-outputs and 0 on-disk map-outputs
2022-03-21 23:45:12,267 INFO  [pool-18-thread-1] mapred.Merger (Merger.java:merge(606)) - Merging 1 sorted segments
2022-03-21 23:45:12,267 INFO  [pool-18-thread-1] mapred.Merger (Merger.java:merge(705)) - Down to the last merge-pass, with 1 segments left of total size: 225 bytes
2022-03-21 23:45:12,267 INFO  [pool-18-thread-1] reduce.MergeManagerImpl (MergeManagerImpl.java:finalMerge(762)) - Merged 1 segments, 231 bytes to disk to satisfy reduce memory limit
2022-03-21 23:45:12,267 INFO  [pool-18-thread-1] reduce.MergeManagerImpl (MergeManagerImpl.java:finalMerge(792)) - Merging 1 files, 235 bytes from disk
2022-03-21 23:45:12,268 INFO  [pool-18-thread-1] reduce.MergeManagerImpl (MergeManagerImpl.java:finalMerge(807)) - Merging 0 segments, 0 bytes from memory into reduce
2022-03-21 23:45:12,268 INFO  [pool-18-thread-1] mapred.Merger (Merger.java:merge(606)) - Merging 1 sorted segments
2022-03-21 23:45:12,268 INFO  [pool-18-thread-1] mapred.Merger (Merger.java:merge(705)) - Down to the last merge-pass, with 1 segments left of total size: 225 bytes
2022-03-21 23:45:12,268 INFO  [pool-18-thread-1] mapred.LocalJobRunner (LocalJobRunner.java:statusUpdate(634)) - 1 / 1 copied.
2022-03-21 23:45:12,381 INFO  [pool-18-thread-1] mapred.Task (Task.java:done(1244)) - Task:attempt_local2075474_0005_r_000000_0 is done. And is in the process of committing
2022-03-21 23:45:12,381 INFO  [pool-18-thread-1] mapred.LocalJobRunner (LocalJobRunner.java:statusUpdate(634)) - 1 / 1 copied.
2022-03-21 23:45:12,381 INFO  [pool-18-thread-1] mapred.Task (Task.java:commit(1421)) - Task attempt_local2075474_0005_r_000000_0 is allowed to commit now
2022-03-21 23:45:12,425 INFO  [pool-18-thread-1] output.FileOutputCommitter (FileOutputCommitter.java:commitTask(606)) - Saved output of task 'attempt_local2075474_0005_r_000000_0' to file:/home/ard5625/project3/intermediate4
2022-03-21 23:45:12,425 INFO  [pool-18-thread-1] mapred.LocalJobRunner (LocalJobRunner.java:statusUpdate(634)) - reduce > reduce
2022-03-21 23:45:12,425 INFO  [pool-18-thread-1] mapred.Task (Task.java:sendDone(1380)) - Task 'attempt_local2075474_0005_r_000000_0' done.
2022-03-21 23:45:12,426 INFO  [pool-18-thread-1] mapred.Task (Task.java:done(1276)) - Final Counters for attempt_local2075474_0005_r_000000_0: Counters: 24
	File System Counters
		FILE: Number of bytes read=40386
		FILE: Number of bytes written=2752668
		FILE: Number of read operations=0
		FILE: Number of large read operations=0
		FILE: Number of write operations=0
	Map-Reduce Framework
		Combine input records=0
		Combine output records=0
		Reduce input groups=7
		Reduce shuffle bytes=235
		Reduce input records=15
		Reduce output records=7
		Spilled Records=15
		Shuffled Maps =1
		Failed Shuffles=0
		Merged Map outputs=1
		GC time elapsed (ms)=0
		Total committed heap usage (bytes)=2147483648
	Shuffle Errors
		BAD_ID=0
		CONNECTION=0
		IO_ERROR=0
		WRONG_LENGTH=0
		WRONG_MAP=0
		WRONG_REDUCE=0
	File Output Format Counters 
		Bytes Written=261
2022-03-21 23:45:12,426 INFO  [pool-18-thread-1] mapred.LocalJobRunner (LocalJobRunner.java:run(353)) - Finishing task: attempt_local2075474_0005_r_000000_0
2022-03-21 23:45:12,426 INFO  [Thread-34] mapred.LocalJobRunner (LocalJobRunner.java:runTasks(486)) - reduce task executor complete.
2022-03-21 23:45:13,165 INFO  [main] mapreduce.Job (Job.java:monitorAndPrintJob(1635)) - Job job_local2075474_0005 running in uber mode : false
2022-03-21 23:45:13,166 INFO  [main] mapreduce.Job (Job.java:monitorAndPrintJob(1642)) -  map 100% reduce 100%
2022-03-21 23:45:13,166 INFO  [main] mapreduce.Job (Job.java:monitorAndPrintJob(1653)) - Job job_local2075474_0005 completed successfully
2022-03-21 23:45:13,169 INFO  [main] mapreduce.Job (Job.java:monitorAndPrintJob(1660)) - Counters: 30
	File System Counters
		FILE: Number of bytes read=80270
		FILE: Number of bytes written=5504840
		FILE: Number of read operations=0
		FILE: Number of large read operations=0
		FILE: Number of write operations=0
	Map-Reduce Framework
		Map input records=7
		Map output records=15
		Map output bytes=199
		Map output materialized bytes=235
		Input split bytes=119
		Combine input records=0
		Combine output records=0
		Reduce input groups=7
		Reduce shuffle bytes=235
		Reduce input records=15
		Reduce output records=7
		Spilled Records=30
		Shuffled Maps =1
		Failed Shuffles=0
		Merged Map outputs=1
		GC time elapsed (ms)=0
		Total committed heap usage (bytes)=4294967296
	Shuffle Errors
		BAD_ID=0
		CONNECTION=0
		IO_ERROR=0
		WRONG_LENGTH=0
		WRONG_MAP=0
		WRONG_REDUCE=0
	File Input Format Counters 
		Bytes Read=261
	File Output Format Counters 
		Bytes Written=261
2022-03-21 23:45:13,178 WARN  [main] impl.MetricsSystemImpl (MetricsSystemImpl.java:init(151)) - JobTracker metrics system already initialized!
2022-03-21 23:45:13,180 WARN  [main] mapreduce.JobResourceUploader (JobResourceUploader.java:uploadResourcesInternal(149)) - Hadoop command-line option parsing not performed. Implement the Tool interface and execute your application with ToolRunner to remedy this.
2022-03-21 23:45:13,182 INFO  [main] input.FileInputFormat (FileInputFormat.java:listStatus(292)) - Total input files to process : 1
2022-03-21 23:45:13,183 INFO  [main] mapreduce.JobSubmitter (JobSubmitter.java:submitJobInternal(202)) - number of splits:1
2022-03-21 23:45:13,190 INFO  [main] mapreduce.JobSubmitter (JobSubmitter.java:printTokens(298)) - Submitting tokens for job: job_local304727588_0006
2022-03-21 23:45:13,190 INFO  [main] mapreduce.JobSubmitter (JobSubmitter.java:printTokens(299)) - Executing with tokens: []
2022-03-21 23:45:13,233 INFO  [main] mapreduce.Job (Job.java:submit(1569)) - The url to track the job: http://localhost:8080/
2022-03-21 23:45:13,234 INFO  [main] mapreduce.Job (Job.java:monitorAndPrintJob(1614)) - Running job: job_local304727588_0006
2022-03-21 23:45:13,234 INFO  [Thread-41] mapred.LocalJobRunner (LocalJobRunner.java:createOutputCommitter(501)) - OutputCommitter set in config null
2022-03-21 23:45:13,236 INFO  [Thread-41] output.FileOutputCommitter (FileOutputCommitter.java:<init>(141)) - File Output Committer Algorithm version is 2
2022-03-21 23:45:13,236 INFO  [Thread-41] output.FileOutputCommitter (FileOutputCommitter.java:<init>(156)) - FileOutputCommitter skip cleanup _temporary folders under output directory:false, ignore cleanup failures: false
2022-03-21 23:45:13,237 INFO  [Thread-41] mapred.LocalJobRunner (LocalJobRunner.java:createOutputCommitter(519)) - OutputCommitter is org.apache.hadoop.mapreduce.lib.output.FileOutputCommitter
2022-03-21 23:45:13,282 INFO  [Thread-41] mapred.LocalJobRunner (LocalJobRunner.java:runTasks(478)) - Waiting for map tasks
2022-03-21 23:45:13,282 INFO  [LocalJobRunner Map Task Executor #0] mapred.LocalJobRunner (LocalJobRunner.java:run(252)) - Starting task: attempt_local304727588_0006_m_000000_0
2022-03-21 23:45:13,285 INFO  [LocalJobRunner Map Task Executor #0] output.FileOutputCommitter (FileOutputCommitter.java:<init>(141)) - File Output Committer Algorithm version is 2
2022-03-21 23:45:13,285 INFO  [LocalJobRunner Map Task Executor #0] output.FileOutputCommitter (FileOutputCommitter.java:<init>(156)) - FileOutputCommitter skip cleanup _temporary folders under output directory:false, ignore cleanup failures: false
2022-03-21 23:45:13,285 INFO  [LocalJobRunner Map Task Executor #0] mapred.Task (Task.java:initialize(626)) -  Using ResourceCalculatorProcessTree : [ ]
2022-03-21 23:45:13,286 INFO  [LocalJobRunner Map Task Executor #0] mapred.MapTask (MapTask.java:runNewMapper(768)) - Processing split: file:/home/ard5625/project3/intermediate4/part-r-00000:0+249
2022-03-21 23:45:13,294 INFO  [LocalJobRunner Map Task Executor #0] mapred.MapTask (MapTask.java:setEquator(1219)) - (EQUATOR) 0 kvi 26214396(104857584)
2022-03-21 23:45:13,294 INFO  [LocalJobRunner Map Task Executor #0] mapred.MapTask (MapTask.java:init(1012)) - mapreduce.task.io.sort.mb: 100
2022-03-21 23:45:13,294 INFO  [LocalJobRunner Map Task Executor #0] mapred.MapTask (MapTask.java:init(1013)) - soft limit at 83886080
2022-03-21 23:45:13,294 INFO  [LocalJobRunner Map Task Executor #0] mapred.MapTask (MapTask.java:init(1014)) - bufstart = 0; bufvoid = 104857600
2022-03-21 23:45:13,294 INFO  [LocalJobRunner Map Task Executor #0] mapred.MapTask (MapTask.java:init(1015)) - kvstart = 26214396; length = 6553600
2022-03-21 23:45:13,295 INFO  [LocalJobRunner Map Task Executor #0] mapred.MapTask (MapTask.java:createSortingCollector(409)) - Map output collector class = org.apache.hadoop.mapred.MapTask$MapOutputBuffer
2022-03-21 23:45:13,297 INFO  [LocalJobRunner Map Task Executor #0] mapred.LocalJobRunner (LocalJobRunner.java:statusUpdate(634)) - 
2022-03-21 23:45:13,297 INFO  [LocalJobRunner Map Task Executor #0] mapred.MapTask (MapTask.java:flush(1476)) - Starting flush of map output
2022-03-21 23:45:13,297 INFO  [LocalJobRunner Map Task Executor #0] mapred.MapTask (MapTask.java:flush(1498)) - Spilling map output
2022-03-21 23:45:13,297 INFO  [LocalJobRunner Map Task Executor #0] mapred.MapTask (MapTask.java:flush(1499)) - bufstart = 0; bufend = 199; bufvoid = 104857600
2022-03-21 23:45:13,297 INFO  [LocalJobRunner Map Task Executor #0] mapred.MapTask (MapTask.java:flush(1501)) - kvstart = 26214396(104857584); kvend = 26214340(104857360); length = 57/6553600
2022-03-21 23:45:13,298 INFO  [LocalJobRunner Map Task Executor #0] mapred.MapTask (MapTask.java:sortAndSpill(1696)) - Finished spill 0
2022-03-21 23:45:13,299 INFO  [LocalJobRunner Map Task Executor #0] mapred.Task (Task.java:done(1244)) - Task:attempt_local304727588_0006_m_000000_0 is done. And is in the process of committing
2022-03-21 23:45:13,300 INFO  [LocalJobRunner Map Task Executor #0] mapred.LocalJobRunner (LocalJobRunner.java:statusUpdate(634)) - map
2022-03-21 23:45:13,300 INFO  [LocalJobRunner Map Task Executor #0] mapred.Task (Task.java:sendDone(1380)) - Task 'attempt_local304727588_0006_m_000000_0' done.
2022-03-21 23:45:13,300 INFO  [LocalJobRunner Map Task Executor #0] mapred.Task (Task.java:done(1276)) - Final Counters for attempt_local304727588_0006_m_000000_0: Counters: 17
	File System Counters
		FILE: Number of bytes read=48130
		FILE: Number of bytes written=3302823
		FILE: Number of read operations=0
		FILE: Number of large read operations=0
		FILE: Number of write operations=0
	Map-Reduce Framework
		Map input records=7
		Map output records=15
		Map output bytes=199
		Map output materialized bytes=235
		Input split bytes=119
		Combine input records=0
		Spilled Records=15
		Failed Shuffles=0
		Merged Map outputs=0
		GC time elapsed (ms)=0
		Total committed heap usage (bytes)=2147483648
	File Input Format Counters 
		Bytes Read=261
2022-03-21 23:45:13,300 INFO  [LocalJobRunner Map Task Executor #0] mapred.LocalJobRunner (LocalJobRunner.java:run(277)) - Finishing task: attempt_local304727588_0006_m_000000_0
2022-03-21 23:45:13,300 INFO  [Thread-41] mapred.LocalJobRunner (LocalJobRunner.java:runTasks(486)) - map task executor complete.
2022-03-21 23:45:13,301 INFO  [Thread-41] mapred.LocalJobRunner (LocalJobRunner.java:runTasks(478)) - Waiting for reduce tasks
2022-03-21 23:45:13,301 INFO  [pool-21-thread-1] mapred.LocalJobRunner (LocalJobRunner.java:run(330)) - Starting task: attempt_local304727588_0006_r_000000_0
2022-03-21 23:45:13,302 INFO  [pool-21-thread-1] output.FileOutputCommitter (FileOutputCommitter.java:<init>(141)) - File Output Committer Algorithm version is 2
2022-03-21 23:45:13,303 INFO  [pool-21-thread-1] output.FileOutputCommitter (FileOutputCommitter.java:<init>(156)) - FileOutputCommitter skip cleanup _temporary folders under output directory:false, ignore cleanup failures: false
2022-03-21 23:45:13,303 INFO  [pool-21-thread-1] mapred.Task (Task.java:initialize(626)) -  Using ResourceCalculatorProcessTree : [ ]
2022-03-21 23:45:13,303 INFO  [pool-21-thread-1] mapred.ReduceTask (ReduceTask.java:run(363)) - Using ShuffleConsumerPlugin: org.apache.hadoop.mapreduce.task.reduce.Shuffle@7decc5e4
2022-03-21 23:45:13,303 WARN  [pool-21-thread-1] impl.MetricsSystemImpl (MetricsSystemImpl.java:init(151)) - JobTracker metrics system already initialized!
2022-03-21 23:45:13,306 INFO  [pool-21-thread-1] reduce.MergeManagerImpl (MergeManagerImpl.java:<init>(198)) - The max number of bytes for a single in-memory shuffle cannot be larger than Integer.MAX_VALUE. Setting it to Integer.MAX_VALUE
2022-03-21 23:45:13,306 INFO  [pool-21-thread-1] reduce.MergeManagerImpl (MergeManagerImpl.java:<init>(208)) - MergerManager: memoryLimit=22525089792, maxSingleShuffleLimit=2147483647, mergeThreshold=14866560000, ioSortFactor=10, memToMemMergeOutputsThreshold=10
2022-03-21 23:45:13,306 INFO  [EventFetcher for fetching Map Completion Events] reduce.EventFetcher (EventFetcher.java:run(61)) - attempt_local304727588_0006_r_000000_0 Thread started: EventFetcher for fetching Map Completion Events
2022-03-21 23:45:13,307 INFO  [localfetcher#6] reduce.LocalFetcher (LocalFetcher.java:copyMapOutput(145)) - localfetcher#6 about to shuffle output of map attempt_local304727588_0006_m_000000_0 decomp: 231 len: 235 to MEMORY
2022-03-21 23:45:13,308 INFO  [localfetcher#6] reduce.InMemoryMapOutput (InMemoryMapOutput.java:doShuffle(94)) - Read 231 bytes from map-output for attempt_local304727588_0006_m_000000_0
2022-03-21 23:45:13,308 INFO  [localfetcher#6] reduce.MergeManagerImpl (MergeManagerImpl.java:closeInMemoryFile(323)) - closeInMemoryFile -> map-output of size: 231, inMemoryMapOutputs.size() -> 1, commitMemory -> 0, usedMemory ->231
2022-03-21 23:45:13,308 INFO  [EventFetcher for fetching Map Completion Events] reduce.EventFetcher (EventFetcher.java:run(76)) - EventFetcher is interrupted.. Returning
2022-03-21 23:45:13,309 INFO  [pool-21-thread-1] mapred.LocalJobRunner (LocalJobRunner.java:statusUpdate(634)) - 1 / 1 copied.
2022-03-21 23:45:13,309 INFO  [pool-21-thread-1] reduce.MergeManagerImpl (MergeManagerImpl.java:finalMerge(695)) - finalMerge called with 1 in-memory map-outputs and 0 on-disk map-outputs
2022-03-21 23:45:13,310 INFO  [pool-21-thread-1] mapred.Merger (Merger.java:merge(606)) - Merging 1 sorted segments
2022-03-21 23:45:13,310 INFO  [pool-21-thread-1] mapred.Merger (Merger.java:merge(705)) - Down to the last merge-pass, with 1 segments left of total size: 225 bytes
2022-03-21 23:45:13,310 INFO  [pool-21-thread-1] reduce.MergeManagerImpl (MergeManagerImpl.java:finalMerge(762)) - Merged 1 segments, 231 bytes to disk to satisfy reduce memory limit
2022-03-21 23:45:13,311 INFO  [pool-21-thread-1] reduce.MergeManagerImpl (MergeManagerImpl.java:finalMerge(792)) - Merging 1 files, 235 bytes from disk
2022-03-21 23:45:13,311 INFO  [pool-21-thread-1] reduce.MergeManagerImpl (MergeManagerImpl.java:finalMerge(807)) - Merging 0 segments, 0 bytes from memory into reduce
2022-03-21 23:45:13,311 INFO  [pool-21-thread-1] mapred.Merger (Merger.java:merge(606)) - Merging 1 sorted segments
2022-03-21 23:45:13,311 INFO  [pool-21-thread-1] mapred.Merger (Merger.java:merge(705)) - Down to the last merge-pass, with 1 segments left of total size: 225 bytes
2022-03-21 23:45:13,311 INFO  [pool-21-thread-1] mapred.LocalJobRunner (LocalJobRunner.java:statusUpdate(634)) - 1 / 1 copied.
2022-03-21 23:45:13,392 INFO  [pool-21-thread-1] mapred.Task (Task.java:done(1244)) - Task:attempt_local304727588_0006_r_000000_0 is done. And is in the process of committing
2022-03-21 23:45:13,393 INFO  [pool-21-thread-1] mapred.LocalJobRunner (LocalJobRunner.java:statusUpdate(634)) - 1 / 1 copied.
2022-03-21 23:45:13,393 INFO  [pool-21-thread-1] mapred.Task (Task.java:commit(1421)) - Task attempt_local304727588_0006_r_000000_0 is allowed to commit now
2022-03-21 23:45:13,448 INFO  [pool-21-thread-1] output.FileOutputCommitter (FileOutputCommitter.java:commitTask(606)) - Saved output of task 'attempt_local304727588_0006_r_000000_0' to file:/home/ard5625/project3/intermediate5
2022-03-21 23:45:13,448 INFO  [pool-21-thread-1] mapred.LocalJobRunner (LocalJobRunner.java:statusUpdate(634)) - reduce > reduce
2022-03-21 23:45:13,448 INFO  [pool-21-thread-1] mapred.Task (Task.java:sendDone(1380)) - Task 'attempt_local304727588_0006_r_000000_0' done.
2022-03-21 23:45:13,448 INFO  [pool-21-thread-1] mapred.Task (Task.java:done(1276)) - Final Counters for attempt_local304727588_0006_r_000000_0: Counters: 24
	File System Counters
		FILE: Number of bytes read=48632
		FILE: Number of bytes written=3303319
		FILE: Number of read operations=0
		FILE: Number of large read operations=0
		FILE: Number of write operations=0
	Map-Reduce Framework
		Combine input records=0
		Combine output records=0
		Reduce input groups=7
		Reduce shuffle bytes=235
		Reduce input records=15
		Reduce output records=7
		Spilled Records=15
		Shuffled Maps =1
		Failed Shuffles=0
		Merged Map outputs=1
		GC time elapsed (ms)=0
		Total committed heap usage (bytes)=2147483648
	Shuffle Errors
		BAD_ID=0
		CONNECTION=0
		IO_ERROR=0
		WRONG_LENGTH=0
		WRONG_MAP=0
		WRONG_REDUCE=0
	File Output Format Counters 
		Bytes Written=261
2022-03-21 23:45:13,448 INFO  [pool-21-thread-1] mapred.LocalJobRunner (LocalJobRunner.java:run(353)) - Finishing task: attempt_local304727588_0006_r_000000_0
2022-03-21 23:45:13,449 INFO  [Thread-41] mapred.LocalJobRunner (LocalJobRunner.java:runTasks(486)) - reduce task executor complete.
2022-03-21 23:45:14,235 INFO  [main] mapreduce.Job (Job.java:monitorAndPrintJob(1635)) - Job job_local304727588_0006 running in uber mode : false
2022-03-21 23:45:14,235 INFO  [main] mapreduce.Job (Job.java:monitorAndPrintJob(1642)) -  map 100% reduce 100%
2022-03-21 23:45:14,236 INFO  [main] mapreduce.Job (Job.java:monitorAndPrintJob(1653)) - Job job_local304727588_0006 completed successfully
2022-03-21 23:45:14,238 INFO  [main] mapreduce.Job (Job.java:monitorAndPrintJob(1660)) - Counters: 30
	File System Counters
		FILE: Number of bytes read=96762
		FILE: Number of bytes written=6606142
		FILE: Number of read operations=0
		FILE: Number of large read operations=0
		FILE: Number of write operations=0
	Map-Reduce Framework
		Map input records=7
		Map output records=15
		Map output bytes=199
		Map output materialized bytes=235
		Input split bytes=119
		Combine input records=0
		Combine output records=0
		Reduce input groups=7
		Reduce shuffle bytes=235
		Reduce input records=15
		Reduce output records=7
		Spilled Records=30
		Shuffled Maps =1
		Failed Shuffles=0
		Merged Map outputs=1
		GC time elapsed (ms)=0
		Total committed heap usage (bytes)=4294967296
	Shuffle Errors
		BAD_ID=0
		CONNECTION=0
		IO_ERROR=0
		WRONG_LENGTH=0
		WRONG_MAP=0
		WRONG_REDUCE=0
	File Input Format Counters 
		Bytes Read=261
	File Output Format Counters 
		Bytes Written=261
2022-03-21 23:45:14,248 WARN  [main] impl.MetricsSystemImpl (MetricsSystemImpl.java:init(151)) - JobTracker metrics system already initialized!
2022-03-21 23:45:14,250 WARN  [main] mapreduce.JobResourceUploader (JobResourceUploader.java:uploadResourcesInternal(149)) - Hadoop command-line option parsing not performed. Implement the Tool interface and execute your application with ToolRunner to remedy this.
2022-03-21 23:45:14,252 INFO  [main] input.FileInputFormat (FileInputFormat.java:listStatus(292)) - Total input files to process : 1
2022-03-21 23:45:14,253 INFO  [main] mapreduce.JobSubmitter (JobSubmitter.java:submitJobInternal(202)) - number of splits:1
2022-03-21 23:45:14,259 INFO  [main] mapreduce.JobSubmitter (JobSubmitter.java:printTokens(298)) - Submitting tokens for job: job_local1878502458_0007
2022-03-21 23:45:14,259 INFO  [main] mapreduce.JobSubmitter (JobSubmitter.java:printTokens(299)) - Executing with tokens: []
2022-03-21 23:45:14,297 INFO  [main] mapreduce.Job (Job.java:submit(1569)) - The url to track the job: http://localhost:8080/
2022-03-21 23:45:14,297 INFO  [main] mapreduce.Job (Job.java:monitorAndPrintJob(1614)) - Running job: job_local1878502458_0007
2022-03-21 23:45:14,297 INFO  [Thread-48] mapred.LocalJobRunner (LocalJobRunner.java:createOutputCommitter(501)) - OutputCommitter set in config null
2022-03-21 23:45:14,297 INFO  [Thread-48] output.FileOutputCommitter (FileOutputCommitter.java:<init>(141)) - File Output Committer Algorithm version is 2
2022-03-21 23:45:14,298 INFO  [Thread-48] output.FileOutputCommitter (FileOutputCommitter.java:<init>(156)) - FileOutputCommitter skip cleanup _temporary folders under output directory:false, ignore cleanup failures: false
2022-03-21 23:45:14,298 INFO  [Thread-48] mapred.LocalJobRunner (LocalJobRunner.java:createOutputCommitter(519)) - OutputCommitter is org.apache.hadoop.mapreduce.lib.output.FileOutputCommitter
2022-03-21 23:45:14,370 INFO  [Thread-48] mapred.LocalJobRunner (LocalJobRunner.java:runTasks(478)) - Waiting for map tasks
2022-03-21 23:45:14,371 INFO  [LocalJobRunner Map Task Executor #0] mapred.LocalJobRunner (LocalJobRunner.java:run(252)) - Starting task: attempt_local1878502458_0007_m_000000_0
2022-03-21 23:45:14,374 INFO  [LocalJobRunner Map Task Executor #0] output.FileOutputCommitter (FileOutputCommitter.java:<init>(141)) - File Output Committer Algorithm version is 2
2022-03-21 23:45:14,374 INFO  [LocalJobRunner Map Task Executor #0] output.FileOutputCommitter (FileOutputCommitter.java:<init>(156)) - FileOutputCommitter skip cleanup _temporary folders under output directory:false, ignore cleanup failures: false
2022-03-21 23:45:14,375 INFO  [LocalJobRunner Map Task Executor #0] mapred.Task (Task.java:initialize(626)) -  Using ResourceCalculatorProcessTree : [ ]
2022-03-21 23:45:14,376 INFO  [LocalJobRunner Map Task Executor #0] mapred.MapTask (MapTask.java:runNewMapper(768)) - Processing split: file:/home/ard5625/project3/intermediate5/part-r-00000:0+249
2022-03-21 23:45:14,385 INFO  [LocalJobRunner Map Task Executor #0] mapred.MapTask (MapTask.java:setEquator(1219)) - (EQUATOR) 0 kvi 26214396(104857584)
2022-03-21 23:45:14,386 INFO  [LocalJobRunner Map Task Executor #0] mapred.MapTask (MapTask.java:init(1012)) - mapreduce.task.io.sort.mb: 100
2022-03-21 23:45:14,386 INFO  [LocalJobRunner Map Task Executor #0] mapred.MapTask (MapTask.java:init(1013)) - soft limit at 83886080
2022-03-21 23:45:14,386 INFO  [LocalJobRunner Map Task Executor #0] mapred.MapTask (MapTask.java:init(1014)) - bufstart = 0; bufvoid = 104857600
2022-03-21 23:45:14,386 INFO  [LocalJobRunner Map Task Executor #0] mapred.MapTask (MapTask.java:init(1015)) - kvstart = 26214396; length = 6553600
2022-03-21 23:45:14,386 INFO  [LocalJobRunner Map Task Executor #0] mapred.MapTask (MapTask.java:createSortingCollector(409)) - Map output collector class = org.apache.hadoop.mapred.MapTask$MapOutputBuffer
2022-03-21 23:45:14,388 INFO  [LocalJobRunner Map Task Executor #0] mapred.LocalJobRunner (LocalJobRunner.java:statusUpdate(634)) - 
2022-03-21 23:45:14,389 INFO  [LocalJobRunner Map Task Executor #0] mapred.MapTask (MapTask.java:flush(1476)) - Starting flush of map output
2022-03-21 23:45:14,389 INFO  [LocalJobRunner Map Task Executor #0] mapred.MapTask (MapTask.java:flush(1498)) - Spilling map output
2022-03-21 23:45:14,389 INFO  [LocalJobRunner Map Task Executor #0] mapred.MapTask (MapTask.java:flush(1499)) - bufstart = 0; bufend = 48; bufvoid = 104857600
2022-03-21 23:45:14,389 INFO  [LocalJobRunner Map Task Executor #0] mapred.MapTask (MapTask.java:flush(1501)) - kvstart = 26214396(104857584); kvend = 26214376(104857504); length = 21/6553600
2022-03-21 23:45:14,390 INFO  [LocalJobRunner Map Task Executor #0] mapred.MapTask (MapTask.java:sortAndSpill(1696)) - Finished spill 0
2022-03-21 23:45:14,391 INFO  [LocalJobRunner Map Task Executor #0] mapred.Task (Task.java:done(1244)) - Task:attempt_local1878502458_0007_m_000000_0 is done. And is in the process of committing
2022-03-21 23:45:14,392 INFO  [LocalJobRunner Map Task Executor #0] mapred.LocalJobRunner (LocalJobRunner.java:statusUpdate(634)) - map
2022-03-21 23:45:14,392 INFO  [LocalJobRunner Map Task Executor #0] mapred.Task (Task.java:sendDone(1380)) - Task 'attempt_local1878502458_0007_m_000000_0' done.
2022-03-21 23:45:14,392 INFO  [LocalJobRunner Map Task Executor #0] mapred.Task (Task.java:done(1276)) - Final Counters for attempt_local1878502458_0007_m_000000_0: Counters: 17
	File System Counters
		FILE: Number of bytes read=56376
		FILE: Number of bytes written=3855599
		FILE: Number of read operations=0
		FILE: Number of large read operations=0
		FILE: Number of write operations=0
	Map-Reduce Framework
		Map input records=7
		Map output records=6
		Map output bytes=48
		Map output materialized bytes=66
		Input split bytes=119
		Combine input records=0
		Spilled Records=6
		Failed Shuffles=0
		Merged Map outputs=0
		GC time elapsed (ms)=0
		Total committed heap usage (bytes)=2147483648
	File Input Format Counters 
		Bytes Read=261
2022-03-21 23:45:14,392 INFO  [LocalJobRunner Map Task Executor #0] mapred.LocalJobRunner (LocalJobRunner.java:run(277)) - Finishing task: attempt_local1878502458_0007_m_000000_0
2022-03-21 23:45:14,393 INFO  [Thread-48] mapred.LocalJobRunner (LocalJobRunner.java:runTasks(486)) - map task executor complete.
2022-03-21 23:45:14,394 INFO  [Thread-48] mapred.LocalJobRunner (LocalJobRunner.java:runTasks(478)) - Waiting for reduce tasks
2022-03-21 23:45:14,394 INFO  [pool-24-thread-1] mapred.LocalJobRunner (LocalJobRunner.java:run(330)) - Starting task: attempt_local1878502458_0007_r_000000_0
2022-03-21 23:45:14,395 INFO  [pool-24-thread-1] output.FileOutputCommitter (FileOutputCommitter.java:<init>(141)) - File Output Committer Algorithm version is 2
2022-03-21 23:45:14,395 INFO  [pool-24-thread-1] output.FileOutputCommitter (FileOutputCommitter.java:<init>(156)) - FileOutputCommitter skip cleanup _temporary folders under output directory:false, ignore cleanup failures: false
2022-03-21 23:45:14,395 INFO  [pool-24-thread-1] mapred.Task (Task.java:initialize(626)) -  Using ResourceCalculatorProcessTree : [ ]
2022-03-21 23:45:14,395 INFO  [pool-24-thread-1] mapred.ReduceTask (ReduceTask.java:run(363)) - Using ShuffleConsumerPlugin: org.apache.hadoop.mapreduce.task.reduce.Shuffle@7782aeca
2022-03-21 23:45:14,395 WARN  [pool-24-thread-1] impl.MetricsSystemImpl (MetricsSystemImpl.java:init(151)) - JobTracker metrics system already initialized!
2022-03-21 23:45:14,396 INFO  [pool-24-thread-1] reduce.MergeManagerImpl (MergeManagerImpl.java:<init>(198)) - The max number of bytes for a single in-memory shuffle cannot be larger than Integer.MAX_VALUE. Setting it to Integer.MAX_VALUE
2022-03-21 23:45:14,397 INFO  [pool-24-thread-1] reduce.MergeManagerImpl (MergeManagerImpl.java:<init>(208)) - MergerManager: memoryLimit=22525089792, maxSingleShuffleLimit=2147483647, mergeThreshold=14866560000, ioSortFactor=10, memToMemMergeOutputsThreshold=10
2022-03-21 23:45:14,397 INFO  [EventFetcher for fetching Map Completion Events] reduce.EventFetcher (EventFetcher.java:run(61)) - attempt_local1878502458_0007_r_000000_0 Thread started: EventFetcher for fetching Map Completion Events
2022-03-21 23:45:14,398 INFO  [localfetcher#7] reduce.LocalFetcher (LocalFetcher.java:copyMapOutput(145)) - localfetcher#7 about to shuffle output of map attempt_local1878502458_0007_m_000000_0 decomp: 62 len: 66 to MEMORY
2022-03-21 23:45:14,398 INFO  [localfetcher#7] reduce.InMemoryMapOutput (InMemoryMapOutput.java:doShuffle(94)) - Read 62 bytes from map-output for attempt_local1878502458_0007_m_000000_0
2022-03-21 23:45:14,398 INFO  [localfetcher#7] reduce.MergeManagerImpl (MergeManagerImpl.java:closeInMemoryFile(323)) - closeInMemoryFile -> map-output of size: 62, inMemoryMapOutputs.size() -> 1, commitMemory -> 0, usedMemory ->62
2022-03-21 23:45:14,399 INFO  [EventFetcher for fetching Map Completion Events] reduce.EventFetcher (EventFetcher.java:run(76)) - EventFetcher is interrupted.. Returning
2022-03-21 23:45:14,399 INFO  [pool-24-thread-1] mapred.LocalJobRunner (LocalJobRunner.java:statusUpdate(634)) - 1 / 1 copied.
2022-03-21 23:45:14,400 INFO  [pool-24-thread-1] reduce.MergeManagerImpl (MergeManagerImpl.java:finalMerge(695)) - finalMerge called with 1 in-memory map-outputs and 0 on-disk map-outputs
2022-03-21 23:45:14,400 INFO  [pool-24-thread-1] mapred.Merger (Merger.java:merge(606)) - Merging 1 sorted segments
2022-03-21 23:45:14,400 INFO  [pool-24-thread-1] mapred.Merger (Merger.java:merge(705)) - Down to the last merge-pass, with 1 segments left of total size: 56 bytes
2022-03-21 23:45:14,401 INFO  [pool-24-thread-1] reduce.MergeManagerImpl (MergeManagerImpl.java:finalMerge(762)) - Merged 1 segments, 62 bytes to disk to satisfy reduce memory limit
2022-03-21 23:45:14,401 INFO  [pool-24-thread-1] reduce.MergeManagerImpl (MergeManagerImpl.java:finalMerge(792)) - Merging 1 files, 66 bytes from disk
2022-03-21 23:45:14,401 INFO  [pool-24-thread-1] reduce.MergeManagerImpl (MergeManagerImpl.java:finalMerge(807)) - Merging 0 segments, 0 bytes from memory into reduce
2022-03-21 23:45:14,401 INFO  [pool-24-thread-1] mapred.Merger (Merger.java:merge(606)) - Merging 1 sorted segments
2022-03-21 23:45:14,401 INFO  [pool-24-thread-1] mapred.Merger (Merger.java:merge(705)) - Down to the last merge-pass, with 1 segments left of total size: 56 bytes
2022-03-21 23:45:14,401 INFO  [pool-24-thread-1] mapred.LocalJobRunner (LocalJobRunner.java:statusUpdate(634)) - 1 / 1 copied.
2022-03-21 23:45:14,492 INFO  [pool-24-thread-1] mapred.Task (Task.java:done(1244)) - Task:attempt_local1878502458_0007_r_000000_0 is done. And is in the process of committing
2022-03-21 23:45:14,493 INFO  [pool-24-thread-1] mapred.LocalJobRunner (LocalJobRunner.java:statusUpdate(634)) - 1 / 1 copied.
2022-03-21 23:45:14,493 INFO  [pool-24-thread-1] mapred.Task (Task.java:commit(1421)) - Task attempt_local1878502458_0007_r_000000_0 is allowed to commit now
2022-03-21 23:45:14,503 INFO  [pool-24-thread-1] output.FileOutputCommitter (FileOutputCommitter.java:commitTask(606)) - Saved output of task 'attempt_local1878502458_0007_r_000000_0' to file:/home/ard5625/project3/output
2022-03-21 23:45:14,503 INFO  [pool-24-thread-1] mapred.LocalJobRunner (LocalJobRunner.java:statusUpdate(634)) - reduce > reduce
2022-03-21 23:45:14,503 INFO  [pool-24-thread-1] mapred.Task (Task.java:sendDone(1380)) - Task 'attempt_local1878502458_0007_r_000000_0' done.
2022-03-21 23:45:14,504 INFO  [pool-24-thread-1] mapred.Task (Task.java:done(1276)) - Final Counters for attempt_local1878502458_0007_r_000000_0: Counters: 24
	File System Counters
		FILE: Number of bytes read=56540
		FILE: Number of bytes written=3855701
		FILE: Number of read operations=0
		FILE: Number of large read operations=0
		FILE: Number of write operations=0
	Map-Reduce Framework
		Combine input records=0
		Combine output records=0
		Reduce input groups=6
		Reduce shuffle bytes=66
		Reduce input records=6
		Reduce output records=6
		Spilled Records=6
		Shuffled Maps =1
		Failed Shuffles=0
		Merged Map outputs=1
		GC time elapsed (ms)=0
		Total committed heap usage (bytes)=2147483648
	Shuffle Errors
		BAD_ID=0
		CONNECTION=0
		IO_ERROR=0
		WRONG_LENGTH=0
		WRONG_MAP=0
		WRONG_REDUCE=0
	File Output Format Counters 
		Bytes Written=36
2022-03-21 23:45:14,504 INFO  [pool-24-thread-1] mapred.LocalJobRunner (LocalJobRunner.java:run(353)) - Finishing task: attempt_local1878502458_0007_r_000000_0
2022-03-21 23:45:14,504 INFO  [Thread-48] mapred.LocalJobRunner (LocalJobRunner.java:runTasks(486)) - reduce task executor complete.
2022-03-21 23:45:15,298 INFO  [main] mapreduce.Job (Job.java:monitorAndPrintJob(1635)) - Job job_local1878502458_0007 running in uber mode : false
2022-03-21 23:45:15,298 INFO  [main] mapreduce.Job (Job.java:monitorAndPrintJob(1642)) -  map 100% reduce 100%
2022-03-21 23:45:15,298 INFO  [main] mapreduce.Job (Job.java:monitorAndPrintJob(1653)) - Job job_local1878502458_0007 completed successfully
2022-03-21 23:45:15,299 INFO  [main] mapreduce.Job (Job.java:monitorAndPrintJob(1660)) - Counters: 30
	File System Counters
		FILE: Number of bytes read=112916
		FILE: Number of bytes written=7711300
		FILE: Number of read operations=0
		FILE: Number of large read operations=0
		FILE: Number of write operations=0
	Map-Reduce Framework
		Map input records=7
		Map output records=6
		Map output bytes=48
		Map output materialized bytes=66
		Input split bytes=119
		Combine input records=0
		Combine output records=0
		Reduce input groups=6
		Reduce shuffle bytes=66
		Reduce input records=6
		Reduce output records=6
		Spilled Records=12
		Shuffled Maps =1
		Failed Shuffles=0
		Merged Map outputs=1
		GC time elapsed (ms)=0
		Total committed heap usage (bytes)=4294967296
	Shuffle Errors
		BAD_ID=0
		CONNECTION=0
		IO_ERROR=0
		WRONG_LENGTH=0
		WRONG_MAP=0
		WRONG_REDUCE=0
	File Input Format Counters 
		Bytes Read=261
	File Output Format Counters 
		Bytes Written=36
